Log file open, 02/26/20 17:44:53
LogWindows: Failed to load 'aqProf.dll' (GetLastError=126)
LogWindows: File 'aqProf.dll' does not exist
LogWindows: Failed to load 'VtuneApi.dll' (GetLastError=126)
LogWindows: File 'VtuneApi.dll' does not exist
LogWindows: Failed to load 'VtuneApi32e.dll' (GetLastError=126)
LogWindows: File 'VtuneApi32e.dll' does not exist
LogConsoleResponse: Display: Failed to find resolution value strings in scalability ini. Falling back to default.
LogInit: Display: Running engine for game: game3D
LogPakFile: Registered encryption key '00000000000000000000000000000000': 0 pak files mounted, 0 remain pending
LogPlatformFile: Not using cached read wrapper
LogTaskGraph: Started task graph with 5 named threads and 23 total threads with 3 sets of task threads.
LogStats: Stats thread started at 0.338272
LogD3D11RHI: Loaded GFSDK_Aftermath_Lib.x64.dll
LogICUInternationalization: ICU TimeZone Detection - Raw Offset: -8:00, Platform Override: ''
LogPluginManager: Mounting plugin Paper2D
LogPluginManager: Mounting plugin AISupport
LogPluginManager: Mounting plugin LightPropagationVolume
LogPluginManager: Mounting plugin ActorLayerUtilities
LogPluginManager: Mounting plugin AnimationSharing
LogPluginManager: Mounting plugin CLionSourceCodeAccess
LogPluginManager: Mounting plugin CodeLiteSourceCodeAccess
LogPluginManager: Mounting plugin GitSourceControl
LogPluginManager: Mounting plugin KDevelopSourceCodeAccess
LogPluginManager: Mounting plugin NullSourceCodeAccess
LogPluginManager: Mounting plugin PerforceSourceControl
LogPluginManager: Mounting plugin SubversionSourceControl
LogPluginManager: Mounting plugin UObjectPlugin
LogPluginManager: Mounting plugin VisualStudioCodeSourceCodeAccess
LogPluginManager: Mounting plugin VisualStudioSourceCodeAccess
LogPluginManager: Mounting plugin XCodeSourceCodeAccess
LogPluginManager: Mounting plugin AssetManagerEditor
LogPluginManager: Mounting plugin CryptoKeys
LogPluginManager: Mounting plugin DataValidation
LogPluginManager: Mounting plugin FacialAnimation
LogPluginManager: Mounting plugin GameplayTagsEditor
LogPluginManager: Mounting plugin MacGraphicsSwitching
LogPluginManager: Mounting plugin MaterialAnalyzer
LogPluginManager: Mounting plugin MobileLauncherProfileWizard
LogPluginManager: Mounting plugin PluginBrowser
LogPluginManager: Mounting plugin SpeedTreeImporter
LogPluginManager: Mounting plugin DatasmithContent
LogPluginManager: Mounting plugin VariantManagerContent
LogPluginManager: Mounting plugin AlembicImporter
LogPluginManager: Mounting plugin AppleImageUtils
LogPluginManager: Mounting plugin AppleVision
LogPluginManager: Mounting plugin BackChannel
LogPluginManager: Mounting plugin CharacterAI
LogPluginManager: Mounting plugin GeometryCache
LogPluginManager: Mounting plugin HTML5Networking
LogPluginManager: Mounting plugin ProxyLODPlugin
LogPluginManager: Mounting plugin SkeletalReduction
LogPluginManager: Mounting plugin MagicLeap
LogPluginManager: Mounting plugin MagicLeapMedia
LogPluginManager: Mounting plugin AndroidMedia
LogPluginManager: Mounting plugin AvfMedia
LogPluginManager: Mounting plugin ImgMedia
LogPluginManager: Mounting plugin LinearTimecode
LogPluginManager: Mounting plugin MediaCompositing
LogPluginManager: Mounting plugin MediaPlayerEditor
LogPluginManager: Mounting plugin WebMMedia
LogPluginManager: Mounting plugin WmfMedia
LogPluginManager: Mounting plugin TcpMessaging
LogPluginManager: Mounting plugin UdpMessaging
LogPluginManager: Mounting plugin ActorSequence
LogPluginManager: Mounting plugin LevelSequenceEditor
LogPluginManager: Mounting plugin MatineeToLevelSequence
LogPluginManager: Mounting plugin NetcodeUnitTest
LogPluginManager: Mounting plugin NUTUnrealEngine4
LogPluginManager: Mounting plugin OnlineSubsystemGooglePlay
LogPluginManager: Mounting plugin OnlineSubsystemIOS
LogPluginManager: Mounting plugin OnlineSubsystem
LogPluginManager: Mounting plugin OnlineSubsystemNull
LogPluginManager: Mounting plugin OnlineSubsystemUtils
LogPluginManager: Mounting plugin LauncherChunkInstaller
LogPluginManager: Mounting plugin AndroidDeviceProfileSelector
LogPluginManager: Mounting plugin AndroidMoviePlayer
LogPluginManager: Mounting plugin AndroidPermission
LogPluginManager: Mounting plugin AppleMoviePlayer
LogPluginManager: Mounting plugin ArchVisCharacter
LogPluginManager: Mounting plugin AudioCapture
LogPluginManager: Mounting plugin CableComponent
LogPluginManager: Mounting plugin CustomMeshComponent
LogPluginManager: Mounting plugin EditableMesh
LogPluginManager: Mounting plugin ExampleDeviceProfileSelector
LogPluginManager: Mounting plugin Firebase
LogPluginManager: Mounting plugin GoogleCloudMessaging
LogPluginManager: Mounting plugin IOSDeviceProfileSelector
LogPluginManager: Mounting plugin LinuxDeviceProfileSelector
LogPluginManager: Mounting plugin LocationServicesBPLibrary
LogPluginManager: Mounting plugin MobilePatchingUtils
LogPluginManager: Mounting plugin OculusVR
LogPluginManager: Mounting plugin PhysXVehicles
LogPluginManager: Mounting plugin ProceduralMeshComponent
LogPluginManager: Mounting plugin RuntimePhysXCooking
LogPluginManager: Mounting plugin SignificanceManager
LogPluginManager: Mounting plugin SteamVR
LogPluginManager: Mounting plugin WebMMoviePlayer
LogPluginManager: Mounting plugin WindowsMoviePlayer
LogInit: Using libcurl 7.55.1-DEV
LogInit:  - built for x86_64-pc-win32
LogInit:  - supports SSL with OpenSSL/1.1.1
LogInit:  - supports HTTP deflate (compression) using libz 1.2.8
LogInit:  - other features:
LogInit:      CURL_VERSION_SSL
LogInit:      CURL_VERSION_LIBZ
LogInit:      CURL_VERSION_IPV6
LogInit:      CURL_VERSION_ASYNCHDNS
LogInit:      CURL_VERSION_LARGEFILE
LogInit:      CURL_VERSION_IDN
LogInit:  CurlRequestOptions (configurable via config and command line):
LogInit:  - bVerifyPeer = true  - Libcurl will verify peer certificate
LogInit:  - bUseHttpProxy = false  - Libcurl will NOT use HTTP proxy
LogInit:  - bDontReuseConnections = false  - Libcurl will reuse connections
LogInit:  - MaxHostConnections = 16  - Libcurl will limit the number of connections to a host
LogInit:  - LocalHostAddr = Default
LogInit:  - BufferSize = 65536
LogInit: WinSock: version 1.1 (2.2), MaxSocks=32767, MaxUdp=65467
LogInit: Build: ++UE4+Release-4.22-CL-7053642
LogInit: Engine Version: 4.22.3-7053642+++UE4+Release-4.22
LogInit: Compatible Engine Version: 4.22.0-5660361+++UE4+Release-4.22
LogInit: Net CL: 5660361
LogInit: OS: Windows 10 (Release 1903) (), CPU: Intel(R) Core(TM) i7-7700HQ CPU @ 2.80GHz, GPU: Intel(R) HD Graphics 630
LogInit: Compiled (64-bit): Jun 18 2019 03:09:11
LogInit: Compiled with Visual C++: 19.16.27025.01
LogInit: Build Configuration: Development
LogInit: Branch Name: ++UE4+Release-4.22
LogInit: Command Line: 
LogInit: Base Directory: C:/Program Files/Epic Games/UE_4.22/Engine/Binaries/Win64/
LogInit: Installed Engine Build: 1
LogDevObjectVersion: Number of dev versions registered: 23
LogDevObjectVersion:   Dev-Blueprints (B0D832E4-1F89-4F0D-ACCF-7EB736FD4AA2): 10
LogDevObjectVersion:   Dev-Build (E1C64328-A22C-4D53-A36C-8E866417BD8C): 0
LogDevObjectVersion:   Dev-Core (375EC13C-06E4-48FB-B500-84F0262A717E): 3
LogDevObjectVersion:   Dev-Editor (E4B068ED-F494-42E9-A231-DA0B2E46BB41): 30
LogDevObjectVersion:   Dev-Framework (CFFC743F-43B0-4480-9391-14DF171D2073): 35
LogDevObjectVersion:   Dev-Mobile (B02B49B5-BB20-44E9-A304-32B752E40360): 2
LogDevObjectVersion:   Dev-Networking (A4E4105C-59A1-49B5-A7C5-40C4547EDFEE): 0
LogDevObjectVersion:   Dev-Online (39C831C9-5AE6-47DC-9A44-9C173E1C8E7C): 0
LogDevObjectVersion:   Dev-Physics (78F01B33-EBEA-4F98-B9B4-84EACCB95AA2): 0
LogDevObjectVersion:   Dev-Platform (6631380F-2D4D-43E0-8009-CF276956A95A): 0
LogDevObjectVersion:   Dev-Rendering (12F88B9F-8875-4AFC-A67C-D90C383ABD29): 28
LogDevObjectVersion:   Dev-Sequencer (7B5AE74C-D270-4C10-A958-57980B212A5A): 11
LogDevObjectVersion:   Dev-VR (D7296918-1DD6-4BDD-9DE2-64A83CC13884): 2
LogDevObjectVersion:   Dev-LoadTimes (C2A15278-BFE7-4AFE-6C17-90FF531DF755): 1
LogDevObjectVersion:   Private-Geometry (6EACA3D4-40EC-4CC1-B786-8BED09428FC5): 3
LogDevObjectVersion:   Dev-AnimPhys (29E575DD-E0A3-4627-9D10-D276232CDCEA): 17
LogDevObjectVersion:   Dev-Anim (AF43A65D-7FD3-4947-9873-3E8ED9C1BB05): 2
LogDevObjectVersion:   Dev-ReflectionCapture (6B266CEC-1EC7-4B8F-A30B-E4D90942FC07): 1
LogDevObjectVersion:   Dev-Automation (0DF73D61-A23F-47EA-B727-89E90C41499A): 1
LogDevObjectVersion:   FortniteMain (601D1886-AC64-4F84-AA16-D3DE0DEAC7D6): 25
LogDevObjectVersion:   Dev-Enterprise (9DFFBCD6-494F-0158-E221-12823C92A888): 6
LogDevObjectVersion:   Dev-Niagara (F2AED0AC-9AFE-416F-8664-AA7FFA26D6FC): 1
LogDevObjectVersion:   Dev-Destruction (174F1F0B-B4C6-45A5-B13F-2EE8D0FB917D): 2
LogInit: Presizing for max 16777216 objects, including 0 objects not considered by GC, pre-allocating 0 bytes for permanent pool.
LogInit: Object subsystem initialized
LogConfig: Setting CVar [[con.DebugEarlyDefault:1]]
LogConfig: Setting CVar [[r.setres:1280x720]]
[2020.02.27-01.44.54:175][  0]LogConfig: Setting CVar [[r.VSync:0]]
[2020.02.27-01.44.54:175][  0]LogConfig: Setting CVar [[r.RHICmdBypass:0]]
[2020.02.27-01.44.54:175][  0]LogConfig: Applying CVar settings from Section [/Script/Engine.RendererSettings] File [C:/Users/matth/Documents/GitHub/CS447_3DGame/gameDesignProject2/Saved/Config/Windows/Engine.ini]
[2020.02.27-01.44.54:175][  0]LogConfig: Setting CVar [[r.GPUCrashDebugging:0]]
[2020.02.27-01.44.54:175][  0]LogConfig: Setting CVar [[r.MobileHDR:1]]
[2020.02.27-01.44.54:175][  0]LogConfig: Setting CVar [[r.Mobile.DisableVertexFog:1]]
[2020.02.27-01.44.54:175][  0]LogConfig: Setting CVar [[r.Shadow.CSM.MaxMobileCascades:2]]
[2020.02.27-01.44.54:175][  0]LogConfig: Setting CVar [[r.MobileMSAA:1]]
[2020.02.27-01.44.54:175][  0]LogConfig: Setting CVar [[r.Mobile.UseLegacyShadingModel:0]]
[2020.02.27-01.44.54:175][  0]LogConfig: Setting CVar [[r.Mobile.UseHWsRGBEncoding:0]]
[2020.02.27-01.44.54:175][  0]LogConfig: Setting CVar [[r.Mobile.AllowDitheredLODTransition:0]]
[2020.02.27-01.44.54:175][  0]LogConfig: Setting CVar [[r.Mobile.AllowSoftwareOcclusion:0]]
[2020.02.27-01.44.54:175][  0]LogConfig: Setting CVar [[r.DiscardUnusedQuality:0]]
[2020.02.27-01.44.54:175][  0]LogConfig: Setting CVar [[r.AllowOcclusionQueries:1]]
[2020.02.27-01.44.54:175][  0]LogConfig: Setting CVar [[r.MinScreenRadiusForLights:0.030000]]
[2020.02.27-01.44.54:176][  0]LogConfig: Setting CVar [[r.MinScreenRadiusForDepthPrepass:0.030000]]
[2020.02.27-01.44.54:176][  0]LogConfig: Setting CVar [[r.MinScreenRadiusForCSMDepth:0.010000]]
[2020.02.27-01.44.54:176][  0]LogConfig: Setting CVar [[r.PrecomputedVisibilityWarning:0]]
[2020.02.27-01.44.54:176][  0]LogConfig: Setting CVar [[r.TextureStreaming:1]]
[2020.02.27-01.44.54:176][  0]LogConfig: Setting CVar [[Compat.UseDXT5NormalMaps:0]]
[2020.02.27-01.44.54:176][  0]LogConfig: Setting CVar [[r.ClearCoatNormal:0]]
[2020.02.27-01.44.54:176][  0]LogConfig: Setting CVar [[r.ReflectionCaptureResolution:128]]
[2020.02.27-01.44.54:176][  0]LogConfig: Setting CVar [[r.ReflectionEnvironmentLightmapMixBasedOnRoughness:1]]
[2020.02.27-01.44.54:176][  0]LogConfig: Setting CVar [[r.ForwardShading:0]]
[2020.02.27-01.44.54:176][  0]LogConfig: Setting CVar [[r.VertexFoggingForOpaque:1]]
[2020.02.27-01.44.54:176][  0]LogConfig: Setting CVar [[r.AllowStaticLighting:1]]
[2020.02.27-01.44.54:176][  0]LogConfig: Setting CVar [[r.NormalMapsForStaticLighting:0]]
[2020.02.27-01.44.54:176][  0]LogConfig: Setting CVar [[r.GenerateMeshDistanceFields:0]]
[2020.02.27-01.44.54:176][  0]LogConfig: Setting CVar [[r.DistanceFieldBuild.EightBit:0]]
[2020.02.27-01.44.54:176][  0]LogConfig: Setting CVar [[r.GenerateLandscapeGIData:0]]
[2020.02.27-01.44.54:176][  0]LogConfig: Setting CVar [[r.DistanceFieldBuild.Compress:0]]
[2020.02.27-01.44.54:177][  0]LogConfig: Setting CVar [[r.TessellationAdaptivePixelsPerTriangle:48.000000]]
[2020.02.27-01.44.54:177][  0]LogConfig: Setting CVar [[r.SeparateTranslucency:1]]
[2020.02.27-01.44.54:177][  0]LogConfig: Setting CVar [[r.TranslucentSortPolicy:0]]
[2020.02.27-01.44.54:177][  0]LogConfig: Setting CVar [[r.CustomDepth:1]]
[2020.02.27-01.44.54:177][  0]LogConfig: Setting CVar [[r.CustomDepthTemporalAAJitter:1]]
[2020.02.27-01.44.54:177][  0]LogConfig: Setting CVar [[r.PostProcessing.PropagateAlpha:0]]
[2020.02.27-01.44.54:177][  0]LogConfig: Setting CVar [[r.DOF.Algorithm:1]]
[2020.02.27-01.44.54:177][  0]LogConfig: Setting CVar [[r.DefaultFeature.Bloom:1]]
[2020.02.27-01.44.54:177][  0]LogConfig: Setting CVar [[r.DefaultFeature.AmbientOcclusion:1]]
[2020.02.27-01.44.54:177][  0]LogConfig: Setting CVar [[r.DefaultFeature.AmbientOcclusionStaticFraction:1]]
[2020.02.27-01.44.54:177][  0]LogConfig: Setting CVar [[r.DefaultFeature.AutoExposure:0]]
[2020.02.27-01.44.54:177][  0]LogConfig: Setting CVar [[r.DefaultFeature.AutoExposure.Method:0]]
[2020.02.27-01.44.54:177][  0]LogConfig: Setting CVar [[r.DefaultFeature.AutoExposure.ExtendDefaultLuminanceRange:0]]
[2020.02.27-01.44.54:177][  0]LogConfig: Setting CVar [[r.UsePreExposure:0]]
[2020.02.27-01.44.54:177][  0]LogConfig: Setting CVar [[r.DefaultFeature.MotionBlur:0]]
[2020.02.27-01.44.54:178][  0]LogConfig: Setting CVar [[r.DefaultFeature.LensFlare:0]]
[2020.02.27-01.44.54:178][  0]LogConfig: Setting CVar [[r.TemporalAA.Upsampling:0]]
[2020.02.27-01.44.54:178][  0]LogConfig: Setting CVar [[r.DefaultFeature.AntiAliasing:0]]
[2020.02.27-01.44.54:178][  0]LogConfig: Setting CVar [[r.DefaultFeature.LightUnits:1]]
[2020.02.27-01.44.54:178][  0]LogConfig: Setting CVar [[r.DefaultBackBufferPixelFormat:4]]
[2020.02.27-01.44.54:178][  0]LogConfig: Setting CVar [[r.Shadow.UnbuiltPreviewInGame:1]]
[2020.02.27-01.44.54:178][  0]LogConfig: Setting CVar [[r.StencilForLODDither:0]]
[2020.02.27-01.44.54:178][  0]LogConfig: Setting CVar [[r.EarlyZPass:3]]
[2020.02.27-01.44.54:178][  0]LogConfig: Setting CVar [[r.EarlyZPassOnlyMaterialMasking:0]]
[2020.02.27-01.44.54:178][  0]LogConfig: Setting CVar [[r.DBuffer:1]]
[2020.02.27-01.44.54:178][  0]LogConfig: Setting CVar [[r.ClearSceneMethod:1]]
[2020.02.27-01.44.54:178][  0]LogConfig: Setting CVar [[r.BasePassOutputsVelocity:0]]
[2020.02.27-01.44.54:178][  0]LogConfig: Setting CVar [[r.SelectiveBasePassOutputs:0]]
[2020.02.27-01.44.54:179][  0]LogConfig: Setting CVar [[fx.GPUSimulationTextureSizeX:1024]]
[2020.02.27-01.44.54:179][  0]LogConfig: Setting CVar [[fx.GPUSimulationTextureSizeY:1024]]
[2020.02.27-01.44.54:179][  0]LogConfig: Setting CVar [[r.AllowGlobalClipPlane:0]]
[2020.02.27-01.44.54:179][  0]LogConfig: Setting CVar [[r.GBufferFormat:1]]
[2020.02.27-01.44.54:179][  0]LogConfig: Setting CVar [[r.MorphTarget.Mode:1]]
[2020.02.27-01.44.54:179][  0]LogConfig: Setting CVar [[vr.InstancedStereo:0]]
[2020.02.27-01.44.54:179][  0]LogConfig: Setting CVar [[vr.MultiView:0]]
[2020.02.27-01.44.54:179][  0]LogConfig: Setting CVar [[vr.MobileMultiView:0]]
[2020.02.27-01.44.54:179][  0]LogConfig: Setting CVar [[vr.MobileMultiView.Direct:0]]
[2020.02.27-01.44.54:179][  0]LogConfig: Setting CVar [[vr.RoundRobinOcclusion:0]]
[2020.02.27-01.44.54:179][  0]LogConfig: Setting CVar [[vr.ODSCapture:0]]
[2020.02.27-01.44.54:179][  0]LogConfig: Setting CVar [[r.WireframeCullThreshold:5.000000]]
[2020.02.27-01.44.54:180][  0]LogConfig: Setting CVar [[r.RayTracing:0]]
[2020.02.27-01.44.54:180][  0]LogConfig: Setting CVar [[r.SupportStationarySkylight:1]]
[2020.02.27-01.44.54:180][  0]LogConfig: Setting CVar [[r.SupportLowQualityLightmaps:1]]
[2020.02.27-01.44.54:180][  0]LogConfig: Setting CVar [[r.SupportPointLightWholeSceneShadows:1]]
[2020.02.27-01.44.54:180][  0]LogConfig: Setting CVar [[r.SupportAtmosphericFog:1]]
[2020.02.27-01.44.54:180][  0]LogConfig: Setting CVar [[r.SkinCache.CompileShaders:0]]
[2020.02.27-01.44.54:180][  0]LogConfig: Setting CVar [[r.Mobile.EnableStaticAndCSMShadowReceivers:1]]
[2020.02.27-01.44.54:180][  0]LogConfig: Setting CVar [[r.Mobile.EnableMovableLightCSMShaderCulling:1]]
[2020.02.27-01.44.54:180][  0]LogConfig: Setting CVar [[r.Mobile.AllowDistanceFieldShadows:1]]
[2020.02.27-01.44.54:180][  0]LogConfig: Setting CVar [[r.Mobile.AllowMovableDirectionalLights:1]]
[2020.02.27-01.44.54:180][  0]LogConfig: Setting CVar [[r.MobileNumDynamicPointLights:4]]
[2020.02.27-01.44.54:180][  0]LogConfig: Setting CVar [[r.MobileDynamicPointLightsUseStaticBranch:1]]
[2020.02.27-01.44.54:180][  0]LogConfig: Setting CVar [[r.Mobile.EnableMovableSpotlights:0]]
[2020.02.27-01.44.54:180][  0]LogConfig: Setting CVar [[r.SkinCache.SceneMemoryLimitInMB:128.000000]]
[2020.02.27-01.44.54:180][  0]LogConfig: Setting CVar [[r.GPUSkin.Limit2BoneInfluences:0]]
[2020.02.27-01.44.54:180][  0]LogConfig: Setting CVar [[r.SupportDepthOnlyIndexBuffers:1]]
[2020.02.27-01.44.54:180][  0]LogConfig: Setting CVar [[r.SupportReversedIndexBuffers:1]]
[2020.02.27-01.44.54:180][  0]LogConfig: Setting CVar [[r.SupportMaterialLayers:0]]
[2020.02.27-01.44.54:180][  0]LogConfig: Applying CVar settings from Section [/Script/Engine.RendererOverrideSettings] File [C:/Users/matth/Documents/GitHub/CS447_3DGame/gameDesignProject2/Saved/Config/Windows/Engine.ini]
[2020.02.27-01.44.54:181][  0]LogConfig: Applying CVar settings from Section [/Script/Engine.StreamingSettings] File [C:/Users/matth/Documents/GitHub/CS447_3DGame/gameDesignProject2/Saved/Config/Windows/Engine.ini]
[2020.02.27-01.44.54:181][  0]LogConfig: Setting CVar [[s.MinBulkDataSizeForAsyncLoading:131072]]
[2020.02.27-01.44.54:181][  0]LogConfig: Setting CVar [[s.AsyncLoadingThreadEnabled:0]]
[2020.02.27-01.44.54:181][  0]LogConfig: Setting CVar [[s.EventDrivenLoaderEnabled:1]]
[2020.02.27-01.44.54:181][  0]LogConfig: Setting CVar [[s.WarnIfTimeLimitExceeded:0]]
[2020.02.27-01.44.54:181][  0]LogConfig: Setting CVar [[s.TimeLimitExceededMultiplier:1.5]]
[2020.02.27-01.44.54:181][  0]LogConfig: Setting CVar [[s.TimeLimitExceededMinTime:0.005]]
[2020.02.27-01.44.54:181][  0]LogConfig: Setting CVar [[s.UseBackgroundLevelStreaming:1]]
[2020.02.27-01.44.54:181][  0]LogConfig: Setting CVar [[s.PriorityAsyncLoadingExtraTime:15.0]]
[2020.02.27-01.44.54:181][  0]LogConfig: Setting CVar [[s.LevelStreamingActorsUpdateTimeLimit:5.0]]
[2020.02.27-01.44.54:181][  0]LogConfig: Setting CVar [[s.PriorityLevelStreamingActorsUpdateExtraTime:5.0]]
[2020.02.27-01.44.54:181][  0]LogConfig: Setting CVar [[s.LevelStreamingComponentsRegistrationGranularity:10]]
[2020.02.27-01.44.54:181][  0]LogConfig: Setting CVar [[s.UnregisterComponentsTimeLimit:1.0]]
[2020.02.27-01.44.54:181][  0]LogConfig: Setting CVar [[s.LevelStreamingComponentsUnregistrationGranularity:5]]
[2020.02.27-01.44.54:181][  0]LogConfig: Applying CVar settings from Section [/Script/Engine.GarbageCollectionSettings] File [C:/Users/matth/Documents/GitHub/CS447_3DGame/gameDesignProject2/Saved/Config/Windows/Engine.ini]
[2020.02.27-01.44.54:182][  0]LogConfig: Setting CVar [[gc.MaxObjectsNotConsideredByGC:1]]
[2020.02.27-01.44.54:182][  0]LogConfig: Setting CVar [[gc.SizeOfPermanentObjectPool:0]]
[2020.02.27-01.44.54:182][  0]LogConfig: Setting CVar [[gc.FlushStreamingOnGC:0]]
[2020.02.27-01.44.54:182][  0]LogConfig: Setting CVar [[gc.NumRetriesBeforeForcingGC:10]]
[2020.02.27-01.44.54:182][  0]LogConfig: Setting CVar [[gc.AllowParallelGC:1]]
[2020.02.27-01.44.54:182][  0]LogConfig: Setting CVar [[gc.TimeBetweenPurgingPendingKillObjects:61.1]]
[2020.02.27-01.44.54:182][  0]LogConfig: Setting CVar [[gc.MaxObjectsInEditor:16777216]]
[2020.02.27-01.44.54:182][  0]LogConfig: Setting CVar [[gc.IncrementalBeginDestroyEnabled:1]]
[2020.02.27-01.44.54:182][  0]LogConfig: Setting CVar [[gc.CreateGCClusters:1]]
[2020.02.27-01.44.54:182][  0]LogConfig: Setting CVar [[gc.MinGCClusterSize:5]]
[2020.02.27-01.44.54:182][  0]LogConfig: Setting CVar [[gc.ActorClusteringEnabled:0]]
[2020.02.27-01.44.54:182][  0]LogConfig: Setting CVar [[gc.BlueprintClusteringEnabled:0]]
[2020.02.27-01.44.54:182][  0]LogConfig: Setting CVar [[gc.UseDisregardForGCOnDedicatedServers:0]]
[2020.02.27-01.44.54:182][  0]LogConfig: Applying CVar settings from Section [/Script/Engine.NetworkSettings] File [C:/Users/matth/Documents/GitHub/CS447_3DGame/gameDesignProject2/Saved/Config/Windows/Engine.ini]
[2020.02.27-01.44.54:182][  0]LogConfig: Applying CVar settings from Section [/Script/UnrealEd.CookerSettings] File [C:/Users/matth/Documents/GitHub/CS447_3DGame/gameDesignProject2/Saved/Config/Windows/Engine.ini]
[2020.02.27-01.44.54:191][  0]LogConfig: Applying CVar settings from Section [ViewDistanceQuality@3] File [C:/Users/matth/Documents/GitHub/CS447_3DGame/gameDesignProject2/Saved/Config/Windows/Scalability.ini]
[2020.02.27-01.44.54:191][  0]LogConfig: Setting CVar [[r.SkeletalMeshLODBias:0]]
[2020.02.27-01.44.54:191][  0]LogConfig: Setting CVar [[r.ViewDistanceScale:1.0]]
[2020.02.27-01.44.54:191][  0]LogConfig: Applying CVar settings from Section [AntiAliasingQuality@3] File [C:/Users/matth/Documents/GitHub/CS447_3DGame/gameDesignProject2/Saved/Config/Windows/Scalability.ini]
[2020.02.27-01.44.54:191][  0]LogConfig: Setting CVar [[r.PostProcessAAQuality:4]]
[2020.02.27-01.44.54:191][  0]LogConfig: Applying CVar settings from Section [ShadowQuality@3] File [C:/Users/matth/Documents/GitHub/CS447_3DGame/gameDesignProject2/Saved/Config/Windows/Scalability.ini]
[2020.02.27-01.44.54:191][  0]LogConfig: Setting CVar [[r.LightFunctionQuality:1]]
[2020.02.27-01.44.54:191][  0]LogConfig: Setting CVar [[r.ShadowQuality:5]]
[2020.02.27-01.44.54:191][  0]LogConfig: Setting CVar [[r.Shadow.CSM.MaxCascades:10]]
[2020.02.27-01.44.54:191][  0]LogConfig: Setting CVar [[r.Shadow.MaxResolution:2048]]
[2020.02.27-01.44.54:191][  0]LogConfig: Setting CVar [[r.Shadow.MaxCSMResolution:2048]]
[2020.02.27-01.44.54:191][  0]LogConfig: Setting CVar [[r.Shadow.RadiusThreshold:0.01]]
[2020.02.27-01.44.54:191][  0]LogConfig: Setting CVar [[r.Shadow.DistanceScale:1.0]]
[2020.02.27-01.44.54:191][  0]LogConfig: Setting CVar [[r.Shadow.CSM.TransitionScale:1.0]]
[2020.02.27-01.44.54:191][  0]LogConfig: Setting CVar [[r.Shadow.PreShadowResolutionFactor:1.0]]
[2020.02.27-01.44.54:191][  0]LogConfig: Setting CVar [[r.DistanceFieldShadowing:1]]
[2020.02.27-01.44.54:191][  0]LogConfig: Setting CVar [[r.DistanceFieldAO:1]]
[2020.02.27-01.44.54:191][  0]LogConfig: Setting CVar [[r.AOQuality:2]]
[2020.02.27-01.44.54:191][  0]LogConfig: Setting CVar [[r.VolumetricFog:1]]
[2020.02.27-01.44.54:192][  0]LogConfig: Setting CVar [[r.VolumetricFog.GridPixelSize:8]]
[2020.02.27-01.44.54:192][  0]LogConfig: Setting CVar [[r.VolumetricFog.GridSizeZ:128]]
[2020.02.27-01.44.54:192][  0]LogConfig: Setting CVar [[r.VolumetricFog.HistoryMissSupersampleCount:4]]
[2020.02.27-01.44.54:192][  0]LogConfig: Setting CVar [[r.LightMaxDrawDistanceScale:1]]
[2020.02.27-01.44.54:192][  0]LogConfig: Setting CVar [[r.CapsuleShadows:1]]
[2020.02.27-01.44.54:192][  0]LogConfig: Applying CVar settings from Section [PostProcessQuality@3] File [C:/Users/matth/Documents/GitHub/CS447_3DGame/gameDesignProject2/Saved/Config/Windows/Scalability.ini]
[2020.02.27-01.44.54:192][  0]LogConfig: Setting CVar [[r.MotionBlurQuality:4]]
[2020.02.27-01.44.54:192][  0]LogConfig: Setting CVar [[r.AmbientOcclusionMipLevelFactor:0.4]]
[2020.02.27-01.44.54:192][  0]LogConfig: Setting CVar [[r.AmbientOcclusionMaxQuality:100]]
[2020.02.27-01.44.54:192][  0]LogConfig: Setting CVar [[r.AmbientOcclusionLevels:-1]]
[2020.02.27-01.44.54:192][  0]LogConfig: Setting CVar [[r.AmbientOcclusionRadiusScale:1.0]]
[2020.02.27-01.44.54:192][  0]LogConfig: Setting CVar [[r.DepthOfFieldQuality:2]]
[2020.02.27-01.44.54:192][  0]LogConfig: Setting CVar [[r.RenderTargetPoolMin:400]]
[2020.02.27-01.44.54:192][  0]LogConfig: Setting CVar [[r.LensFlareQuality:2]]
[2020.02.27-01.44.54:192][  0]LogConfig: Setting CVar [[r.SceneColorFringeQuality:1]]
[2020.02.27-01.44.54:192][  0]LogConfig: Setting CVar [[r.EyeAdaptationQuality:2]]
[2020.02.27-01.44.54:192][  0]LogConfig: Setting CVar [[r.BloomQuality:5]]
[2020.02.27-01.44.54:193][  0]LogConfig: Setting CVar [[r.FastBlurThreshold:100]]
[2020.02.27-01.44.54:193][  0]LogConfig: Setting CVar [[r.Upscale.Quality:3]]
[2020.02.27-01.44.54:193][  0]LogConfig: Setting CVar [[r.Tonemapper.GrainQuantization:1]]
[2020.02.27-01.44.54:193][  0]LogConfig: Setting CVar [[r.LightShaftQuality:1]]
[2020.02.27-01.44.54:193][  0]LogConfig: Setting CVar [[r.Filter.SizeScale:1]]
[2020.02.27-01.44.54:193][  0]LogConfig: Setting CVar [[r.Tonemapper.Quality:5]]
[2020.02.27-01.44.54:193][  0]LogConfig: Setting CVar [[r.DOF.Gather.AccumulatorQuality:1        ; higher gathering accumulator quality]]
[2020.02.27-01.44.54:193][  0]LogConfig: Setting CVar [[r.DOF.Gather.PostfilterMethod:1          ; Median3x3 postfilering method]]
[2020.02.27-01.44.54:193][  0]LogConfig: Setting CVar [[r.DOF.Gather.EnableBokehSettings:0       ; no bokeh simulation when gathering]]
[2020.02.27-01.44.54:193][  0]LogConfig: Setting CVar [[r.DOF.Gather.RingCount:4                 ; medium number of samples when gathering]]
[2020.02.27-01.44.54:193][  0]LogConfig: Setting CVar [[r.DOF.Scatter.ForegroundCompositing:1    ; additive foreground scattering]]
[2020.02.27-01.44.54:193][  0]LogConfig: Setting CVar [[r.DOF.Scatter.BackgroundCompositing:2    ; additive background scattering]]
[2020.02.27-01.44.54:193][  0]LogConfig: Setting CVar [[r.DOF.Scatter.EnableBokehSettings:1      ; bokeh simulation when scattering]]
[2020.02.27-01.44.54:193][  0]LogConfig: Setting CVar [[r.DOF.Scatter.MaxSpriteRatio:0.1         ; only a maximum of 10% of scattered bokeh]]
[2020.02.27-01.44.54:193][  0]LogConfig: Setting CVar [[r.DOF.Recombine.Quality:1                ; cheap slight out of focus]]
[2020.02.27-01.44.54:193][  0]LogConfig: Setting CVar [[r.DOF.Recombine.EnableBokehSettings:0    ; no bokeh simulation on slight out of focus]]
[2020.02.27-01.44.54:193][  0]LogConfig: Setting CVar [[r.DOF.TemporalAAQuality:1                ; more stable temporal accumulation]]
[2020.02.27-01.44.54:193][  0]LogConfig: Setting CVar [[r.DOF.Kernel.MaxForegroundRadius:0.025]]
[2020.02.27-01.44.54:193][  0]LogConfig: Setting CVar [[r.DOF.Kernel.MaxBackgroundRadius:0.025]]
[2020.02.27-01.44.54:193][  0]LogConfig: Applying CVar settings from Section [TextureQuality@3] File [C:/Users/matth/Documents/GitHub/CS447_3DGame/gameDesignProject2/Saved/Config/Windows/Scalability.ini]
[2020.02.27-01.44.54:193][  0]LogConfig: Setting CVar [[r.Streaming.MipBias:0]]
[2020.02.27-01.44.54:193][  0]LogConfig: Setting CVar [[r.Streaming.AmortizeCPUToGPUCopy:0]]
[2020.02.27-01.44.54:193][  0]LogConfig: Setting CVar [[r.Streaming.MaxNumTexturesToStreamPerFrame:0]]
[2020.02.27-01.44.54:193][  0]LogConfig: Setting CVar [[r.Streaming.Boost:1]]
[2020.02.27-01.44.54:194][  0]LogConfig: Setting CVar [[r.MaxAnisotropy:8]]
[2020.02.27-01.44.54:194][  0]LogConfig: Setting CVar [[r.Streaming.LimitPoolSizeToVRAM:0]]
[2020.02.27-01.44.54:194][  0]LogConfig: Setting CVar [[r.Streaming.PoolSize:1000]]
[2020.02.27-01.44.54:194][  0]LogConfig: Setting CVar [[r.Streaming.MaxEffectiveScreenSize:0]]
[2020.02.27-01.44.54:194][  0]LogConfig: Applying CVar settings from Section [EffectsQuality@3] File [C:/Users/matth/Documents/GitHub/CS447_3DGame/gameDesignProject2/Saved/Config/Windows/Scalability.ini]
[2020.02.27-01.44.54:194][  0]LogConfig: Setting CVar [[r.TranslucencyLightingVolumeDim:64]]
[2020.02.27-01.44.54:194][  0]LogConfig: Setting CVar [[r.RefractionQuality:2]]
[2020.02.27-01.44.54:194][  0]LogConfig: Setting CVar [[r.SSR.Quality:3]]
[2020.02.27-01.44.54:194][  0]LogConfig: Setting CVar [[r.SceneColorFormat:4]]
[2020.02.27-01.44.54:194][  0]LogConfig: Setting CVar [[r.DetailMode:2]]
[2020.02.27-01.44.54:194][  0]LogConfig: Setting CVar [[r.TranslucencyVolumeBlur:1]]
[2020.02.27-01.44.54:194][  0]LogConfig: Setting CVar [[r.MaterialQualityLevel:1 ; High quality]]
[2020.02.27-01.44.54:194][  0]LogConfig: Setting CVar [[r.SSS.Scale:1]]
[2020.02.27-01.44.54:194][  0]LogConfig: Setting CVar [[r.SSS.SampleSet:2]]
[2020.02.27-01.44.54:194][  0]LogConfig: Setting CVar [[r.SSS.Quality:1]]
[2020.02.27-01.44.54:194][  0]LogConfig: Setting CVar [[r.SSS.HalfRes:1]]
[2020.02.27-01.44.54:194][  0]LogConfig: Setting CVar [[r.EmitterSpawnRateScale:1.0]]
[2020.02.27-01.44.54:194][  0]LogConfig: Setting CVar [[r.ParticleLightQuality:2]]
[2020.02.27-01.44.54:194][  0]LogConfig: Applying CVar settings from Section [FoliageQuality@3] File [C:/Users/matth/Documents/GitHub/CS447_3DGame/gameDesignProject2/Saved/Config/Windows/Scalability.ini]
[2020.02.27-01.44.54:194][  0]LogConfig: Setting CVar [[foliage.DensityScale:1.0]]
[2020.02.27-01.44.54:194][  0]LogConfig: Setting CVar [[grass.DensityScale:1.0]]
[2020.02.27-01.44.54:195][  0]LogInit: Selected Device Profile: [Windows]
[2020.02.27-01.44.54:195][  0]LogInit: Applying CVar settings loaded from the selected device profile: [Windows]
[2020.02.27-01.44.54:261][  0]LogHAL: Display: Platform has ~ 16 GB [16995201024 / 17179869184 / 16], which maps to Larger [LargestMinGB=32, LargerMinGB=12, DefaultMinGB=8, SmallerMinGB=6, SmallestMinGB=0)
[2020.02.27-01.44.54:262][  0]LogConfig: Setting CVar [[r.Vulkan.UseRealUBs:0		; Required until we fix HLR fall-out]]
[2020.02.27-01.44.54:262][  0]LogInit: Going up to parent DeviceProfile []
[2020.02.27-01.44.54:262][  0]LogConfig: Applying CVar settings from Section [ViewDistanceQuality@3] File [C:/Users/matth/Documents/GitHub/CS447_3DGame/gameDesignProject2/Saved/Config/Windows/Scalability.ini]
[2020.02.27-01.44.54:262][  0]LogConfig: Setting CVar [[r.SkeletalMeshLODBias:0]]
[2020.02.27-01.44.54:262][  0]LogConfig: Setting CVar [[r.ViewDistanceScale:1.0]]
[2020.02.27-01.44.54:262][  0]LogConfig: Applying CVar settings from Section [AntiAliasingQuality@3] File [C:/Users/matth/Documents/GitHub/CS447_3DGame/gameDesignProject2/Saved/Config/Windows/Scalability.ini]
[2020.02.27-01.44.54:262][  0]LogConfig: Setting CVar [[r.PostProcessAAQuality:4]]
[2020.02.27-01.44.54:262][  0]LogConfig: Applying CVar settings from Section [ShadowQuality@3] File [C:/Users/matth/Documents/GitHub/CS447_3DGame/gameDesignProject2/Saved/Config/Windows/Scalability.ini]
[2020.02.27-01.44.54:262][  0]LogConfig: Setting CVar [[r.LightFunctionQuality:1]]
[2020.02.27-01.44.54:262][  0]LogConfig: Setting CVar [[r.ShadowQuality:5]]
[2020.02.27-01.44.54:262][  0]LogConfig: Setting CVar [[r.Shadow.CSM.MaxCascades:10]]
[2020.02.27-01.44.54:262][  0]LogConfig: Setting CVar [[r.Shadow.MaxResolution:2048]]
[2020.02.27-01.44.54:262][  0]LogConfig: Setting CVar [[r.Shadow.MaxCSMResolution:2048]]
[2020.02.27-01.44.54:262][  0]LogConfig: Setting CVar [[r.Shadow.RadiusThreshold:0.01]]
[2020.02.27-01.44.54:262][  0]LogConfig: Setting CVar [[r.Shadow.DistanceScale:1.0]]
[2020.02.27-01.44.54:262][  0]LogConfig: Setting CVar [[r.Shadow.CSM.TransitionScale:1.0]]
[2020.02.27-01.44.54:262][  0]LogConfig: Setting CVar [[r.Shadow.PreShadowResolutionFactor:1.0]]
[2020.02.27-01.44.54:263][  0]LogConfig: Setting CVar [[r.DistanceFieldShadowing:1]]
[2020.02.27-01.44.54:263][  0]LogConfig: Setting CVar [[r.DistanceFieldAO:1]]
[2020.02.27-01.44.54:263][  0]LogConfig: Setting CVar [[r.AOQuality:2]]
[2020.02.27-01.44.54:263][  0]LogConfig: Setting CVar [[r.VolumetricFog:1]]
[2020.02.27-01.44.54:263][  0]LogConfig: Setting CVar [[r.VolumetricFog.GridPixelSize:8]]
[2020.02.27-01.44.54:263][  0]LogConfig: Setting CVar [[r.VolumetricFog.GridSizeZ:128]]
[2020.02.27-01.44.54:263][  0]LogConfig: Setting CVar [[r.VolumetricFog.HistoryMissSupersampleCount:4]]
[2020.02.27-01.44.54:263][  0]LogConfig: Setting CVar [[r.LightMaxDrawDistanceScale:1]]
[2020.02.27-01.44.54:263][  0]LogConfig: Setting CVar [[r.CapsuleShadows:1]]
[2020.02.27-01.44.54:263][  0]LogConfig: Applying CVar settings from Section [PostProcessQuality@3] File [C:/Users/matth/Documents/GitHub/CS447_3DGame/gameDesignProject2/Saved/Config/Windows/Scalability.ini]
[2020.02.27-01.44.54:263][  0]LogConfig: Setting CVar [[r.MotionBlurQuality:4]]
[2020.02.27-01.44.54:263][  0]LogConfig: Setting CVar [[r.AmbientOcclusionMipLevelFactor:0.4]]
[2020.02.27-01.44.54:263][  0]LogConfig: Setting CVar [[r.AmbientOcclusionMaxQuality:100]]
[2020.02.27-01.44.54:263][  0]LogConfig: Setting CVar [[r.AmbientOcclusionLevels:-1]]
[2020.02.27-01.44.54:263][  0]LogConfig: Setting CVar [[r.AmbientOcclusionRadiusScale:1.0]]
[2020.02.27-01.44.54:263][  0]LogConfig: Setting CVar [[r.DepthOfFieldQuality:2]]
[2020.02.27-01.44.54:263][  0]LogConfig: Setting CVar [[r.RenderTargetPoolMin:400]]
[2020.02.27-01.44.54:263][  0]LogConfig: Setting CVar [[r.LensFlareQuality:2]]
[2020.02.27-01.44.54:263][  0]LogConfig: Setting CVar [[r.SceneColorFringeQuality:1]]
[2020.02.27-01.44.54:263][  0]LogConfig: Setting CVar [[r.EyeAdaptationQuality:2]]
[2020.02.27-01.44.54:263][  0]LogConfig: Setting CVar [[r.BloomQuality:5]]
[2020.02.27-01.44.54:263][  0]LogConfig: Setting CVar [[r.FastBlurThreshold:100]]
[2020.02.27-01.44.54:264][  0]LogConfig: Setting CVar [[r.Upscale.Quality:3]]
[2020.02.27-01.44.54:264][  0]LogConfig: Setting CVar [[r.Tonemapper.GrainQuantization:1]]
[2020.02.27-01.44.54:264][  0]LogConfig: Setting CVar [[r.LightShaftQuality:1]]
[2020.02.27-01.44.54:264][  0]LogConfig: Setting CVar [[r.Filter.SizeScale:1]]
[2020.02.27-01.44.54:264][  0]LogConfig: Setting CVar [[r.Tonemapper.Quality:5]]
[2020.02.27-01.44.54:264][  0]LogConfig: Setting CVar [[r.DOF.Gather.AccumulatorQuality:1        ; higher gathering accumulator quality]]
[2020.02.27-01.44.54:264][  0]LogConfig: Setting CVar [[r.DOF.Gather.PostfilterMethod:1          ; Median3x3 postfilering method]]
[2020.02.27-01.44.54:264][  0]LogConfig: Setting CVar [[r.DOF.Gather.EnableBokehSettings:0       ; no bokeh simulation when gathering]]
[2020.02.27-01.44.54:264][  0]LogConfig: Setting CVar [[r.DOF.Gather.RingCount:4                 ; medium number of samples when gathering]]
[2020.02.27-01.44.54:264][  0]LogConfig: Setting CVar [[r.DOF.Scatter.ForegroundCompositing:1    ; additive foreground scattering]]
[2020.02.27-01.44.54:264][  0]LogConfig: Setting CVar [[r.DOF.Scatter.BackgroundCompositing:2    ; additive background scattering]]
[2020.02.27-01.44.54:264][  0]LogConfig: Setting CVar [[r.DOF.Scatter.EnableBokehSettings:1      ; bokeh simulation when scattering]]
[2020.02.27-01.44.54:264][  0]LogConfig: Setting CVar [[r.DOF.Scatter.MaxSpriteRatio:0.1         ; only a maximum of 10% of scattered bokeh]]
[2020.02.27-01.44.54:264][  0]LogConfig: Setting CVar [[r.DOF.Recombine.Quality:1                ; cheap slight out of focus]]
[2020.02.27-01.44.54:264][  0]LogConfig: Setting CVar [[r.DOF.Recombine.EnableBokehSettings:0    ; no bokeh simulation on slight out of focus]]
[2020.02.27-01.44.54:264][  0]LogConfig: Setting CVar [[r.DOF.TemporalAAQuality:1                ; more stable temporal accumulation]]
[2020.02.27-01.44.54:264][  0]LogConfig: Setting CVar [[r.DOF.Kernel.MaxForegroundRadius:0.025]]
[2020.02.27-01.44.54:264][  0]LogConfig: Setting CVar [[r.DOF.Kernel.MaxBackgroundRadius:0.025]]
[2020.02.27-01.44.54:264][  0]LogConfig: Applying CVar settings from Section [TextureQuality@3] File [C:/Users/matth/Documents/GitHub/CS447_3DGame/gameDesignProject2/Saved/Config/Windows/Scalability.ini]
[2020.02.27-01.44.54:264][  0]LogConfig: Setting CVar [[r.Streaming.MipBias:0]]
[2020.02.27-01.44.54:264][  0]LogConfig: Setting CVar [[r.Streaming.AmortizeCPUToGPUCopy:0]]
[2020.02.27-01.44.54:265][  0]LogConfig: Setting CVar [[r.Streaming.MaxNumTexturesToStreamPerFrame:0]]
[2020.02.27-01.44.54:265][  0]LogConfig: Setting CVar [[r.Streaming.Boost:1]]
[2020.02.27-01.44.54:265][  0]LogConfig: Setting CVar [[r.MaxAnisotropy:8]]
[2020.02.27-01.44.54:265][  0]LogConfig: Setting CVar [[r.Streaming.LimitPoolSizeToVRAM:0]]
[2020.02.27-01.44.54:265][  0]LogConfig: Setting CVar [[r.Streaming.PoolSize:1000]]
[2020.02.27-01.44.54:265][  0]LogConfig: Setting CVar [[r.Streaming.MaxEffectiveScreenSize:0]]
[2020.02.27-01.44.54:265][  0]LogConfig: Applying CVar settings from Section [EffectsQuality@3] File [C:/Users/matth/Documents/GitHub/CS447_3DGame/gameDesignProject2/Saved/Config/Windows/Scalability.ini]
[2020.02.27-01.44.54:265][  0]LogConfig: Setting CVar [[r.TranslucencyLightingVolumeDim:64]]
[2020.02.27-01.44.54:265][  0]LogConfig: Setting CVar [[r.RefractionQuality:2]]
[2020.02.27-01.44.54:265][  0]LogConfig: Setting CVar [[r.SSR.Quality:3]]
[2020.02.27-01.44.54:265][  0]LogConfig: Setting CVar [[r.SceneColorFormat:4]]
[2020.02.27-01.44.54:265][  0]LogConfig: Setting CVar [[r.DetailMode:2]]
[2020.02.27-01.44.54:265][  0]LogConfig: Setting CVar [[r.TranslucencyVolumeBlur:1]]
[2020.02.27-01.44.54:265][  0]LogConfig: Setting CVar [[r.MaterialQualityLevel:1 ; High quality]]
[2020.02.27-01.44.54:265][  0]LogConfig: Setting CVar [[r.SSS.Scale:1]]
[2020.02.27-01.44.54:265][  0]LogConfig: Setting CVar [[r.SSS.SampleSet:2]]
[2020.02.27-01.44.54:265][  0]LogConfig: Setting CVar [[r.SSS.Quality:1]]
[2020.02.27-01.44.54:265][  0]LogConfig: Setting CVar [[r.SSS.HalfRes:1]]
[2020.02.27-01.44.54:265][  0]LogConfig: Setting CVar [[r.EmitterSpawnRateScale:1.0]]
[2020.02.27-01.44.54:265][  0]LogConfig: Setting CVar [[r.ParticleLightQuality:2]]
[2020.02.27-01.44.54:265][  0]LogConfig: Applying CVar settings from Section [FoliageQuality@3] File [C:/Users/matth/Documents/GitHub/CS447_3DGame/gameDesignProject2/Saved/Config/Windows/Scalability.ini]
[2020.02.27-01.44.54:266][  0]LogConfig: Setting CVar [[foliage.DensityScale:1.0]]
[2020.02.27-01.44.54:266][  0]LogConfig: Setting CVar [[grass.DensityScale:1.0]]
[2020.02.27-01.44.54:266][  0]LogConfig: Applying CVar settings from Section [Startup] File [../../../Engine/Config/ConsoleVariables.ini]
[2020.02.27-01.44.54:266][  0]LogConfig: Setting CVar [[net.UseAdaptiveNetUpdateFrequency:0]]
[2020.02.27-01.44.54:267][  0]LogConfig: Setting CVar [[p.chaos.AllowCreatePhysxBodies:1]]
[2020.02.27-01.44.54:267][  0]LogConfig: Applying CVar settings from Section [ConsoleVariables] File [C:/Users/matth/Documents/GitHub/CS447_3DGame/gameDesignProject2/Saved/Config/Windows/Engine.ini]
[2020.02.27-01.44.54:267][  0]LogInit: Computer: DESKTOP-PGPLUJ8
[2020.02.27-01.44.54:267][  0]LogInit: User: matth
[2020.02.27-01.44.54:267][  0]LogInit: CPU Page size=4096, Cores=4
[2020.02.27-01.44.54:267][  0]LogInit: High frequency timer resolution =10.000000 MHz
[2020.02.27-01.44.54:268][  0]LogMemory: Memory total: Physical=15.8GB (16GB approx)
[2020.02.27-01.44.54:268][  0]LogMemory: Platform Memory Stats for Windows
[2020.02.27-01.44.54:268][  0]LogMemory: Process Physical Memory: 96.72 MB used, 96.73 MB peak
[2020.02.27-01.44.54:268][  0]LogMemory: Process Virtual Memory: 90.94 MB used, 90.94 MB peak
[2020.02.27-01.44.54:268][  0]LogMemory: Physical Memory: 10031.97 MB used,  6175.91 MB free, 16207.89 MB total
[2020.02.27-01.44.54:268][  0]LogMemory: Virtual Memory: 4643.82 MB used,  134213088.00 MB free, 134217728.00 MB total
[2020.02.27-01.44.54:347][  0]LogInit: Using OS detected language (en-US).
[2020.02.27-01.44.54:347][  0]LogInit: Using OS detected locale (en-US).
[2020.02.27-01.44.54:349][  0]LogTextLocalizationManager: No specific localization for 'en-US' exists, so the 'en' localization will be used.
[2020.02.27-01.44.54:655][  0]LogInit: Setting process to per monitor DPI aware
[2020.02.27-01.44.54:695][  0]LogSlate: New Slate User Created.  User Index 0, Is Virtual User: 0
[2020.02.27-01.44.54:695][  0]LogSlate: Slate User Registered.  User Index 0, Is Virtual User: 0
[2020.02.27-01.44.54:992][  0]LogHMD: Failed to initialize OpenVR with code 110
[2020.02.27-01.44.54:992][  0]LogD3D11RHI: D3D11 adapters:
[2020.02.27-01.44.55:076][  0]LogD3D11RHI:    0. 'NVIDIA GeForce GTX 1050' (Feature Level 11_0)
[2020.02.27-01.44.55:076][  0]LogD3D11RHI:       1979/0/8103 MB DedicatedVideo/DedicatedSystem/SharedSystem, Outputs:1, VendorId:0x10de
[2020.02.27-01.44.55:092][  0]LogD3D11RHI:    1. 'Intel(R) HD Graphics 630' (Feature Level 11_0)
[2020.02.27-01.44.55:092][  0]LogD3D11RHI:       128/0/8103 MB DedicatedVideo/DedicatedSystem/SharedSystem, Outputs:0, VendorId:0x8086
[2020.02.27-01.44.55:096][  0]LogD3D11RHI:    2. 'Microsoft Basic Render Driver' (Feature Level 11_0)
[2020.02.27-01.44.55:096][  0]LogD3D11RHI:       0/0/8103 MB DedicatedVideo/DedicatedSystem/SharedSystem, Outputs:0, VendorId:0x1414
[2020.02.27-01.44.55:096][  0]LogD3D11RHI: Chosen D3D11 Adapter: 0
[2020.02.27-01.44.55:147][  0]LogD3D11RHI: Creating new Direct3DDevice
[2020.02.27-01.44.55:147][  0]LogD3D11RHI:     GPU DeviceId: 0x1c8d (for the marketing name, search the web for "GPU Device Id")
[2020.02.27-01.44.55:147][  0]LogWindows: EnumDisplayDevices:
[2020.02.27-01.44.55:148][  0]LogWindows:    0. 'Intel(R) HD Graphics 630' (P:1 D:1)
[2020.02.27-01.44.55:150][  0]LogWindows:    1. 'Intel(R) HD Graphics 630' (P:0 D:0)
[2020.02.27-01.44.55:150][  0]LogWindows:    2. 'Intel(R) HD Graphics 630' (P:0 D:0)
[2020.02.27-01.44.55:151][  0]LogWindows: DebugString: PrimaryIsNotTheChoosenAdapter PrimaryIsNotTheChoosenAdapter PrimaryIsNotTheChoosenAdapter FoundDriverCount:0 
[2020.02.27-01.44.55:151][  0]LogD3D11RHI:     Adapter Name: NVIDIA GeForce GTX 1050
[2020.02.27-01.44.55:151][  0]LogD3D11RHI:   Driver Version: Unknown (internal:Unknown, unified:Unknown)
[2020.02.27-01.44.55:151][  0]LogD3D11RHI:      Driver Date: Unknown
[2020.02.27-01.44.55:151][  0]LogRHI: Texture pool is 1385 MB (70% of 1979 MB)
[2020.02.27-01.44.55:212][  0]LogD3D11RHI: Async texture creation enabled
[2020.02.27-01.44.55:225][  0]LogRendererCore: FGlobalReadBuffer::InitRHI
[2020.02.27-01.44.55:225][  0]LogRendererCore: FGlobalReadBuffer::InitRHI
[2020.02.27-01.44.55:225][  0]LogRendererCore: FGlobalReadBuffer::InitRHI
[2020.02.27-01.44.55:234][  0]LogD3D11RHI: GPU Timing Frequency: 1000.000000 (Debug: 2 1)
[2020.02.27-01.44.55:639][  0]LogTemp: Display: Module 'AllDesktopTargetPlatform' loaded TargetPlatform 'AllDesktop'
[2020.02.27-01.44.55:663][  0]LogTemp: Display: Module 'MacClientTargetPlatform' loaded TargetPlatform 'MacClient'
[2020.02.27-01.44.55:684][  0]LogTemp: Display: Module 'MacNoEditorTargetPlatform' loaded TargetPlatform 'MacNoEditor'
[2020.02.27-01.44.55:706][  0]LogTemp: Display: Module 'MacServerTargetPlatform' loaded TargetPlatform 'MacServer'
[2020.02.27-01.44.55:725][  0]LogTemp: Display: Module 'MacTargetPlatform' loaded TargetPlatform 'Mac'
[2020.02.27-01.44.55:743][  0]LogTemp: Display: Module 'WindowsClientTargetPlatform' loaded TargetPlatform 'WindowsClient'
[2020.02.27-01.44.55:770][  0]LogTemp: Display: Module 'WindowsNoEditorTargetPlatform' loaded TargetPlatform 'WindowsNoEditor'
[2020.02.27-01.44.55:794][  0]LogTemp: Display: Module 'WindowsServerTargetPlatform' loaded TargetPlatform 'WindowsServer'
[2020.02.27-01.44.55:802][  0]LogTemp: Display: Module 'WindowsTargetPlatform' loaded TargetPlatform 'Windows'
[2020.02.27-01.44.55:925][  0]LogTemp: Display: Module 'AndroidTargetPlatform' loaded TargetPlatform 'Android'
[2020.02.27-01.44.55:925][  0]LogTemp: Display: Module 'AndroidTargetPlatform' loaded TargetPlatform 'Android_ASTC'
[2020.02.27-01.44.55:925][  0]LogTemp: Display: Module 'AndroidTargetPlatform' loaded TargetPlatform 'Android_ATC'
[2020.02.27-01.44.55:925][  0]LogTemp: Display: Module 'AndroidTargetPlatform' loaded TargetPlatform 'Android_DXT'
[2020.02.27-01.44.55:925][  0]LogTemp: Display: Module 'AndroidTargetPlatform' loaded TargetPlatform 'Android_ETC1'
[2020.02.27-01.44.55:925][  0]LogTemp: Display: Module 'AndroidTargetPlatform' loaded TargetPlatform 'Android_ETC1a'
[2020.02.27-01.44.55:925][  0]LogTemp: Display: Module 'AndroidTargetPlatform' loaded TargetPlatform 'Android_ETC2'
[2020.02.27-01.44.55:925][  0]LogTemp: Display: Module 'AndroidTargetPlatform' loaded TargetPlatform 'Android_PVRTC'
[2020.02.27-01.44.55:925][  0]LogTemp: Display: Module 'AndroidTargetPlatform' loaded TargetPlatform 'AndroidClient'
[2020.02.27-01.44.55:925][  0]LogTemp: Display: Module 'AndroidTargetPlatform' loaded TargetPlatform 'Android_ASTCClient'
[2020.02.27-01.44.55:925][  0]LogTemp: Display: Module 'AndroidTargetPlatform' loaded TargetPlatform 'Android_ATCClient'
[2020.02.27-01.44.55:925][  0]LogTemp: Display: Module 'AndroidTargetPlatform' loaded TargetPlatform 'Android_DXTClient'
[2020.02.27-01.44.55:925][  0]LogTemp: Display: Module 'AndroidTargetPlatform' loaded TargetPlatform 'Android_ETC1Client'
[2020.02.27-01.44.55:925][  0]LogTemp: Display: Module 'AndroidTargetPlatform' loaded TargetPlatform 'Android_ETC1aClient'
[2020.02.27-01.44.55:925][  0]LogTemp: Display: Module 'AndroidTargetPlatform' loaded TargetPlatform 'Android_ETC2Client'
[2020.02.27-01.44.55:925][  0]LogTemp: Display: Module 'AndroidTargetPlatform' loaded TargetPlatform 'Android_PVRTCClient'
[2020.02.27-01.44.55:925][  0]LogTemp: Display: Module 'AndroidTargetPlatform' loaded TargetPlatform 'Android_Multi'
[2020.02.27-01.44.55:925][  0]LogTemp: Display: Module 'AndroidTargetPlatform' loaded TargetPlatform 'Android_MultiClient'
[2020.02.27-01.44.55:929][  0]LogTemp: Display: Module 'HTML5TargetPlatform' loaded TargetPlatform 'HTML5'
[2020.02.27-01.44.55:989][  0]LogTemp: Display: Module 'IOSTargetPlatform' loaded TargetPlatform 'IOSClient'
[2020.02.27-01.44.55:989][  0]LogTemp: Display: Module 'IOSTargetPlatform' loaded TargetPlatform 'IOS'
[2020.02.27-01.44.56:026][  0]LogTemp: Display: Module 'TVOSTargetPlatform' loaded TargetPlatform 'TVOSClient'
[2020.02.27-01.44.56:026][  0]LogTemp: Display: Module 'TVOSTargetPlatform' loaded TargetPlatform 'TVOS'
[2020.02.27-01.44.56:043][  0]LogTemp: Display: Module 'LinuxClientTargetPlatform' loaded TargetPlatform 'LinuxClient'
[2020.02.27-01.44.56:064][  0]LogTemp: Display: Module 'LinuxNoEditorTargetPlatform' loaded TargetPlatform 'LinuxNoEditor'
[2020.02.27-01.44.56:084][  0]LogTemp: Display: Module 'LinuxServerTargetPlatform' loaded TargetPlatform 'LinuxServer'
[2020.02.27-01.44.56:107][  0]LogTemp: Display: Module 'LinuxTargetPlatform' loaded TargetPlatform 'Linux'
[2020.02.27-01.44.56:176][  0]LogTemp: Display: Module 'LuminTargetPlatform' loaded TargetPlatform 'Lumin'
[2020.02.27-01.44.56:177][  0]LogTemp: Display: Module 'LuminTargetPlatform' loaded TargetPlatform 'LuminClient'
[2020.02.27-01.44.56:177][  0]LogTargetPlatformManager: Display: Building Assets For Windows
[2020.02.27-01.44.56:190][  0]LogAudioDebug: Display: Lib vorbis DLL was dynamically loaded.
[2020.02.27-01.44.56:268][  0]LogShaderCompilers: Guid format shader working directory is -33 characters bigger than the processId version (../../../../../../Users/matth/Documents/GitHub/CS447_3DGame/gameDesignProject2/Intermediate/Shaders/WorkingDirectory/67120/).
[2020.02.27-01.44.56:268][  0]LogShaderCompilers: Cleaned the shader compiler working directory 'C:/Users/matth/AppData/Local/Temp/UnrealShaderWorkingDir/3978BB6440397D7B852F908B98012D85/'.
[2020.02.27-01.44.56:271][  0]LogXGEController: Cannot use XGE Controller as Incredibuild is not installed on this machine.
[2020.02.27-01.44.56:271][  0]LogShaderCompilers: Cannot use XGE Shader Compiler as Incredibuild is not installed on this machine.
[2020.02.27-01.44.56:271][  0]LogShaderCompilers: Display: Using Local Shader Compiler.
[2020.02.27-01.44.57:010][  0]LogDerivedDataCache: Display: Max Cache Size: 512 MB
[2020.02.27-01.44.57:068][  0]LogDerivedDataCache: Loaded boot cache 0.06s 71MB C:/Users/matth/AppData/Local/UnrealEngine/4.22/DerivedDataCache/Boot.ddc.
[2020.02.27-01.44.57:069][  0]LogDerivedDataCache: Display: Loaded Boot cache: C:/Users/matth/AppData/Local/UnrealEngine/4.22/DerivedDataCache/Boot.ddc
[2020.02.27-01.44.57:069][  0]LogDerivedDataCache: FDerivedDataBackendGraph:  Pak pak cache file ../../../../../../Users/matth/Documents/GitHub/CS447_3DGame/gameDesignProject2/DerivedDataCache/DDC.ddp not found, will not use a pak cache.
[2020.02.27-01.44.57:069][  0]LogDerivedDataCache: Unable to find inner node Pak for hierarchical cache Hierarchy.
[2020.02.27-01.44.57:069][  0]LogDerivedDataCache: FDerivedDataBackendGraph:  CompressedPak pak cache file ../../../../../../Users/matth/Documents/GitHub/CS447_3DGame/gameDesignProject2/DerivedDataCache/Compressed.ddp not found, will not use a pak cache.
[2020.02.27-01.44.57:069][  0]LogDerivedDataCache: Unable to find inner node CompressedPak for hierarchical cache Hierarchy.
[2020.02.27-01.44.57:085][  0]LogDerivedDataCache: Display: Pak cache opened for reading ../../../Engine/DerivedDataCache/Compressed.ddp.
[2020.02.27-01.44.57:085][  0]LogDerivedDataCache: FDerivedDataBackendGraph:  EnterprisePak pak cache file ../../../Enterprise/DerivedDataCache/Compressed.ddp not found, will not use a pak cache.
[2020.02.27-01.44.57:085][  0]LogDerivedDataCache: Unable to find inner node EnterprisePak for hierarchical cache Hierarchy.
[2020.02.27-01.44.57:098][  0]LogDerivedDataCache: Using Local data cache path C:/Users/matth/AppData/Local/UnrealEngine/Common/DerivedDataCache: Writable
[2020.02.27-01.44.57:098][  0]LogDerivedDataCache: Shared data cache path not found in *engine.ini, will not use an Shared cache.
[2020.02.27-01.44.57:098][  0]LogDerivedDataCache: Unable to find inner node Shared for hierarchical cache Hierarchy.
[2020.02.27-01.44.57:125][  0]LogMaterial: Verifying Global Shaders for PCD3D_SM5
[2020.02.27-01.44.57:126][  0]LogSlate: Using FreeType 2.6.0
[2020.02.27-01.44.57:127][  0]LogSlate: SlateFontServices - WITH_FREETYPE: 1, WITH_HARFBUZZ: 1
[2020.02.27-01.44.57:234][  0]LogAssetRegistry: FAssetRegistry took 0.0377 seconds to start up
[2020.02.27-01.44.57:710][  0]LogInit: Selected Device Profile: [Windows]
[2020.02.27-01.44.57:894][  0]LogMeshReduction: Using QuadricMeshReduction for automatic static mesh reduction
[2020.02.27-01.44.57:894][  0]LogMeshReduction: Using SimplygonMeshReduction for automatic skeletal mesh reduction
[2020.02.27-01.44.57:894][  0]LogMeshReduction: Using ProxyLODMeshReduction for automatic mesh merging
[2020.02.27-01.44.57:894][  0]LogMeshReduction: No distributed automatic mesh merging module available
[2020.02.27-01.44.57:894][  0]LogMeshMerging: No distributed automatic mesh merging module available
[2020.02.27-01.44.57:911][  0]LogNetVersion: game3D 1.0.0, NetCL: 5660361, EngineNetVer: 10, GameNetVer: 0 (Checksum: 115391216)
[2020.02.27-01.44.58:536][  0]LogPackageLocalizationCache: Processed 10 localized package path(s) for 1 prioritized culture(s) in 0.077727 seconds
[2020.02.27-01.44.58:543][  0]LogUObjectArray: 42205 objects as part of root set at end of initial load.
[2020.02.27-01.44.58:543][  0]LogUObjectAllocator: 7325032 out of 0 bytes used by permanent object pool.
[2020.02.27-01.44.58:543][  0]LogUObjectArray: CloseDisregardForGC: 0/0 objects in disregard for GC pool
[2020.02.27-01.44.59:700][  0]LogTcpMessaging: Initializing TcpMessaging bridge
[2020.02.27-01.44.59:715][  0]LogUdpMessaging: Initializing bridge on interface 0.0.0.0:0 to multicast group 230.0.0.1:6666.
[2020.02.27-01.44.59:847][  0]SourceControl: Source control is disabled
[2020.02.27-01.44.59:847][  0]SourceControl: Source control is disabled
[2020.02.27-01.44.59:849][  0]SourceControl: Source control is disabled
[2020.02.27-01.44.59:851][  0]SourceControl: Source control is disabled
[2020.02.27-01.44.59:864][  0]LogVSAccessor: Display: Unable to create Visual Studio setup instance: 80040154
[2020.02.27-01.44.59:865][  0]LogVSAccessor: Display: Unable to create Visual Studio setup instance: 80040154
[2020.02.27-01.44.59:973][  0]LogAndroidPermission: UAndroidPermissionCallbackProxy::GetInstance
[2020.02.27-01.45.00:085][  0]LogOcInput: OculusInput pre-init called
[2020.02.27-01.45.01:006][  0]LogEngine: Initializing Engine...
[2020.02.27-01.45.01:007][  0]LogHMD: Failed to initialize OpenVR with code 110
[2020.02.27-01.45.01:009][  0]LogStats: UGameplayTagsManager::InitializeManager -  0.000 s
[2020.02.27-01.45.01:283][  0]LogInit: Initializing FReadOnlyCVARCache
[2020.02.27-01.45.01:301][  0]LogAIModule: Creating AISystem for world Untitled
[2020.02.27-01.45.01:399][  0]LogInit: XAudio2 using 'Speakers (Realtek High Definition Audio)' : 2 channels at 48 kHz using 32 bits per sample (channel mask 0x3)
[2020.02.27-01.45.01:554][  0]LogInit: FAudioDevice initialized.
[2020.02.27-01.45.01:554][  0]LogNetVersion: Set ProjectVersion to 1.0.0.0. Version Checksum will be recalculated on next use.
[2020.02.27-01.45.01:745][  0]LogDerivedDataCache: Saved boot cache 0.19s 71MB C:/Users/matth/AppData/Local/UnrealEngine/4.22/DerivedDataCache/Boot.ddc.
[2020.02.27-01.45.01:751][  0]LogInit: Texture streaming: Enabled
[2020.02.27-01.45.01:776][  0]LogEngineSessionManager: EngineSessionManager initialized
[2020.02.27-01.45.01:820][  0]LogInit: Transaction tracking system initialized
[2020.02.27-01.45.01:856][  0]BlueprintLog: New page: Editor Load
[2020.02.27-01.45.01:997][  0]LocalizationService: Localization service is disabled
[2020.02.27-01.45.02:167][  0]LogVSAccessor: Display: Unable to create Visual Studio setup instance: 80040154
[2020.02.27-01.45.02:168][  0]LogVSAccessor: Display: Unable to create Visual Studio setup instance: 80040154
[2020.02.27-01.45.02:418][  0]LogFileCache: Scanning file cache for directory 'C:/Users/matth/Documents/GitHub/CS447_3DGame/gameDesignProject2/Content/' took 0.02s
[2020.02.27-01.45.02:418][  0]LogCook: Display: Max memory allowance for cook 16384mb min free memory 0mb
[2020.02.27-01.45.02:418][  0]LogCook: Display: Mobile HDR setting 1
[2020.02.27-01.45.02:682][  0]SourceControl: Source control is disabled
[2020.02.27-01.45.02:682][  0]Cmd: MAP LOAD FILE="../../../../../../Users/matth/Documents/GitHub/CS447_3DGame/gameDesignProject2/Content/FirstPersonBP/Maps/FirstPersonExampleMap.umap" TEMPLATE=0 SHOWPROGRESS=1 FEATURELEVEL=3
[2020.02.27-01.45.02:688][  0]LightingResults: New page: Lighting Build
[2020.02.27-01.45.02:692][  0]MapCheck: New page: Map Check
[2020.02.27-01.45.02:692][  0]LightingResults: New page: Lighting Build
[2020.02.27-01.45.02:724][  0]LogUObjectHash: Compacting FUObjectHashTables data took   2.06ms
[2020.02.27-01.45.03:782][  0]LogAIModule: Creating AISystem for world FirstPersonExampleMap
[2020.02.27-01.45.03:911][  0]LogEditorServer: Finished looking for orphan Actors (0.000 secs)
[2020.02.27-01.45.03:943][  0]LogUObjectHash: Compacting FUObjectHashTables data took   2.57ms
[2020.02.27-01.45.03:943][  0]Cmd: MAP CHECKDEP NOCLEARLOG
[2020.02.27-01.45.03:943][  0]MapCheck: Map check complete: 0 Error(s), 0 Warning(s), took 0.179ms to complete.
[2020.02.27-01.45.03:943][  0]LogFileHelpers: Loading map 'FirstPersonExampleMap' took 1.261
[2020.02.27-01.45.04:092][  0]LogSlate: Updating window title bar state: overlay mode, drag disabled, window buttons hidden, title bar hidden
[2020.02.27-01.45.04:102][  0]LogSlate: Updating window title bar state: overlay mode, drag disabled, window buttons hidden, title bar hidden
[2020.02.27-01.45.04:113][  0]LogSlate: Updating window title bar state: overlay mode, drag disabled, window buttons hidden, title bar hidden
[2020.02.27-01.45.04:124][  0]LogSlate: Updating window title bar state: overlay mode, drag disabled, window buttons hidden, title bar hidden
[2020.02.27-01.45.04:139][  0]LogCollectionManager: Loaded 0 collections in 0.002698 seconds
[2020.02.27-01.45.04:185][  0]LogFileCache: Scanning file cache for directory 'C:/Users/matth/Documents/GitHub/CS447_3DGame/gameDesignProject2/Saved/Collections/' took 0.01s
[2020.02.27-01.45.04:186][  0]LogFileCache: Scanning file cache for directory 'C:/Users/matth/Documents/GitHub/CS447_3DGame/gameDesignProject2/Content/Developers/matth/Collections/' took 0.01s
[2020.02.27-01.45.04:186][  0]LogFileCache: Scanning file cache for directory 'C:/Users/matth/Documents/GitHub/CS447_3DGame/gameDesignProject2/Content/Collections/' took 0.01s
[2020.02.27-01.45.04:186][  0]LogCollectionManager: Rebuilt the GUID cache for 0 collections in 0.000000 seconds
[2020.02.27-01.45.04:199][  0]LogContentBrowser: Native class hierarchy populated in 0.0128 seconds. Added 2732 classes and 659 folders.
[2020.02.27-01.45.04:209][  0]LogContentBrowser: Native class hierarchy updated for 'WidgetCarousel' in 0.0003 seconds. Added 0 classes and 0 folders.
[2020.02.27-01.45.04:222][  0]LogPakFile: Registered encryption key '00000000000000000000000000000000': 0 pak files mounted, 0 remain pending
[2020.02.27-01.45.04:233][  0]LogPakFile: Registered encryption key '00000000000000000000000000000000': 0 pak files mounted, 0 remain pending
[2020.02.27-01.45.04:261][  0]LogPakFile: Registered encryption key '00000000000000000000000000000000': 0 pak files mounted, 0 remain pending
[2020.02.27-01.45.04:270][  0]LogPakFile: Registered encryption key '00000000000000000000000000000000': 0 pak files mounted, 0 remain pending
[2020.02.27-01.45.04:278][  0]LogPakFile: Registered encryption key '00000000000000000000000000000000': 0 pak files mounted, 0 remain pending
[2020.02.27-01.45.04:288][  0]LogPakFile: Registered encryption key '00000000000000000000000000000000': 0 pak files mounted, 0 remain pending
[2020.02.27-01.45.04:296][  0]LogPakFile: Registered encryption key '00000000000000000000000000000000': 0 pak files mounted, 0 remain pending
[2020.02.27-01.45.04:305][  0]LogPakFile: Registered encryption key '00000000000000000000000000000000': 0 pak files mounted, 0 remain pending
[2020.02.27-01.45.04:316][  0]LogPakFile: Registered encryption key '00000000000000000000000000000000': 0 pak files mounted, 0 remain pending
[2020.02.27-01.45.04:327][  0]LogPakFile: Registered encryption key '00000000000000000000000000000000': 0 pak files mounted, 0 remain pending
[2020.02.27-01.45.04:338][  0]LogPakFile: Registered encryption key '00000000000000000000000000000000': 0 pak files mounted, 0 remain pending
[2020.02.27-01.45.04:347][  0]LogPakFile: Registered encryption key '00000000000000000000000000000000': 0 pak files mounted, 0 remain pending
[2020.02.27-01.45.04:356][  0]LogPakFile: Registered encryption key '00000000000000000000000000000000': 0 pak files mounted, 0 remain pending
[2020.02.27-01.45.04:365][  0]LogPakFile: Registered encryption key '00000000000000000000000000000000': 0 pak files mounted, 0 remain pending
[2020.02.27-01.45.04:374][  0]LogPakFile: Registered encryption key '00000000000000000000000000000000': 0 pak files mounted, 0 remain pending
[2020.02.27-01.45.04:383][  0]LogPakFile: Registered encryption key '00000000000000000000000000000000': 0 pak files mounted, 0 remain pending
[2020.02.27-01.45.04:425][  0]LogPakFile: Registered encryption key '00000000000000000000000000000000': 0 pak files mounted, 0 remain pending
[2020.02.27-01.45.04:436][  0]LogPakFile: Registered encryption key '00000000000000000000000000000000': 0 pak files mounted, 0 remain pending
[2020.02.27-01.45.04:444][  0]LogPakFile: Registered encryption key '00000000000000000000000000000000': 0 pak files mounted, 0 remain pending
[2020.02.27-01.45.04:452][  0]LogPakFile: Registered encryption key '00000000000000000000000000000000': 0 pak files mounted, 0 remain pending
[2020.02.27-01.45.04:462][  0]LogPakFile: Registered encryption key '00000000000000000000000000000000': 0 pak files mounted, 0 remain pending
[2020.02.27-01.45.04:470][  0]LogPakFile: Registered encryption key '00000000000000000000000000000000': 0 pak files mounted, 0 remain pending
[2020.02.27-01.45.04:478][  0]LogPakFile: Registered encryption key '00000000000000000000000000000000': 0 pak files mounted, 0 remain pending
[2020.02.27-01.45.04:487][  0]LogPakFile: Registered encryption key '00000000000000000000000000000000': 0 pak files mounted, 0 remain pending
[2020.02.27-01.45.04:496][  0]LogPakFile: Registered encryption key '00000000000000000000000000000000': 0 pak files mounted, 0 remain pending
[2020.02.27-01.45.04:505][  0]LogPakFile: Registered encryption key '00000000000000000000000000000000': 0 pak files mounted, 0 remain pending
[2020.02.27-01.45.04:724][  0]LogContentBrowser: Native class hierarchy updated for 'AddContentDialog' in 0.0004 seconds. Added 0 classes and 0 folders.
[2020.02.27-01.45.04:733][  0]LogContentBrowser: Native class hierarchy updated for 'SceneOutliner' in 0.0003 seconds. Added 1 classes and 2 folders.
[2020.02.27-01.45.04:763][  0]LogSlate: Took 0.000235 seconds to synchronously load lazily loaded font '../../../Engine/Content/Slate/Fonts/Roboto-Regular.ttf' (155K)
[2020.02.27-01.45.04:766][  0]LogSlate: Took 0.000252 seconds to synchronously load lazily loaded font '../../../Engine/Content/Slate/Fonts/Roboto-Bold.ttf' (160K)
[2020.02.27-01.45.04:786][  0]LogSlate: Took 0.011862 seconds to synchronously load lazily loaded font '../../../Engine/Content/Editor/Slate/Fonts/FontAwesome.ttf' (139K)
[2020.02.27-01.45.04:926][  0]LogRenderer: Reallocating scene render targets to support 964x436 Format 10 NumSamples 1 (Frame:1).
[2020.02.27-01.45.05:334][  0]LogContentBrowser: Native class hierarchy updated for 'HierarchicalLODOutliner' in 0.0004 seconds. Added 0 classes and 0 folders.
[2020.02.27-01.45.05:334][  0]LogLoad: (Engine Initialization) Total time: 14.54 seconds
[2020.02.27-01.45.05:335][  0]LogLoad: (Engine Initialization) Total Blueprint compile time: 0.00 seconds
[2020.02.27-01.45.05:372][  0]LogContentStreaming: Texture pool size now 1000 MB
[2020.02.27-01.45.05:563][  3]LogRenderer: Reallocating scene render targets to support 964x488 Format 10 NumSamples 1 (Frame:1).
[2020.02.27-01.45.06:320][ 32]LogCollectionManager: Rebuilt the object cache for 0 collections in 0.000001 seconds (found 0 objects)
[2020.02.27-01.45.06:551][ 34]LogSlate: Took 0.014020 seconds to synchronously load lazily loaded font '../../../Engine/Content/Slate/Fonts/Roboto-Light.ttf' (167K)
[2020.02.27-01.45.12:249][341]LogTemp: IOS device listing is disabled (to many failed attempts)!
[2020.02.27-01.45.16:321][581]LogSlate: FSceneViewport::OnFocusLost() reason 0
[2020.02.27-01.45.26:259][ 87]LogSlate: FSceneViewport::OnFocusLost() reason 0
[2020.02.27-01.45.26:359][ 93]LogTemp: Repeating last play command: Selected Viewport
[2020.02.27-01.45.26:395][ 93]LogBlueprintUserMessages: Early PlayInEditor Detection: Level '/Game/FirstPersonBP/Maps/FirstPersonExampleMap.FirstPersonExampleMap:PersistentLevel' has LevelScriptBlueprint '/Game/FirstPersonBP/Maps/FirstPersonExampleMap.FirstPersonExampleMap:PersistentLevel.FirstPersonExampleMap' with GeneratedClass '/Game/FirstPersonBP/Maps/FirstPersonExampleMap.FirstPersonExampleMap_C' with ClassGeneratedBy '/Game/FirstPersonBP/Maps/FirstPersonExampleMap.FirstPersonExampleMap:PersistentLevel.FirstPersonExampleMap'
[2020.02.27-01.45.26:395][ 93]LogPlayLevel: PlayLevel: No blueprints needed recompiling
[2020.02.27-01.45.26:399][ 93]PIE: New page: PIE session: FirstPersonExampleMap (Feb 26, 2020, 9:45:26 AM)
[2020.02.27-01.45.26:413][ 93]LogPlayLevel: Creating play world package: /Game/FirstPersonBP/Maps/UEDPIE_0_FirstPersonExampleMap
[2020.02.27-01.45.26:446][ 93]LogPlayLevel: PIE: StaticDuplicateObject took: (0.032087s)
[2020.02.27-01.45.26:447][ 93]LogAIModule: Creating AISystem for world FirstPersonExampleMap
[2020.02.27-01.45.26:447][ 93]LogPlayLevel: PIE: World Init took: (0.001116s)
[2020.02.27-01.45.26:447][ 93]LogPlayLevel: PIE: Created PIE world by copying editor world from /Game/FirstPersonBP/Maps/FirstPersonExampleMap.FirstPersonExampleMap to /Game/FirstPersonBP/Maps/UEDPIE_0_FirstPersonExampleMap.FirstPersonExampleMap (0.033700s)
[2020.02.27-01.45.26:478][ 93]LogUObjectHash: Compacting FUObjectHashTables data took   2.19ms
[2020.02.27-01.45.26:490][ 93]LogInit: XAudio2 using 'Speakers (Realtek High Definition Audio)' : 2 channels at 48 kHz using 32 bits per sample (channel mask 0x3)
[2020.02.27-01.45.26:515][ 93]LogInit: FAudioDevice initialized.
[2020.02.27-01.45.26:565][ 93]LogLoad: Game class is 'FirstPersonGameMode_C'
[2020.02.27-01.45.26:583][ 93]LogWorld: Bringing World /Game/FirstPersonBP/Maps/UEDPIE_0_FirstPersonExampleMap.FirstPersonExampleMap up for play (max tick rate 0) at 2020.02.26-17.45.26
[2020.02.27-01.45.26:588][ 93]LogWorld: Bringing up level for play took: 0.015549
[2020.02.27-01.45.26:607][ 93]LogGameMode: FindPlayerStart: PATHS NOT DEFINED or NO PLAYERSTART with positive rating
[2020.02.27-01.45.26:626][ 93]LogContentBrowser: Native class hierarchy updated for 'MovieSceneCapture' in 0.0004 seconds. Added 20 classes and 0 folders.
[2020.02.27-01.45.26:628][ 93]PIE: Play in editor start time for /Game/FirstPersonBP/Maps/UEDPIE_0_FirstPersonExampleMap -0.035
[2020.02.27-01.45.26:628][ 93]LogBlueprintUserMessages: Late PlayInEditor Detection: Level '/Game/FirstPersonBP/Maps/FirstPersonExampleMap.FirstPersonExampleMap:PersistentLevel' has LevelScriptBlueprint '/Game/FirstPersonBP/Maps/FirstPersonExampleMap.FirstPersonExampleMap:PersistentLevel.FirstPersonExampleMap' with GeneratedClass '/Game/FirstPersonBP/Maps/FirstPersonExampleMap.FirstPersonExampleMap_C' with ClassGeneratedBy '/Game/FirstPersonBP/Maps/FirstPersonExampleMap.FirstPersonExampleMap:PersistentLevel.FirstPersonExampleMap'
[2020.02.27-01.45.26:660][ 94]LogAssetRegistry: Asset discovery search completed in 29.4491 seconds
[2020.02.27-01.45.26:664][ 94]LogCollectionManager: Fixed up redirectors for 0 collections in 0.000001 seconds (updated 0 objects)
[2020.02.27-01.46.06:103][ 52]LogBlueprintUserMessages: Early EndPlayMap Detection: Level '/Game/FirstPersonBP/Maps/FirstPersonExampleMap.FirstPersonExampleMap:PersistentLevel' has LevelScriptBlueprint '/Game/FirstPersonBP/Maps/FirstPersonExampleMap.FirstPersonExampleMap:PersistentLevel.FirstPersonExampleMap' with GeneratedClass '/Game/FirstPersonBP/Maps/FirstPersonExampleMap.FirstPersonExampleMap_C' with ClassGeneratedBy '/Game/FirstPersonBP/Maps/FirstPersonExampleMap.FirstPersonExampleMap:PersistentLevel.FirstPersonExampleMap'
[2020.02.27-01.46.06:105][ 52]LogSlate: Updating window title bar state: overlay mode, drag disabled, window buttons hidden, title bar hidden
[2020.02.27-01.46.06:149][ 52]LogPlayLevel: Display: Shutting down PIE online subsystems
[2020.02.27-01.46.06:150][ 52]LogBlueprintUserMessages: Late EndPlayMap Detection: Level '/Game/FirstPersonBP/Maps/FirstPersonExampleMap.FirstPersonExampleMap:PersistentLevel' has LevelScriptBlueprint '/Game/FirstPersonBP/Maps/FirstPersonExampleMap.FirstPersonExampleMap:PersistentLevel.FirstPersonExampleMap' with GeneratedClass '/Game/FirstPersonBP/Maps/FirstPersonExampleMap.FirstPersonExampleMap_C' with ClassGeneratedBy '/Game/FirstPersonBP/Maps/FirstPersonExampleMap.FirstPersonExampleMap:PersistentLevel.FirstPersonExampleMap'
[2020.02.27-01.46.06:187][ 52]LogSlate: Updating window title bar state: overlay mode, drag disabled, window buttons hidden, title bar hidden
[2020.02.27-01.46.06:191][ 52]LogUObjectHash: Compacting FUObjectHashTables data took   1.72ms
[2020.02.27-01.46.06:221][ 53]LogPlayLevel: Display: Destroying online subsystem :Context_13
[2020.02.27-01.46.27:163][292]LogEditorViewport: Clicking on Actor (LMB): FirstPersonCharacter_C (FirstPersonCharacter)
[2020.02.27-01.46.28:837][344]LogEditorViewport: Clicking on Actor (context menu): FirstPersonCharacter_C (FirstPersonCharacter)
[2020.02.27-01.46.28:928][344]LogSlate: FSceneViewport::OnFocusLost() reason 2
[2020.02.27-01.46.31:081][404]LogSlate: FSceneViewport::OnFocusLost() reason 5
[2020.02.27-01.46.31:117][404]LogAssetEditorManager: Opening Asset editor for Blueprint /Game/FirstPersonBP/Blueprints/FirstPersonCharacter.FirstPersonCharacter
[2020.02.27-01.46.32:014][404]LogContentBrowser: Native class hierarchy updated for 'BlueprintGraph' in 0.0012 seconds. Added 121 classes and 0 folders.
[2020.02.27-01.46.33:855][404]LogSlate: Took 0.012754 seconds to synchronously load lazily loaded font '../../../Engine/Content/Slate/Fonts/Roboto-BoldCondensed.ttf' (158K)
[2020.02.27-01.46.34:295][405]LogSlate: Took 0.017892 seconds to synchronously load lazily loaded font '../../../Engine/Content/Slate/Fonts/Roboto-Italic.ttf' (157K)
[2020.02.27-01.50.47:582][557]LogRenderer: Reallocating scene render targets to support 964x540 Format 10 NumSamples 1 (Frame:1).
[2020.02.27-01.51.11:459][  4]LogSlate: FSceneViewport::OnFocusLost() reason 0
[2020.02.27-01.51.52:452][442]LogSlate: FSceneViewport::OnFocusLost() reason 2
[2020.02.27-01.52.05:180][688]LogSlate: FSceneViewport::OnFocusLost() reason 2
[2020.02.27-01.53.05:803][723]LogSlate: FSceneViewport::OnFocusLost() reason 2
[2020.02.27-01.58.17:473][508]LogUObjectHash: Compacting FUObjectHashTables data took   7.62ms
[2020.02.27-01.58.18:272][508]LogSavePackage: Moving '../../../../../../Users/matth/Documents/GitHub/CS447_3DGame/gameDesignProject2/Saved/FirstPersonExampleMap_Auto12EC2E77E42FFA223A63DB0A7BDCFC1B0.tmp' to '../../../../../../Users/matth/Documents/GitHub/CS447_3DGame/gameDesignProject2/Saved/Autosaves/Game/FirstPersonBP/Maps/FirstPersonExampleMap_Auto1.umap'
[2020.02.27-01.58.18:290][508]LogFileHelpers: Editor autosave (incl. sublevels) for '/Game/FirstPersonBP/Maps/FirstPersonExampleMap' took 0.872
[2020.02.27-01.58.18:290][508]LogFileHelpers: Editor autosave (incl. sublevels) for all levels took 0.872
[2020.02.27-01.58.18:295][508]OBJ SavePackage: Generating thumbnails for [1] asset(s) in package [/Game/FirstPersonBP/Blueprints/FirstPersonCharacter] ([1] browsable assets)...
[2020.02.27-01.58.18:349][508]OBJ SavePackage:     Rendered thumbnail for [Blueprint /Game/FirstPersonBP/Blueprints/FirstPersonCharacter.FirstPersonCharacter]
[2020.02.27-01.58.18:349][508]OBJ SavePackage: Finished generating thumbnails for package [/Game/FirstPersonBP/Blueprints/FirstPersonCharacter]
[2020.02.27-01.58.18:692][508]LogSavePackage: Moving '../../../../../../Users/matth/Documents/GitHub/CS447_3DGame/gameDesignProject2/Saved/FirstPersonCharacter_Auto10E0DAD4C49ACC5DCCD19028319CDDA81.tmp' to '../../../../../../Users/matth/Documents/GitHub/CS447_3DGame/gameDesignProject2/Saved/Autosaves/Game/FirstPersonBP/Blueprints/FirstPersonCharacter_Auto1.uasset'
[2020.02.27-01.58.18:695][508]LogFileHelpers: Auto-saving content packages took 0.400
[2020.02.27-02.00.40:930][570]LogSavePackage: Moving '../../../../../../Users/matth/Documents/GitHub/CS447_3DGame/gameDesignProject2/Saved/FirstPersonCharacterFD85B7EB499CDC65604614B0C68B7437.tmp' to '../../../../../../Users/matth/Documents/GitHub/CS447_3DGame/gameDesignProject2/Content/FirstPersonBP/Blueprints/FirstPersonCharacter.uasset'
[2020.02.27-02.00.41:630][586]LogSlate: FSceneViewport::OnFocusLost() reason 0
[2020.02.27-02.00.41:723][588]BlueprintLog: New page: Compile FirstPersonCharacter
[2020.02.27-02.00.42:117][588]LogUObjectHash: Compacting FUObjectHashTables data took   3.66ms
[2020.02.27-02.03.50:556][985]LogSlate: FSceneViewport::OnFocusLost() reason 0
[2020.02.27-02.03.56:638][124]LogSlate: FSceneViewport::OnFocusLost() reason 2
[2020.02.27-02.04.15:693][295]LogSavePackage: Moving '../../../../../../Users/matth/Documents/GitHub/CS447_3DGame/gameDesignProject2/Saved/FirstPersonCharacter9A4055814F84F18FFFD58CA1886EF0BA.tmp' to '../../../../../../Users/matth/Documents/GitHub/CS447_3DGame/gameDesignProject2/Content/FirstPersonBP/Blueprints/FirstPersonCharacter.uasset'
[2020.02.27-02.04.16:079][304]LogSlate: FSceneViewport::OnFocusLost() reason 0
[2020.02.27-02.04.16:164][306]BlueprintLog: New page: Compile FirstPersonCharacter
[2020.02.27-02.04.16:558][306]LogUObjectHash: Compacting FUObjectHashTables data took   5.63ms
[2020.02.27-02.04.33:348][741]LogSlate: FSceneViewport::OnFocusLost() reason 0
[2020.02.27-02.04.33:575][742]LogSavePackage: Moving '../../../../../../Users/matth/Documents/GitHub/CS447_3DGame/gameDesignProject2/Saved/FirstPersonCharacter7BD863CF41C0A2A0FA00EF9B2DC6A56E.tmp' to '../../../../../../Users/matth/Documents/GitHub/CS447_3DGame/gameDesignProject2/Content/FirstPersonBP/Blueprints/FirstPersonCharacter.uasset'
[2020.02.27-02.04.33:978][751]LogSlate: FSceneViewport::OnFocusLost() reason 0
[2020.02.27-02.04.34:064][753]BlueprintLog: New page: Compile FirstPersonCharacter
[2020.02.27-02.04.34:485][753]LogUObjectHash: Compacting FUObjectHashTables data took   4.88ms
[2020.02.27-02.04.35:098][765]LogTemp: Repeating last play command: Selected Viewport
[2020.02.27-02.04.35:134][765]LogBlueprintUserMessages: Early PlayInEditor Detection: Level '/Game/FirstPersonBP/Maps/FirstPersonExampleMap.FirstPersonExampleMap:PersistentLevel' has LevelScriptBlueprint '/Game/FirstPersonBP/Maps/FirstPersonExampleMap.FirstPersonExampleMap:PersistentLevel.FirstPersonExampleMap' with GeneratedClass '/Game/FirstPersonBP/Maps/FirstPersonExampleMap.FirstPersonExampleMap_C' with ClassGeneratedBy '/Game/FirstPersonBP/Maps/FirstPersonExampleMap.FirstPersonExampleMap:PersistentLevel.FirstPersonExampleMap'
[2020.02.27-02.04.35:134][765]LogPlayLevel: PlayLevel: No blueprints needed recompiling
[2020.02.27-02.04.35:134][765]PIE: New page: PIE session: FirstPersonExampleMap (Feb 26, 2020, 10:04:35 AM)
[2020.02.27-02.04.35:134][765]LogPlayLevel: Creating play world package: /Game/FirstPersonBP/Maps/UEDPIE_0_FirstPersonExampleMap
[2020.02.27-02.04.35:173][765]LogPlayLevel: PIE: StaticDuplicateObject took: (0.039156s)
[2020.02.27-02.04.35:174][765]LogAIModule: Creating AISystem for world FirstPersonExampleMap
[2020.02.27-02.04.35:174][765]LogPlayLevel: PIE: World Init took: (0.001108s)
[2020.02.27-02.04.35:175][765]LogPlayLevel: PIE: Created PIE world by copying editor world from /Game/FirstPersonBP/Maps/FirstPersonExampleMap.FirstPersonExampleMap to /Game/FirstPersonBP/Maps/UEDPIE_0_FirstPersonExampleMap.FirstPersonExampleMap (0.040507s)
[2020.02.27-02.04.35:216][765]LogUObjectHash: Compacting FUObjectHashTables data took   3.48ms
[2020.02.27-02.04.35:233][765]LogInit: XAudio2 using 'Speakers (Realtek High Definition Audio)' : 2 channels at 48 kHz using 32 bits per sample (channel mask 0x3)
[2020.02.27-02.04.35:258][765]LogInit: FAudioDevice initialized.
[2020.02.27-02.04.35:290][765]LogLoad: Game class is 'FirstPersonGameMode_C'
[2020.02.27-02.04.35:305][765]LogWorld: Bringing World /Game/FirstPersonBP/Maps/UEDPIE_0_FirstPersonExampleMap.FirstPersonExampleMap up for play (max tick rate 60) at 2020.02.26-18.04.35
[2020.02.27-02.04.35:307][765]LogWorld: Bringing up level for play took: 0.015565
[2020.02.27-02.04.35:320][765]LogGameMode: FindPlayerStart: PATHS NOT DEFINED or NO PLAYERSTART with positive rating
[2020.02.27-02.04.35:321][765]PIE: Play in editor start time for /Game/FirstPersonBP/Maps/UEDPIE_0_FirstPersonExampleMap 0.657
[2020.02.27-02.04.35:321][765]LogBlueprintUserMessages: Late PlayInEditor Detection: Level '/Game/FirstPersonBP/Maps/FirstPersonExampleMap.FirstPersonExampleMap:PersistentLevel' has LevelScriptBlueprint '/Game/FirstPersonBP/Maps/FirstPersonExampleMap.FirstPersonExampleMap:PersistentLevel.FirstPersonExampleMap' with GeneratedClass '/Game/FirstPersonBP/Maps/FirstPersonExampleMap.FirstPersonExampleMap_C' with ClassGeneratedBy '/Game/FirstPersonBP/Maps/FirstPersonExampleMap.FirstPersonExampleMap:PersistentLevel.FirstPersonExampleMap'
[2020.02.27-02.04.38:751][883]LogSlate: FSceneViewport::OnFocusLost() reason 0
[2020.02.27-02.04.51:417][607]LogBlueprintUserMessages: Early EndPlayMap Detection: Level '/Game/FirstPersonBP/Maps/FirstPersonExampleMap.FirstPersonExampleMap:PersistentLevel' has LevelScriptBlueprint '/Game/FirstPersonBP/Maps/FirstPersonExampleMap.FirstPersonExampleMap:PersistentLevel.FirstPersonExampleMap' with GeneratedClass '/Game/FirstPersonBP/Maps/FirstPersonExampleMap.FirstPersonExampleMap_C' with ClassGeneratedBy '/Game/FirstPersonBP/Maps/FirstPersonExampleMap.FirstPersonExampleMap:PersistentLevel.FirstPersonExampleMap'
[2020.02.27-02.04.51:418][607]LogSlate: Updating window title bar state: overlay mode, drag disabled, window buttons hidden, title bar hidden
[2020.02.27-02.04.51:466][607]LogPlayLevel: Display: Shutting down PIE online subsystems
[2020.02.27-02.04.51:466][607]LogBlueprintUserMessages: Late EndPlayMap Detection: Level '/Game/FirstPersonBP/Maps/FirstPersonExampleMap.FirstPersonExampleMap:PersistentLevel' has LevelScriptBlueprint '/Game/FirstPersonBP/Maps/FirstPersonExampleMap.FirstPersonExampleMap:PersistentLevel.FirstPersonExampleMap' with GeneratedClass '/Game/FirstPersonBP/Maps/FirstPersonExampleMap.FirstPersonExampleMap_C' with ClassGeneratedBy '/Game/FirstPersonBP/Maps/FirstPersonExampleMap.FirstPersonExampleMap:PersistentLevel.FirstPersonExampleMap'
[2020.02.27-02.04.51:512][607]LogSlate: Updating window title bar state: overlay mode, drag disabled, window buttons hidden, title bar hidden
[2020.02.27-02.04.51:519][607]LogUObjectHash: Compacting FUObjectHashTables data took   2.76ms
[2020.02.27-02.04.51:552][608]LogPlayLevel: Display: Destroying online subsystem :Context_16
[2020.02.27-02.05.12:786][846]LogSlate: FSceneViewport::OnFocusLost() reason 2
[2020.02.27-02.05.18:225][  5]LogSlate: FSceneViewport::OnFocusLost() reason 0
[2020.02.27-02.05.22:571][119]LogSavePackage: Moving '../../../../../../Users/matth/Documents/GitHub/CS447_3DGame/gameDesignProject2/Saved/FirstPersonCharacter5C04438441CA537D0337FBA9C29634E6.tmp' to '../../../../../../Users/matth/Documents/GitHub/CS447_3DGame/gameDesignProject2/Content/FirstPersonBP/Blueprints/FirstPersonCharacter.uasset'
[2020.02.27-02.05.23:071][132]LogSlate: FSceneViewport::OnFocusLost() reason 0
[2020.02.27-02.05.23:136][134]BlueprintLog: New page: Compile FirstPersonCharacter
[2020.02.27-02.05.23:411][134]LogUObjectHash: Compacting FUObjectHashTables data took   4.37ms
[2020.02.27-02.05.24:866][176]LogTemp: Repeating last play command: Selected Viewport
[2020.02.27-02.05.24:906][176]LogBlueprintUserMessages: Early PlayInEditor Detection: Level '/Game/FirstPersonBP/Maps/FirstPersonExampleMap.FirstPersonExampleMap:PersistentLevel' has LevelScriptBlueprint '/Game/FirstPersonBP/Maps/FirstPersonExampleMap.FirstPersonExampleMap:PersistentLevel.FirstPersonExampleMap' with GeneratedClass '/Game/FirstPersonBP/Maps/FirstPersonExampleMap.FirstPersonExampleMap_C' with ClassGeneratedBy '/Game/FirstPersonBP/Maps/FirstPersonExampleMap.FirstPersonExampleMap:PersistentLevel.FirstPersonExampleMap'
[2020.02.27-02.05.24:906][176]LogPlayLevel: PlayLevel: No blueprints needed recompiling
[2020.02.27-02.05.24:906][176]PIE: New page: PIE session: FirstPersonExampleMap (Feb 26, 2020, 10:05:24 AM)
[2020.02.27-02.05.24:906][176]LogPlayLevel: Creating play world package: /Game/FirstPersonBP/Maps/UEDPIE_0_FirstPersonExampleMap
[2020.02.27-02.05.24:937][176]LogPlayLevel: PIE: StaticDuplicateObject took: (0.030861s)
[2020.02.27-02.05.24:937][176]LogAIModule: Creating AISystem for world FirstPersonExampleMap
[2020.02.27-02.05.24:937][176]LogPlayLevel: PIE: World Init took: (0.000646s)
[2020.02.27-02.05.24:937][176]LogPlayLevel: PIE: Created PIE world by copying editor world from /Game/FirstPersonBP/Maps/FirstPersonExampleMap.FirstPersonExampleMap to /Game/FirstPersonBP/Maps/UEDPIE_0_FirstPersonExampleMap.FirstPersonExampleMap (0.031691s)
[2020.02.27-02.05.24:977][176]LogUObjectHash: Compacting FUObjectHashTables data took   3.31ms
[2020.02.27-02.05.24:990][176]LogInit: XAudio2 using 'Speakers (Realtek High Definition Audio)' : 2 channels at 48 kHz using 32 bits per sample (channel mask 0x3)
[2020.02.27-02.05.25:013][176]LogInit: FAudioDevice initialized.
[2020.02.27-02.05.25:057][176]LogLoad: Game class is 'FirstPersonGameMode_C'
[2020.02.27-02.05.25:088][176]LogWorld: Bringing World /Game/FirstPersonBP/Maps/UEDPIE_0_FirstPersonExampleMap.FirstPersonExampleMap up for play (max tick rate 60) at 2020.02.26-18.05.25
[2020.02.27-02.05.25:092][176]LogWorld: Bringing up level for play took: 0.032975
[2020.02.27-02.05.25:107][176]LogGameMode: FindPlayerStart: PATHS NOT DEFINED or NO PLAYERSTART with positive rating
[2020.02.27-02.05.25:109][176]PIE: Play in editor start time for /Game/FirstPersonBP/Maps/UEDPIE_0_FirstPersonExampleMap 0.445
[2020.02.27-02.05.25:109][176]LogBlueprintUserMessages: Late PlayInEditor Detection: Level '/Game/FirstPersonBP/Maps/FirstPersonExampleMap.FirstPersonExampleMap:PersistentLevel' has LevelScriptBlueprint '/Game/FirstPersonBP/Maps/FirstPersonExampleMap.FirstPersonExampleMap:PersistentLevel.FirstPersonExampleMap' with GeneratedClass '/Game/FirstPersonBP/Maps/FirstPersonExampleMap.FirstPersonExampleMap_C' with ClassGeneratedBy '/Game/FirstPersonBP/Maps/FirstPersonExampleMap.FirstPersonExampleMap:PersistentLevel.FirstPersonExampleMap'
[2020.02.27-02.05.26:217][212]LogSlate: FSceneViewport::OnFocusLost() reason 0
[2020.02.27-02.05.41:405][ 86]LogBlueprintUserMessages: Early EndPlayMap Detection: Level '/Game/FirstPersonBP/Maps/FirstPersonExampleMap.FirstPersonExampleMap:PersistentLevel' has LevelScriptBlueprint '/Game/FirstPersonBP/Maps/FirstPersonExampleMap.FirstPersonExampleMap:PersistentLevel.FirstPersonExampleMap' with GeneratedClass '/Game/FirstPersonBP/Maps/FirstPersonExampleMap.FirstPersonExampleMap_C' with ClassGeneratedBy '/Game/FirstPersonBP/Maps/FirstPersonExampleMap.FirstPersonExampleMap:PersistentLevel.FirstPersonExampleMap'
[2020.02.27-02.05.41:406][ 86]LogSlate: Updating window title bar state: overlay mode, drag disabled, window buttons hidden, title bar hidden
[2020.02.27-02.05.41:447][ 86]LogPlayLevel: Display: Shutting down PIE online subsystems
[2020.02.27-02.05.41:447][ 86]LogBlueprintUserMessages: Late EndPlayMap Detection: Level '/Game/FirstPersonBP/Maps/FirstPersonExampleMap.FirstPersonExampleMap:PersistentLevel' has LevelScriptBlueprint '/Game/FirstPersonBP/Maps/FirstPersonExampleMap.FirstPersonExampleMap:PersistentLevel.FirstPersonExampleMap' with GeneratedClass '/Game/FirstPersonBP/Maps/FirstPersonExampleMap.FirstPersonExampleMap_C' with ClassGeneratedBy '/Game/FirstPersonBP/Maps/FirstPersonExampleMap.FirstPersonExampleMap:PersistentLevel.FirstPersonExampleMap'
[2020.02.27-02.05.41:486][ 86]LogSlate: Updating window title bar state: overlay mode, drag disabled, window buttons hidden, title bar hidden
[2020.02.27-02.05.41:492][ 86]LogUObjectHash: Compacting FUObjectHashTables data took   2.61ms
[2020.02.27-02.05.41:527][ 87]LogPlayLevel: Display: Destroying online subsystem :Context_17
[2020.02.27-02.05.44:632][173]LogSlate: FSceneViewport::OnFocusLost() reason 2
[2020.02.27-02.05.51:298][363]LogSlate: FSceneViewport::OnFocusLost() reason 0
[2020.02.27-02.05.51:556][365]LogSavePackage: Moving '../../../../../../Users/matth/Documents/GitHub/CS447_3DGame/gameDesignProject2/Saved/FirstPersonCharacter8210D1494E3998AF506CA7B094275DF9.tmp' to '../../../../../../Users/matth/Documents/GitHub/CS447_3DGame/gameDesignProject2/Content/FirstPersonBP/Blueprints/FirstPersonCharacter.uasset'
[2020.02.27-02.05.51:780][371]LogSlate: FSceneViewport::OnFocusLost() reason 0
[2020.02.27-02.05.51:826][372]BlueprintLog: New page: Compile FirstPersonCharacter
[2020.02.27-02.05.52:104][372]LogUObjectHash: Compacting FUObjectHashTables data took   3.25ms
[2020.02.27-02.05.55:536][478]LogSlate: FSceneViewport::OnFocusLost() reason 0
[2020.02.27-02.05.55:590][481]LogTemp: Repeating last play command: Selected Viewport
[2020.02.27-02.05.55:629][481]LogBlueprintUserMessages: Early PlayInEditor Detection: Level '/Game/FirstPersonBP/Maps/FirstPersonExampleMap.FirstPersonExampleMap:PersistentLevel' has LevelScriptBlueprint '/Game/FirstPersonBP/Maps/FirstPersonExampleMap.FirstPersonExampleMap:PersistentLevel.FirstPersonExampleMap' with GeneratedClass '/Game/FirstPersonBP/Maps/FirstPersonExampleMap.FirstPersonExampleMap_C' with ClassGeneratedBy '/Game/FirstPersonBP/Maps/FirstPersonExampleMap.FirstPersonExampleMap:PersistentLevel.FirstPersonExampleMap'
[2020.02.27-02.05.55:629][481]LogPlayLevel: PlayLevel: No blueprints needed recompiling
[2020.02.27-02.05.55:630][481]PIE: New page: PIE session: FirstPersonExampleMap (Feb 26, 2020, 10:05:55 AM)
[2020.02.27-02.05.55:630][481]LogPlayLevel: Creating play world package: /Game/FirstPersonBP/Maps/UEDPIE_0_FirstPersonExampleMap
[2020.02.27-02.05.55:661][481]LogPlayLevel: PIE: StaticDuplicateObject took: (0.030814s)
[2020.02.27-02.05.55:661][481]LogAIModule: Creating AISystem for world FirstPersonExampleMap
[2020.02.27-02.05.55:662][481]LogPlayLevel: PIE: World Init took: (0.000791s)
[2020.02.27-02.05.55:662][481]LogPlayLevel: PIE: Created PIE world by copying editor world from /Game/FirstPersonBP/Maps/FirstPersonExampleMap.FirstPersonExampleMap to /Game/FirstPersonBP/Maps/UEDPIE_0_FirstPersonExampleMap.FirstPersonExampleMap (0.031831s)
[2020.02.27-02.05.55:706][481]LogUObjectHash: Compacting FUObjectHashTables data took   3.71ms
[2020.02.27-02.05.55:718][481]LogInit: XAudio2 using 'Speakers (Realtek High Definition Audio)' : 2 channels at 48 kHz using 32 bits per sample (channel mask 0x3)
[2020.02.27-02.05.55:742][481]LogInit: FAudioDevice initialized.
[2020.02.27-02.05.55:771][481]LogLoad: Game class is 'FirstPersonGameMode_C'
[2020.02.27-02.05.55:783][481]LogWorld: Bringing World /Game/FirstPersonBP/Maps/UEDPIE_0_FirstPersonExampleMap.FirstPersonExampleMap up for play (max tick rate 60) at 2020.02.26-18.05.55
[2020.02.27-02.05.55:785][481]LogWorld: Bringing up level for play took: 0.012428
[2020.02.27-02.05.55:797][481]LogGameMode: FindPlayerStart: PATHS NOT DEFINED or NO PLAYERSTART with positive rating
[2020.02.27-02.05.55:798][481]PIE: Play in editor start time for /Game/FirstPersonBP/Maps/UEDPIE_0_FirstPersonExampleMap 1.135
[2020.02.27-02.05.55:798][481]LogBlueprintUserMessages: Late PlayInEditor Detection: Level '/Game/FirstPersonBP/Maps/FirstPersonExampleMap.FirstPersonExampleMap:PersistentLevel' has LevelScriptBlueprint '/Game/FirstPersonBP/Maps/FirstPersonExampleMap.FirstPersonExampleMap:PersistentLevel.FirstPersonExampleMap' with GeneratedClass '/Game/FirstPersonBP/Maps/FirstPersonExampleMap.FirstPersonExampleMap_C' with ClassGeneratedBy '/Game/FirstPersonBP/Maps/FirstPersonExampleMap.FirstPersonExampleMap:PersistentLevel.FirstPersonExampleMap'
[2020.02.27-02.06.31:413][ 78]LogBlueprintUserMessages: Early EndPlayMap Detection: Level '/Game/FirstPersonBP/Maps/FirstPersonExampleMap.FirstPersonExampleMap:PersistentLevel' has LevelScriptBlueprint '/Game/FirstPersonBP/Maps/FirstPersonExampleMap.FirstPersonExampleMap:PersistentLevel.FirstPersonExampleMap' with GeneratedClass '/Game/FirstPersonBP/Maps/FirstPersonExampleMap.FirstPersonExampleMap_C' with ClassGeneratedBy '/Game/FirstPersonBP/Maps/FirstPersonExampleMap.FirstPersonExampleMap:PersistentLevel.FirstPersonExampleMap'
[2020.02.27-02.06.31:414][ 78]LogSlate: Updating window title bar state: overlay mode, drag disabled, window buttons hidden, title bar hidden
[2020.02.27-02.06.31:486][ 78]LogPlayLevel: Display: Shutting down PIE online subsystems
[2020.02.27-02.06.31:487][ 78]LogBlueprintUserMessages: Late EndPlayMap Detection: Level '/Game/FirstPersonBP/Maps/FirstPersonExampleMap.FirstPersonExampleMap:PersistentLevel' has LevelScriptBlueprint '/Game/FirstPersonBP/Maps/FirstPersonExampleMap.FirstPersonExampleMap:PersistentLevel.FirstPersonExampleMap' with GeneratedClass '/Game/FirstPersonBP/Maps/FirstPersonExampleMap.FirstPersonExampleMap_C' with ClassGeneratedBy '/Game/FirstPersonBP/Maps/FirstPersonExampleMap.FirstPersonExampleMap:PersistentLevel.FirstPersonExampleMap'
[2020.02.27-02.06.31:624][ 78]LogSlate: Updating window title bar state: overlay mode, drag disabled, window buttons hidden, title bar hidden
[2020.02.27-02.06.31:640][ 78]LogUObjectHash: Compacting FUObjectHashTables data took   8.18ms
[2020.02.27-02.06.31:719][ 79]LogPlayLevel: Display: Destroying online subsystem :Context_18
[2020.02.27-02.07.20:923][334]LogSlate: FSceneViewport::OnFocusLost() reason 0
[2020.02.27-02.08.12:177][139]LogSavePackage: Moving '../../../../../../Users/matth/Documents/GitHub/CS447_3DGame/gameDesignProject2/Saved/FirstPersonCharacterB0D72D52486FE4341EBCA8980CF5431D.tmp' to '../../../../../../Users/matth/Documents/GitHub/CS447_3DGame/gameDesignProject2/Content/FirstPersonBP/Blueprints/FirstPersonCharacter.uasset'
[2020.02.27-02.08.12:485][148]LogSlate: FSceneViewport::OnFocusLost() reason 0
[2020.02.27-02.08.12:523][149]BlueprintLog: New page: Compile FirstPersonCharacter
[2020.02.27-02.08.12:795][149]LogUObjectHash: Compacting FUObjectHashTables data took   3.27ms
[2020.02.27-02.08.29:407][665]LogTemp: Repeating last play command: Selected Viewport
[2020.02.27-02.08.29:485][665]LogBlueprintUserMessages: Early PlayInEditor Detection: Level '/Game/FirstPersonBP/Maps/FirstPersonExampleMap.FirstPersonExampleMap:PersistentLevel' has LevelScriptBlueprint '/Game/FirstPersonBP/Maps/FirstPersonExampleMap.FirstPersonExampleMap:PersistentLevel.FirstPersonExampleMap' with GeneratedClass '/Game/FirstPersonBP/Maps/FirstPersonExampleMap.FirstPersonExampleMap_C' with ClassGeneratedBy '/Game/FirstPersonBP/Maps/FirstPersonExampleMap.FirstPersonExampleMap:PersistentLevel.FirstPersonExampleMap'
[2020.02.27-02.08.29:485][665]LogPlayLevel: PlayLevel: No blueprints needed recompiling
[2020.02.27-02.08.29:486][665]PIE: New page: PIE session: FirstPersonExampleMap (Feb 26, 2020, 10:08:29 AM)
[2020.02.27-02.08.29:486][665]LogPlayLevel: Creating play world package: /Game/FirstPersonBP/Maps/UEDPIE_0_FirstPersonExampleMap
[2020.02.27-02.08.29:517][665]LogPlayLevel: PIE: StaticDuplicateObject took: (0.031721s)
[2020.02.27-02.08.29:518][665]LogAIModule: Creating AISystem for world FirstPersonExampleMap
[2020.02.27-02.08.29:518][665]LogPlayLevel: PIE: World Init took: (0.000946s)
[2020.02.27-02.08.29:518][665]LogPlayLevel: PIE: Created PIE world by copying editor world from /Game/FirstPersonBP/Maps/FirstPersonExampleMap.FirstPersonExampleMap to /Game/FirstPersonBP/Maps/UEDPIE_0_FirstPersonExampleMap.FirstPersonExampleMap (0.032885s)
[2020.02.27-02.08.29:562][665]LogUObjectHash: Compacting FUObjectHashTables data took   3.63ms
[2020.02.27-02.08.29:576][665]LogInit: XAudio2 using 'Speakers (Realtek High Definition Audio)' : 2 channels at 48 kHz using 32 bits per sample (channel mask 0x3)
[2020.02.27-02.08.29:603][665]LogInit: FAudioDevice initialized.
[2020.02.27-02.08.29:641][665]LogLoad: Game class is 'FirstPersonGameMode_C'
[2020.02.27-02.08.29:658][665]LogWorld: Bringing World /Game/FirstPersonBP/Maps/UEDPIE_0_FirstPersonExampleMap.FirstPersonExampleMap up for play (max tick rate 60) at 2020.02.26-18.08.29
[2020.02.27-02.08.29:661][665]LogWorld: Bringing up level for play took: 0.018959
[2020.02.27-02.08.29:675][665]LogGameMode: FindPlayerStart: PATHS NOT DEFINED or NO PLAYERSTART with positive rating
[2020.02.27-02.08.29:676][665]PIE: Play in editor start time for /Game/FirstPersonBP/Maps/UEDPIE_0_FirstPersonExampleMap 1.012
[2020.02.27-02.08.29:676][665]LogBlueprintUserMessages: Late PlayInEditor Detection: Level '/Game/FirstPersonBP/Maps/FirstPersonExampleMap.FirstPersonExampleMap:PersistentLevel' has LevelScriptBlueprint '/Game/FirstPersonBP/Maps/FirstPersonExampleMap.FirstPersonExampleMap:PersistentLevel.FirstPersonExampleMap' with GeneratedClass '/Game/FirstPersonBP/Maps/FirstPersonExampleMap.FirstPersonExampleMap_C' with ClassGeneratedBy '/Game/FirstPersonBP/Maps/FirstPersonExampleMap.FirstPersonExampleMap:PersistentLevel.FirstPersonExampleMap'
[2020.02.27-02.08.30:198][678]LogSlate: FSceneViewport::OnFocusLost() reason 0
[2020.02.27-02.09.50:421][406]LogBlueprintUserMessages: Early EndPlayMap Detection: Level '/Game/FirstPersonBP/Maps/FirstPersonExampleMap.FirstPersonExampleMap:PersistentLevel' has LevelScriptBlueprint '/Game/FirstPersonBP/Maps/FirstPersonExampleMap.FirstPersonExampleMap:PersistentLevel.FirstPersonExampleMap' with GeneratedClass '/Game/FirstPersonBP/Maps/FirstPersonExampleMap.FirstPersonExampleMap_C' with ClassGeneratedBy '/Game/FirstPersonBP/Maps/FirstPersonExampleMap.FirstPersonExampleMap:PersistentLevel.FirstPersonExampleMap'
[2020.02.27-02.09.50:422][406]LogSlate: Updating window title bar state: overlay mode, drag disabled, window buttons hidden, title bar hidden
[2020.02.27-02.09.50:508][406]LogPlayLevel: Display: Shutting down PIE online subsystems
[2020.02.27-02.09.50:509][406]LogBlueprintUserMessages: Late EndPlayMap Detection: Level '/Game/FirstPersonBP/Maps/FirstPersonExampleMap.FirstPersonExampleMap:PersistentLevel' has LevelScriptBlueprint '/Game/FirstPersonBP/Maps/FirstPersonExampleMap.FirstPersonExampleMap:PersistentLevel.FirstPersonExampleMap' with GeneratedClass '/Game/FirstPersonBP/Maps/FirstPersonExampleMap.FirstPersonExampleMap_C' with ClassGeneratedBy '/Game/FirstPersonBP/Maps/FirstPersonExampleMap.FirstPersonExampleMap:PersistentLevel.FirstPersonExampleMap'
[2020.02.27-02.09.50:551][406]LogSlate: Updating window title bar state: overlay mode, drag disabled, window buttons hidden, title bar hidden
[2020.02.27-02.09.50:556][406]LogUObjectHash: Compacting FUObjectHashTables data took   2.32ms
[2020.02.27-02.09.50:587][407]LogPlayLevel: Display: Destroying online subsystem :Context_19
[2020.02.27-02.09.51:746][471]LogSlate: FSceneViewport::OnFocusLost() reason 0
[2020.02.27-02.09.52:230][492]LogUObjectHash: Compacting FUObjectHashTables data took   1.26ms
[2020.02.27-02.09.53:230][492]LogSlate: Window 'Save Content' being destroyed
[2020.02.27-02.09.53:247][492]LogSlate: FSceneViewport::OnFocusLost() reason 2
[2020.02.27-02.09.53:336][492]LogUObjectHash: Compacting FUObjectHashTables data took   0.86ms
[2020.02.27-02.09.53:820][492]LogSavePackage: Moving '../../../../../../Users/matth/Documents/GitHub/CS447_3DGame/gameDesignProject2/Saved/FirstPersonExampleMap332D88B5499FFE12C4B89B9F9B69E258.tmp' to '../../../../../../Users/matth/Documents/GitHub/CS447_3DGame/gameDesignProject2/Content/FirstPersonBP/Maps/FirstPersonExampleMap.umap'
[2020.02.27-02.09.53:865][492]LogFileHelpers: Saving map 'FirstPersonExampleMap' took 0.572
