Log file open, 03/10/20 18:11:32
LogWindows: Failed to load 'aqProf.dll' (GetLastError=126)
LogWindows: File 'aqProf.dll' does not exist
LogWindows: Failed to load 'VtuneApi.dll' (GetLastError=126)
LogWindows: File 'VtuneApi.dll' does not exist
LogWindows: Failed to load 'VtuneApi32e.dll' (GetLastError=126)
LogWindows: File 'VtuneApi32e.dll' does not exist
LogConsoleResponse: Display: Failed to find resolution value strings in scalability ini. Falling back to default.
LogInit: Display: Running engine for game: game3D
LogPakFile: Registered encryption key '00000000000000000000000000000000': 0 pak files mounted, 0 remain pending
LogPlatformFile: Not using cached read wrapper
LogTaskGraph: Started task graph with 5 named threads and 23 total threads with 3 sets of task threads.
LogStats: Stats thread started at 0.272837
LogD3D11RHI: Loaded GFSDK_Aftermath_Lib.x64.dll
LogICUInternationalization: ICU TimeZone Detection - Raw Offset: -8:00, Platform Override: ''
LogPluginManager: Mounting plugin Paper2D
LogPluginManager: Mounting plugin AISupport
LogPluginManager: Mounting plugin LightPropagationVolume
LogPluginManager: Mounting plugin ActorLayerUtilities
LogPluginManager: Mounting plugin AnimationSharing
LogPluginManager: Mounting plugin CLionSourceCodeAccess
LogPluginManager: Mounting plugin CodeLiteSourceCodeAccess
LogPluginManager: Mounting plugin GitSourceControl
LogPluginManager: Mounting plugin KDevelopSourceCodeAccess
LogPluginManager: Mounting plugin NullSourceCodeAccess
LogPluginManager: Mounting plugin PerforceSourceControl
LogPluginManager: Mounting plugin SubversionSourceControl
LogPluginManager: Mounting plugin UObjectPlugin
LogPluginManager: Mounting plugin VisualStudioCodeSourceCodeAccess
LogPluginManager: Mounting plugin VisualStudioSourceCodeAccess
LogPluginManager: Mounting plugin XCodeSourceCodeAccess
LogPluginManager: Mounting plugin AssetManagerEditor
LogPluginManager: Mounting plugin CryptoKeys
LogPluginManager: Mounting plugin DataValidation
LogPluginManager: Mounting plugin FacialAnimation
LogPluginManager: Mounting plugin GameplayTagsEditor
LogPluginManager: Mounting plugin MacGraphicsSwitching
LogPluginManager: Mounting plugin MaterialAnalyzer
LogPluginManager: Mounting plugin MobileLauncherProfileWizard
LogPluginManager: Mounting plugin PluginBrowser
LogPluginManager: Mounting plugin SpeedTreeImporter
LogPluginManager: Mounting plugin DatasmithContent
LogPluginManager: Mounting plugin VariantManagerContent
LogPluginManager: Mounting plugin AlembicImporter
LogPluginManager: Mounting plugin AppleImageUtils
LogPluginManager: Mounting plugin AppleVision
LogPluginManager: Mounting plugin BackChannel
LogPluginManager: Mounting plugin CharacterAI
LogPluginManager: Mounting plugin GeometryCache
LogPluginManager: Mounting plugin HTML5Networking
LogPluginManager: Mounting plugin ProxyLODPlugin
LogPluginManager: Mounting plugin SkeletalReduction
LogPluginManager: Mounting plugin MagicLeap
LogPluginManager: Mounting plugin MagicLeapMedia
LogPluginManager: Mounting plugin AndroidMedia
LogPluginManager: Mounting plugin AvfMedia
LogPluginManager: Mounting plugin ImgMedia
LogPluginManager: Mounting plugin LinearTimecode
LogPluginManager: Mounting plugin MediaCompositing
LogPluginManager: Mounting plugin MediaPlayerEditor
LogPluginManager: Mounting plugin WebMMedia
LogPluginManager: Mounting plugin WmfMedia
LogPluginManager: Mounting plugin TcpMessaging
LogPluginManager: Mounting plugin UdpMessaging
LogPluginManager: Mounting plugin ActorSequence
LogPluginManager: Mounting plugin LevelSequenceEditor
LogPluginManager: Mounting plugin MatineeToLevelSequence
LogPluginManager: Mounting plugin NetcodeUnitTest
LogPluginManager: Mounting plugin NUTUnrealEngine4
LogPluginManager: Mounting plugin OnlineSubsystemGooglePlay
LogPluginManager: Mounting plugin OnlineSubsystemIOS
LogPluginManager: Mounting plugin OnlineSubsystem
LogPluginManager: Mounting plugin OnlineSubsystemNull
LogPluginManager: Mounting plugin OnlineSubsystemUtils
LogPluginManager: Mounting plugin LauncherChunkInstaller
LogPluginManager: Mounting plugin AndroidDeviceProfileSelector
LogPluginManager: Mounting plugin AndroidMoviePlayer
LogPluginManager: Mounting plugin AndroidPermission
LogPluginManager: Mounting plugin AppleMoviePlayer
LogPluginManager: Mounting plugin ArchVisCharacter
LogPluginManager: Mounting plugin AudioCapture
LogPluginManager: Mounting plugin CableComponent
LogPluginManager: Mounting plugin CustomMeshComponent
LogPluginManager: Mounting plugin EditableMesh
LogPluginManager: Mounting plugin ExampleDeviceProfileSelector
LogPluginManager: Mounting plugin Firebase
LogPluginManager: Mounting plugin GoogleCloudMessaging
LogPluginManager: Mounting plugin IOSDeviceProfileSelector
LogPluginManager: Mounting plugin LinuxDeviceProfileSelector
LogPluginManager: Mounting plugin LocationServicesBPLibrary
LogPluginManager: Mounting plugin MobilePatchingUtils
LogPluginManager: Mounting plugin OculusVR
LogPluginManager: Mounting plugin PhysXVehicles
LogPluginManager: Mounting plugin ProceduralMeshComponent
LogPluginManager: Mounting plugin RuntimePhysXCooking
LogPluginManager: Mounting plugin SignificanceManager
LogPluginManager: Mounting plugin SteamVR
LogPluginManager: Mounting plugin WebMMoviePlayer
LogPluginManager: Mounting plugin WindowsMoviePlayer
LogInit: Using libcurl 7.55.1-DEV
LogInit:  - built for x86_64-pc-win32
LogInit:  - supports SSL with OpenSSL/1.1.1
LogInit:  - supports HTTP deflate (compression) using libz 1.2.8
LogInit:  - other features:
LogInit:      CURL_VERSION_SSL
LogInit:      CURL_VERSION_LIBZ
LogInit:      CURL_VERSION_IPV6
LogInit:      CURL_VERSION_ASYNCHDNS
LogInit:      CURL_VERSION_LARGEFILE
LogInit:      CURL_VERSION_IDN
LogInit:  CurlRequestOptions (configurable via config and command line):
LogInit:  - bVerifyPeer = true  - Libcurl will verify peer certificate
LogInit:  - bUseHttpProxy = false  - Libcurl will NOT use HTTP proxy
LogInit:  - bDontReuseConnections = false  - Libcurl will reuse connections
LogInit:  - MaxHostConnections = 16  - Libcurl will limit the number of connections to a host
LogInit:  - LocalHostAddr = Default
LogInit:  - BufferSize = 65536
LogInit: WinSock: version 1.1 (2.2), MaxSocks=32767, MaxUdp=65467
LogHMD: Failed initializing OVRPlugin 1.32.0
LogInit: Build: ++UE4+Release-4.22-CL-7053642
LogInit: Engine Version: 4.22.3-7053642+++UE4+Release-4.22
LogInit: Compatible Engine Version: 4.22.0-5660361+++UE4+Release-4.22
LogInit: Net CL: 5660361
LogInit: OS: Windows 10 (Release 1903) (), CPU: Intel(R) Core(TM) i7-7700HQ CPU @ 2.80GHz, GPU: NVIDIA GeForce GTX 1060
LogInit: Compiled (64-bit): Jun 18 2019 03:09:11
LogInit: Compiled with Visual C++: 19.16.27025.01
LogInit: Build Configuration: Development
LogInit: Branch Name: ++UE4+Release-4.22
LogInit: Command Line: 
LogInit: Base Directory: D:/Apps/Unreal/UE_4.22/Engine/Binaries/Win64/
LogInit: Installed Engine Build: 1
LogDevObjectVersion: Number of dev versions registered: 23
LogDevObjectVersion:   Dev-Blueprints (B0D832E4-1F89-4F0D-ACCF-7EB736FD4AA2): 10
LogDevObjectVersion:   Dev-Build (E1C64328-A22C-4D53-A36C-8E866417BD8C): 0
LogDevObjectVersion:   Dev-Core (375EC13C-06E4-48FB-B500-84F0262A717E): 3
LogDevObjectVersion:   Dev-Editor (E4B068ED-F494-42E9-A231-DA0B2E46BB41): 30
LogDevObjectVersion:   Dev-Framework (CFFC743F-43B0-4480-9391-14DF171D2073): 35
LogDevObjectVersion:   Dev-Mobile (B02B49B5-BB20-44E9-A304-32B752E40360): 2
LogDevObjectVersion:   Dev-Networking (A4E4105C-59A1-49B5-A7C5-40C4547EDFEE): 0
LogDevObjectVersion:   Dev-Online (39C831C9-5AE6-47DC-9A44-9C173E1C8E7C): 0
LogDevObjectVersion:   Dev-Physics (78F01B33-EBEA-4F98-B9B4-84EACCB95AA2): 0
LogDevObjectVersion:   Dev-Platform (6631380F-2D4D-43E0-8009-CF276956A95A): 0
LogDevObjectVersion:   Dev-Rendering (12F88B9F-8875-4AFC-A67C-D90C383ABD29): 28
LogDevObjectVersion:   Dev-Sequencer (7B5AE74C-D270-4C10-A958-57980B212A5A): 11
LogDevObjectVersion:   Dev-VR (D7296918-1DD6-4BDD-9DE2-64A83CC13884): 2
LogDevObjectVersion:   Dev-LoadTimes (C2A15278-BFE7-4AFE-6C17-90FF531DF755): 1
LogDevObjectVersion:   Private-Geometry (6EACA3D4-40EC-4CC1-B786-8BED09428FC5): 3
LogDevObjectVersion:   Dev-AnimPhys (29E575DD-E0A3-4627-9D10-D276232CDCEA): 17
LogDevObjectVersion:   Dev-Anim (AF43A65D-7FD3-4947-9873-3E8ED9C1BB05): 2
LogDevObjectVersion:   Dev-ReflectionCapture (6B266CEC-1EC7-4B8F-A30B-E4D90942FC07): 1
LogDevObjectVersion:   Dev-Automation (0DF73D61-A23F-47EA-B727-89E90C41499A): 1
LogDevObjectVersion:   FortniteMain (601D1886-AC64-4F84-AA16-D3DE0DEAC7D6): 25
LogDevObjectVersion:   Dev-Enterprise (9DFFBCD6-494F-0158-E221-12823C92A888): 6
LogDevObjectVersion:   Dev-Niagara (F2AED0AC-9AFE-416F-8664-AA7FFA26D6FC): 1
LogDevObjectVersion:   Dev-Destruction (174F1F0B-B4C6-45A5-B13F-2EE8D0FB917D): 2
LogInit: Presizing for max 16777216 objects, including 0 objects not considered by GC, pre-allocating 0 bytes for permanent pool.
LogInit: Object subsystem initialized
LogConfig: Setting CVar [[con.DebugEarlyDefault:1]]
LogConfig: Setting CVar [[r.setres:1280x720]]
[2020.03.11-01.11.33:045][  0]LogConfig: Setting CVar [[r.VSync:0]]
[2020.03.11-01.11.33:045][  0]LogConfig: Setting CVar [[r.RHICmdBypass:0]]
[2020.03.11-01.11.33:045][  0]LogConfig: Applying CVar settings from Section [/Script/Engine.RendererSettings] File [D:/Apps/Unreal/Projects/2.24/project2/space/gameDesignProject2/Saved/Config/Windows/Engine.ini]
[2020.03.11-01.11.33:046][  0]LogConfig: Setting CVar [[r.GPUCrashDebugging:0]]
[2020.03.11-01.11.33:046][  0]LogConfig: Setting CVar [[r.MobileHDR:1]]
[2020.03.11-01.11.33:046][  0]LogConfig: Setting CVar [[r.Mobile.DisableVertexFog:1]]
[2020.03.11-01.11.33:046][  0]LogConfig: Setting CVar [[r.Shadow.CSM.MaxMobileCascades:2]]
[2020.03.11-01.11.33:046][  0]LogConfig: Setting CVar [[r.MobileMSAA:1]]
[2020.03.11-01.11.33:046][  0]LogConfig: Setting CVar [[r.Mobile.UseLegacyShadingModel:0]]
[2020.03.11-01.11.33:046][  0]LogConfig: Setting CVar [[r.Mobile.UseHWsRGBEncoding:0]]
[2020.03.11-01.11.33:046][  0]LogConfig: Setting CVar [[r.Mobile.AllowDitheredLODTransition:0]]
[2020.03.11-01.11.33:046][  0]LogConfig: Setting CVar [[r.Mobile.AllowSoftwareOcclusion:0]]
[2020.03.11-01.11.33:046][  0]LogConfig: Setting CVar [[r.DiscardUnusedQuality:0]]
[2020.03.11-01.11.33:046][  0]LogConfig: Setting CVar [[r.AllowOcclusionQueries:1]]
[2020.03.11-01.11.33:046][  0]LogConfig: Setting CVar [[r.MinScreenRadiusForLights:0.030000]]
[2020.03.11-01.11.33:046][  0]LogConfig: Setting CVar [[r.MinScreenRadiusForDepthPrepass:0.030000]]
[2020.03.11-01.11.33:046][  0]LogConfig: Setting CVar [[r.MinScreenRadiusForCSMDepth:0.010000]]
[2020.03.11-01.11.33:046][  0]LogConfig: Setting CVar [[r.PrecomputedVisibilityWarning:0]]
[2020.03.11-01.11.33:046][  0]LogConfig: Setting CVar [[r.TextureStreaming:1]]
[2020.03.11-01.11.33:046][  0]LogConfig: Setting CVar [[Compat.UseDXT5NormalMaps:0]]
[2020.03.11-01.11.33:046][  0]LogConfig: Setting CVar [[r.ClearCoatNormal:0]]
[2020.03.11-01.11.33:046][  0]LogConfig: Setting CVar [[r.ReflectionCaptureResolution:128]]
[2020.03.11-01.11.33:046][  0]LogConfig: Setting CVar [[r.ReflectionEnvironmentLightmapMixBasedOnRoughness:1]]
[2020.03.11-01.11.33:046][  0]LogConfig: Setting CVar [[r.ForwardShading:0]]
[2020.03.11-01.11.33:046][  0]LogConfig: Setting CVar [[r.VertexFoggingForOpaque:1]]
[2020.03.11-01.11.33:046][  0]LogConfig: Setting CVar [[r.AllowStaticLighting:1]]
[2020.03.11-01.11.33:046][  0]LogConfig: Setting CVar [[r.NormalMapsForStaticLighting:0]]
[2020.03.11-01.11.33:046][  0]LogConfig: Setting CVar [[r.GenerateMeshDistanceFields:0]]
[2020.03.11-01.11.33:046][  0]LogConfig: Setting CVar [[r.DistanceFieldBuild.EightBit:0]]
[2020.03.11-01.11.33:046][  0]LogConfig: Setting CVar [[r.GenerateLandscapeGIData:0]]
[2020.03.11-01.11.33:046][  0]LogConfig: Setting CVar [[r.DistanceFieldBuild.Compress:0]]
[2020.03.11-01.11.33:046][  0]LogConfig: Setting CVar [[r.TessellationAdaptivePixelsPerTriangle:48.000000]]
[2020.03.11-01.11.33:046][  0]LogConfig: Setting CVar [[r.SeparateTranslucency:1]]
[2020.03.11-01.11.33:046][  0]LogConfig: Setting CVar [[r.TranslucentSortPolicy:0]]
[2020.03.11-01.11.33:046][  0]LogConfig: Setting CVar [[r.CustomDepth:1]]
[2020.03.11-01.11.33:046][  0]LogConfig: Setting CVar [[r.CustomDepthTemporalAAJitter:1]]
[2020.03.11-01.11.33:046][  0]LogConfig: Setting CVar [[r.PostProcessing.PropagateAlpha:0]]
[2020.03.11-01.11.33:046][  0]LogConfig: Setting CVar [[r.DOF.Algorithm:1]]
[2020.03.11-01.11.33:046][  0]LogConfig: Setting CVar [[r.DefaultFeature.Bloom:1]]
[2020.03.11-01.11.33:046][  0]LogConfig: Setting CVar [[r.DefaultFeature.AmbientOcclusion:1]]
[2020.03.11-01.11.33:046][  0]LogConfig: Setting CVar [[r.DefaultFeature.AmbientOcclusionStaticFraction:1]]
[2020.03.11-01.11.33:046][  0]LogConfig: Setting CVar [[r.DefaultFeature.AutoExposure:0]]
[2020.03.11-01.11.33:046][  0]LogConfig: Setting CVar [[r.DefaultFeature.AutoExposure.Method:0]]
[2020.03.11-01.11.33:046][  0]LogConfig: Setting CVar [[r.DefaultFeature.AutoExposure.ExtendDefaultLuminanceRange:0]]
[2020.03.11-01.11.33:046][  0]LogConfig: Setting CVar [[r.UsePreExposure:0]]
[2020.03.11-01.11.33:046][  0]LogConfig: Setting CVar [[r.DefaultFeature.MotionBlur:0]]
[2020.03.11-01.11.33:046][  0]LogConfig: Setting CVar [[r.DefaultFeature.LensFlare:0]]
[2020.03.11-01.11.33:046][  0]LogConfig: Setting CVar [[r.TemporalAA.Upsampling:0]]
[2020.03.11-01.11.33:046][  0]LogConfig: Setting CVar [[r.DefaultFeature.AntiAliasing:0]]
[2020.03.11-01.11.33:046][  0]LogConfig: Setting CVar [[r.DefaultFeature.LightUnits:1]]
[2020.03.11-01.11.33:046][  0]LogConfig: Setting CVar [[r.DefaultBackBufferPixelFormat:4]]
[2020.03.11-01.11.33:046][  0]LogConfig: Setting CVar [[r.Shadow.UnbuiltPreviewInGame:1]]
[2020.03.11-01.11.33:046][  0]LogConfig: Setting CVar [[r.StencilForLODDither:0]]
[2020.03.11-01.11.33:046][  0]LogConfig: Setting CVar [[r.EarlyZPass:3]]
[2020.03.11-01.11.33:046][  0]LogConfig: Setting CVar [[r.EarlyZPassOnlyMaterialMasking:0]]
[2020.03.11-01.11.33:046][  0]LogConfig: Setting CVar [[r.DBuffer:1]]
[2020.03.11-01.11.33:046][  0]LogConfig: Setting CVar [[r.ClearSceneMethod:1]]
[2020.03.11-01.11.33:046][  0]LogConfig: Setting CVar [[r.BasePassOutputsVelocity:0]]
[2020.03.11-01.11.33:046][  0]LogConfig: Setting CVar [[r.SelectiveBasePassOutputs:0]]
[2020.03.11-01.11.33:046][  0]LogConfig: Setting CVar [[fx.GPUSimulationTextureSizeX:1024]]
[2020.03.11-01.11.33:046][  0]LogConfig: Setting CVar [[fx.GPUSimulationTextureSizeY:1024]]
[2020.03.11-01.11.33:046][  0]LogConfig: Setting CVar [[r.AllowGlobalClipPlane:0]]
[2020.03.11-01.11.33:046][  0]LogConfig: Setting CVar [[r.GBufferFormat:1]]
[2020.03.11-01.11.33:046][  0]LogConfig: Setting CVar [[r.MorphTarget.Mode:1]]
[2020.03.11-01.11.33:046][  0]LogConfig: Setting CVar [[vr.InstancedStereo:0]]
[2020.03.11-01.11.33:046][  0]LogConfig: Setting CVar [[vr.MultiView:0]]
[2020.03.11-01.11.33:046][  0]LogConfig: Setting CVar [[vr.MobileMultiView:0]]
[2020.03.11-01.11.33:046][  0]LogConfig: Setting CVar [[vr.MobileMultiView.Direct:0]]
[2020.03.11-01.11.33:046][  0]LogConfig: Setting CVar [[vr.RoundRobinOcclusion:0]]
[2020.03.11-01.11.33:046][  0]LogConfig: Setting CVar [[vr.ODSCapture:0]]
[2020.03.11-01.11.33:046][  0]LogConfig: Setting CVar [[r.WireframeCullThreshold:5.000000]]
[2020.03.11-01.11.33:046][  0]LogConfig: Setting CVar [[r.RayTracing:0]]
[2020.03.11-01.11.33:046][  0]LogConfig: Setting CVar [[r.SupportStationarySkylight:1]]
[2020.03.11-01.11.33:046][  0]LogConfig: Setting CVar [[r.SupportLowQualityLightmaps:1]]
[2020.03.11-01.11.33:046][  0]LogConfig: Setting CVar [[r.SupportPointLightWholeSceneShadows:1]]
[2020.03.11-01.11.33:046][  0]LogConfig: Setting CVar [[r.SupportAtmosphericFog:1]]
[2020.03.11-01.11.33:046][  0]LogConfig: Setting CVar [[r.SkinCache.CompileShaders:0]]
[2020.03.11-01.11.33:046][  0]LogConfig: Setting CVar [[r.Mobile.EnableStaticAndCSMShadowReceivers:1]]
[2020.03.11-01.11.33:046][  0]LogConfig: Setting CVar [[r.Mobile.EnableMovableLightCSMShaderCulling:1]]
[2020.03.11-01.11.33:046][  0]LogConfig: Setting CVar [[r.Mobile.AllowDistanceFieldShadows:1]]
[2020.03.11-01.11.33:046][  0]LogConfig: Setting CVar [[r.Mobile.AllowMovableDirectionalLights:1]]
[2020.03.11-01.11.33:046][  0]LogConfig: Setting CVar [[r.MobileNumDynamicPointLights:4]]
[2020.03.11-01.11.33:046][  0]LogConfig: Setting CVar [[r.MobileDynamicPointLightsUseStaticBranch:1]]
[2020.03.11-01.11.33:046][  0]LogConfig: Setting CVar [[r.Mobile.EnableMovableSpotlights:0]]
[2020.03.11-01.11.33:047][  0]LogConfig: Setting CVar [[r.SkinCache.SceneMemoryLimitInMB:128.000000]]
[2020.03.11-01.11.33:047][  0]LogConfig: Setting CVar [[r.GPUSkin.Limit2BoneInfluences:0]]
[2020.03.11-01.11.33:047][  0]LogConfig: Setting CVar [[r.SupportDepthOnlyIndexBuffers:1]]
[2020.03.11-01.11.33:047][  0]LogConfig: Setting CVar [[r.SupportReversedIndexBuffers:1]]
[2020.03.11-01.11.33:047][  0]LogConfig: Setting CVar [[r.SupportMaterialLayers:0]]
[2020.03.11-01.11.33:047][  0]LogConfig: Applying CVar settings from Section [/Script/Engine.RendererOverrideSettings] File [D:/Apps/Unreal/Projects/2.24/project2/space/gameDesignProject2/Saved/Config/Windows/Engine.ini]
[2020.03.11-01.11.33:047][  0]LogConfig: Applying CVar settings from Section [/Script/Engine.StreamingSettings] File [D:/Apps/Unreal/Projects/2.24/project2/space/gameDesignProject2/Saved/Config/Windows/Engine.ini]
[2020.03.11-01.11.33:047][  0]LogConfig: Setting CVar [[s.MinBulkDataSizeForAsyncLoading:131072]]
[2020.03.11-01.11.33:047][  0]LogConfig: Setting CVar [[s.AsyncLoadingThreadEnabled:0]]
[2020.03.11-01.11.33:047][  0]LogConfig: Setting CVar [[s.EventDrivenLoaderEnabled:1]]
[2020.03.11-01.11.33:047][  0]LogConfig: Setting CVar [[s.WarnIfTimeLimitExceeded:0]]
[2020.03.11-01.11.33:047][  0]LogConfig: Setting CVar [[s.TimeLimitExceededMultiplier:1.5]]
[2020.03.11-01.11.33:047][  0]LogConfig: Setting CVar [[s.TimeLimitExceededMinTime:0.005]]
[2020.03.11-01.11.33:047][  0]LogConfig: Setting CVar [[s.UseBackgroundLevelStreaming:1]]
[2020.03.11-01.11.33:047][  0]LogConfig: Setting CVar [[s.PriorityAsyncLoadingExtraTime:15.0]]
[2020.03.11-01.11.33:047][  0]LogConfig: Setting CVar [[s.LevelStreamingActorsUpdateTimeLimit:5.0]]
[2020.03.11-01.11.33:047][  0]LogConfig: Setting CVar [[s.PriorityLevelStreamingActorsUpdateExtraTime:5.0]]
[2020.03.11-01.11.33:047][  0]LogConfig: Setting CVar [[s.LevelStreamingComponentsRegistrationGranularity:10]]
[2020.03.11-01.11.33:047][  0]LogConfig: Setting CVar [[s.UnregisterComponentsTimeLimit:1.0]]
[2020.03.11-01.11.33:047][  0]LogConfig: Setting CVar [[s.LevelStreamingComponentsUnregistrationGranularity:5]]
[2020.03.11-01.11.33:047][  0]LogConfig: Applying CVar settings from Section [/Script/Engine.GarbageCollectionSettings] File [D:/Apps/Unreal/Projects/2.24/project2/space/gameDesignProject2/Saved/Config/Windows/Engine.ini]
[2020.03.11-01.11.33:047][  0]LogConfig: Setting CVar [[gc.MaxObjectsNotConsideredByGC:1]]
[2020.03.11-01.11.33:047][  0]LogConfig: Setting CVar [[gc.SizeOfPermanentObjectPool:0]]
[2020.03.11-01.11.33:047][  0]LogConfig: Setting CVar [[gc.FlushStreamingOnGC:0]]
[2020.03.11-01.11.33:047][  0]LogConfig: Setting CVar [[gc.NumRetriesBeforeForcingGC:10]]
[2020.03.11-01.11.33:047][  0]LogConfig: Setting CVar [[gc.AllowParallelGC:1]]
[2020.03.11-01.11.33:047][  0]LogConfig: Setting CVar [[gc.TimeBetweenPurgingPendingKillObjects:61.1]]
[2020.03.11-01.11.33:047][  0]LogConfig: Setting CVar [[gc.MaxObjectsInEditor:16777216]]
[2020.03.11-01.11.33:047][  0]LogConfig: Setting CVar [[gc.IncrementalBeginDestroyEnabled:1]]
[2020.03.11-01.11.33:047][  0]LogConfig: Setting CVar [[gc.CreateGCClusters:1]]
[2020.03.11-01.11.33:047][  0]LogConfig: Setting CVar [[gc.MinGCClusterSize:5]]
[2020.03.11-01.11.33:047][  0]LogConfig: Setting CVar [[gc.ActorClusteringEnabled:0]]
[2020.03.11-01.11.33:047][  0]LogConfig: Setting CVar [[gc.BlueprintClusteringEnabled:0]]
[2020.03.11-01.11.33:047][  0]LogConfig: Setting CVar [[gc.UseDisregardForGCOnDedicatedServers:0]]
[2020.03.11-01.11.33:047][  0]LogConfig: Applying CVar settings from Section [/Script/Engine.NetworkSettings] File [D:/Apps/Unreal/Projects/2.24/project2/space/gameDesignProject2/Saved/Config/Windows/Engine.ini]
[2020.03.11-01.11.33:047][  0]LogConfig: Applying CVar settings from Section [/Script/UnrealEd.CookerSettings] File [D:/Apps/Unreal/Projects/2.24/project2/space/gameDesignProject2/Saved/Config/Windows/Engine.ini]
[2020.03.11-01.11.33:049][  0]LogConfig: Applying CVar settings from Section [ViewDistanceQuality@3] File [D:/Apps/Unreal/Projects/2.24/project2/space/gameDesignProject2/Saved/Config/Windows/Scalability.ini]
[2020.03.11-01.11.33:049][  0]LogConfig: Setting CVar [[r.SkeletalMeshLODBias:0]]
[2020.03.11-01.11.33:049][  0]LogConfig: Setting CVar [[r.ViewDistanceScale:1.0]]
[2020.03.11-01.11.33:049][  0]LogConfig: Applying CVar settings from Section [AntiAliasingQuality@3] File [D:/Apps/Unreal/Projects/2.24/project2/space/gameDesignProject2/Saved/Config/Windows/Scalability.ini]
[2020.03.11-01.11.33:049][  0]LogConfig: Setting CVar [[r.PostProcessAAQuality:4]]
[2020.03.11-01.11.33:049][  0]LogConfig: Applying CVar settings from Section [ShadowQuality@3] File [D:/Apps/Unreal/Projects/2.24/project2/space/gameDesignProject2/Saved/Config/Windows/Scalability.ini]
[2020.03.11-01.11.33:049][  0]LogConfig: Setting CVar [[r.LightFunctionQuality:1]]
[2020.03.11-01.11.33:049][  0]LogConfig: Setting CVar [[r.ShadowQuality:5]]
[2020.03.11-01.11.33:049][  0]LogConfig: Setting CVar [[r.Shadow.CSM.MaxCascades:10]]
[2020.03.11-01.11.33:049][  0]LogConfig: Setting CVar [[r.Shadow.MaxResolution:2048]]
[2020.03.11-01.11.33:049][  0]LogConfig: Setting CVar [[r.Shadow.MaxCSMResolution:2048]]
[2020.03.11-01.11.33:049][  0]LogConfig: Setting CVar [[r.Shadow.RadiusThreshold:0.01]]
[2020.03.11-01.11.33:049][  0]LogConfig: Setting CVar [[r.Shadow.DistanceScale:1.0]]
[2020.03.11-01.11.33:049][  0]LogConfig: Setting CVar [[r.Shadow.CSM.TransitionScale:1.0]]
[2020.03.11-01.11.33:049][  0]LogConfig: Setting CVar [[r.Shadow.PreShadowResolutionFactor:1.0]]
[2020.03.11-01.11.33:049][  0]LogConfig: Setting CVar [[r.DistanceFieldShadowing:1]]
[2020.03.11-01.11.33:049][  0]LogConfig: Setting CVar [[r.DistanceFieldAO:1]]
[2020.03.11-01.11.33:049][  0]LogConfig: Setting CVar [[r.AOQuality:2]]
[2020.03.11-01.11.33:049][  0]LogConfig: Setting CVar [[r.VolumetricFog:1]]
[2020.03.11-01.11.33:049][  0]LogConfig: Setting CVar [[r.VolumetricFog.GridPixelSize:8]]
[2020.03.11-01.11.33:049][  0]LogConfig: Setting CVar [[r.VolumetricFog.GridSizeZ:128]]
[2020.03.11-01.11.33:049][  0]LogConfig: Setting CVar [[r.VolumetricFog.HistoryMissSupersampleCount:4]]
[2020.03.11-01.11.33:049][  0]LogConfig: Setting CVar [[r.LightMaxDrawDistanceScale:1]]
[2020.03.11-01.11.33:049][  0]LogConfig: Setting CVar [[r.CapsuleShadows:1]]
[2020.03.11-01.11.33:049][  0]LogConfig: Applying CVar settings from Section [PostProcessQuality@3] File [D:/Apps/Unreal/Projects/2.24/project2/space/gameDesignProject2/Saved/Config/Windows/Scalability.ini]
[2020.03.11-01.11.33:049][  0]LogConfig: Setting CVar [[r.MotionBlurQuality:4]]
[2020.03.11-01.11.33:049][  0]LogConfig: Setting CVar [[r.AmbientOcclusionMipLevelFactor:0.4]]
[2020.03.11-01.11.33:049][  0]LogConfig: Setting CVar [[r.AmbientOcclusionMaxQuality:100]]
[2020.03.11-01.11.33:049][  0]LogConfig: Setting CVar [[r.AmbientOcclusionLevels:-1]]
[2020.03.11-01.11.33:049][  0]LogConfig: Setting CVar [[r.AmbientOcclusionRadiusScale:1.0]]
[2020.03.11-01.11.33:049][  0]LogConfig: Setting CVar [[r.DepthOfFieldQuality:2]]
[2020.03.11-01.11.33:049][  0]LogConfig: Setting CVar [[r.RenderTargetPoolMin:400]]
[2020.03.11-01.11.33:049][  0]LogConfig: Setting CVar [[r.LensFlareQuality:2]]
[2020.03.11-01.11.33:049][  0]LogConfig: Setting CVar [[r.SceneColorFringeQuality:1]]
[2020.03.11-01.11.33:049][  0]LogConfig: Setting CVar [[r.EyeAdaptationQuality:2]]
[2020.03.11-01.11.33:049][  0]LogConfig: Setting CVar [[r.BloomQuality:5]]
[2020.03.11-01.11.33:049][  0]LogConfig: Setting CVar [[r.FastBlurThreshold:100]]
[2020.03.11-01.11.33:049][  0]LogConfig: Setting CVar [[r.Upscale.Quality:3]]
[2020.03.11-01.11.33:049][  0]LogConfig: Setting CVar [[r.Tonemapper.GrainQuantization:1]]
[2020.03.11-01.11.33:049][  0]LogConfig: Setting CVar [[r.LightShaftQuality:1]]
[2020.03.11-01.11.33:049][  0]LogConfig: Setting CVar [[r.Filter.SizeScale:1]]
[2020.03.11-01.11.33:050][  0]LogConfig: Setting CVar [[r.Tonemapper.Quality:5]]
[2020.03.11-01.11.33:050][  0]LogConfig: Setting CVar [[r.DOF.Gather.AccumulatorQuality:1        ; higher gathering accumulator quality]]
[2020.03.11-01.11.33:050][  0]LogConfig: Setting CVar [[r.DOF.Gather.PostfilterMethod:1          ; Median3x3 postfilering method]]
[2020.03.11-01.11.33:050][  0]LogConfig: Setting CVar [[r.DOF.Gather.EnableBokehSettings:0       ; no bokeh simulation when gathering]]
[2020.03.11-01.11.33:050][  0]LogConfig: Setting CVar [[r.DOF.Gather.RingCount:4                 ; medium number of samples when gathering]]
[2020.03.11-01.11.33:050][  0]LogConfig: Setting CVar [[r.DOF.Scatter.ForegroundCompositing:1    ; additive foreground scattering]]
[2020.03.11-01.11.33:050][  0]LogConfig: Setting CVar [[r.DOF.Scatter.BackgroundCompositing:2    ; additive background scattering]]
[2020.03.11-01.11.33:050][  0]LogConfig: Setting CVar [[r.DOF.Scatter.EnableBokehSettings:1      ; bokeh simulation when scattering]]
[2020.03.11-01.11.33:050][  0]LogConfig: Setting CVar [[r.DOF.Scatter.MaxSpriteRatio:0.1         ; only a maximum of 10% of scattered bokeh]]
[2020.03.11-01.11.33:050][  0]LogConfig: Setting CVar [[r.DOF.Recombine.Quality:1                ; cheap slight out of focus]]
[2020.03.11-01.11.33:050][  0]LogConfig: Setting CVar [[r.DOF.Recombine.EnableBokehSettings:0    ; no bokeh simulation on slight out of focus]]
[2020.03.11-01.11.33:050][  0]LogConfig: Setting CVar [[r.DOF.TemporalAAQuality:1                ; more stable temporal accumulation]]
[2020.03.11-01.11.33:050][  0]LogConfig: Setting CVar [[r.DOF.Kernel.MaxForegroundRadius:0.025]]
[2020.03.11-01.11.33:050][  0]LogConfig: Setting CVar [[r.DOF.Kernel.MaxBackgroundRadius:0.025]]
[2020.03.11-01.11.33:050][  0]LogConfig: Applying CVar settings from Section [TextureQuality@3] File [D:/Apps/Unreal/Projects/2.24/project2/space/gameDesignProject2/Saved/Config/Windows/Scalability.ini]
[2020.03.11-01.11.33:050][  0]LogConfig: Setting CVar [[r.Streaming.MipBias:0]]
[2020.03.11-01.11.33:050][  0]LogConfig: Setting CVar [[r.Streaming.AmortizeCPUToGPUCopy:0]]
[2020.03.11-01.11.33:050][  0]LogConfig: Setting CVar [[r.Streaming.MaxNumTexturesToStreamPerFrame:0]]
[2020.03.11-01.11.33:050][  0]LogConfig: Setting CVar [[r.Streaming.Boost:1]]
[2020.03.11-01.11.33:050][  0]LogConfig: Setting CVar [[r.MaxAnisotropy:8]]
[2020.03.11-01.11.33:050][  0]LogConfig: Setting CVar [[r.Streaming.LimitPoolSizeToVRAM:0]]
[2020.03.11-01.11.33:050][  0]LogConfig: Setting CVar [[r.Streaming.PoolSize:1000]]
[2020.03.11-01.11.33:050][  0]LogConfig: Setting CVar [[r.Streaming.MaxEffectiveScreenSize:0]]
[2020.03.11-01.11.33:050][  0]LogConfig: Applying CVar settings from Section [EffectsQuality@3] File [D:/Apps/Unreal/Projects/2.24/project2/space/gameDesignProject2/Saved/Config/Windows/Scalability.ini]
[2020.03.11-01.11.33:050][  0]LogConfig: Setting CVar [[r.TranslucencyLightingVolumeDim:64]]
[2020.03.11-01.11.33:050][  0]LogConfig: Setting CVar [[r.RefractionQuality:2]]
[2020.03.11-01.11.33:050][  0]LogConfig: Setting CVar [[r.SSR.Quality:3]]
[2020.03.11-01.11.33:050][  0]LogConfig: Setting CVar [[r.SceneColorFormat:4]]
[2020.03.11-01.11.33:050][  0]LogConfig: Setting CVar [[r.DetailMode:2]]
[2020.03.11-01.11.33:050][  0]LogConfig: Setting CVar [[r.TranslucencyVolumeBlur:1]]
[2020.03.11-01.11.33:050][  0]LogConfig: Setting CVar [[r.MaterialQualityLevel:1 ; High quality]]
[2020.03.11-01.11.33:050][  0]LogConfig: Setting CVar [[r.SSS.Scale:1]]
[2020.03.11-01.11.33:050][  0]LogConfig: Setting CVar [[r.SSS.SampleSet:2]]
[2020.03.11-01.11.33:050][  0]LogConfig: Setting CVar [[r.SSS.Quality:1]]
[2020.03.11-01.11.33:050][  0]LogConfig: Setting CVar [[r.SSS.HalfRes:1]]
[2020.03.11-01.11.33:050][  0]LogConfig: Setting CVar [[r.EmitterSpawnRateScale:1.0]]
[2020.03.11-01.11.33:050][  0]LogConfig: Setting CVar [[r.ParticleLightQuality:2]]
[2020.03.11-01.11.33:050][  0]LogConfig: Applying CVar settings from Section [FoliageQuality@3] File [D:/Apps/Unreal/Projects/2.24/project2/space/gameDesignProject2/Saved/Config/Windows/Scalability.ini]
[2020.03.11-01.11.33:050][  0]LogConfig: Setting CVar [[foliage.DensityScale:1.0]]
[2020.03.11-01.11.33:050][  0]LogConfig: Setting CVar [[grass.DensityScale:1.0]]
[2020.03.11-01.11.33:050][  0]LogInit: Selected Device Profile: [Windows]
[2020.03.11-01.11.33:050][  0]LogInit: Applying CVar settings loaded from the selected device profile: [Windows]
[2020.03.11-01.11.33:058][  0]LogHAL: Display: Platform has ~ 16 GB [17130471424 / 17179869184 / 16], which maps to Larger [LargestMinGB=32, LargerMinGB=12, DefaultMinGB=8, SmallerMinGB=6, SmallestMinGB=0)
[2020.03.11-01.11.33:058][  0]LogConfig: Setting CVar [[r.Vulkan.UseRealUBs:0		; Required until we fix HLR fall-out]]
[2020.03.11-01.11.33:058][  0]LogInit: Going up to parent DeviceProfile []
[2020.03.11-01.11.33:058][  0]LogConfig: Applying CVar settings from Section [ViewDistanceQuality@3] File [D:/Apps/Unreal/Projects/2.24/project2/space/gameDesignProject2/Saved/Config/Windows/Scalability.ini]
[2020.03.11-01.11.33:058][  0]LogConfig: Setting CVar [[r.SkeletalMeshLODBias:0]]
[2020.03.11-01.11.33:058][  0]LogConfig: Setting CVar [[r.ViewDistanceScale:1.0]]
[2020.03.11-01.11.33:058][  0]LogConfig: Applying CVar settings from Section [AntiAliasingQuality@3] File [D:/Apps/Unreal/Projects/2.24/project2/space/gameDesignProject2/Saved/Config/Windows/Scalability.ini]
[2020.03.11-01.11.33:058][  0]LogConfig: Setting CVar [[r.PostProcessAAQuality:4]]
[2020.03.11-01.11.33:058][  0]LogConfig: Applying CVar settings from Section [ShadowQuality@3] File [D:/Apps/Unreal/Projects/2.24/project2/space/gameDesignProject2/Saved/Config/Windows/Scalability.ini]
[2020.03.11-01.11.33:058][  0]LogConfig: Setting CVar [[r.LightFunctionQuality:1]]
[2020.03.11-01.11.33:058][  0]LogConfig: Setting CVar [[r.ShadowQuality:5]]
[2020.03.11-01.11.33:058][  0]LogConfig: Setting CVar [[r.Shadow.CSM.MaxCascades:10]]
[2020.03.11-01.11.33:058][  0]LogConfig: Setting CVar [[r.Shadow.MaxResolution:2048]]
[2020.03.11-01.11.33:058][  0]LogConfig: Setting CVar [[r.Shadow.MaxCSMResolution:2048]]
[2020.03.11-01.11.33:058][  0]LogConfig: Setting CVar [[r.Shadow.RadiusThreshold:0.01]]
[2020.03.11-01.11.33:058][  0]LogConfig: Setting CVar [[r.Shadow.DistanceScale:1.0]]
[2020.03.11-01.11.33:058][  0]LogConfig: Setting CVar [[r.Shadow.CSM.TransitionScale:1.0]]
[2020.03.11-01.11.33:058][  0]LogConfig: Setting CVar [[r.Shadow.PreShadowResolutionFactor:1.0]]
[2020.03.11-01.11.33:058][  0]LogConfig: Setting CVar [[r.DistanceFieldShadowing:1]]
[2020.03.11-01.11.33:058][  0]LogConfig: Setting CVar [[r.DistanceFieldAO:1]]
[2020.03.11-01.11.33:058][  0]LogConfig: Setting CVar [[r.AOQuality:2]]
[2020.03.11-01.11.33:058][  0]LogConfig: Setting CVar [[r.VolumetricFog:1]]
[2020.03.11-01.11.33:058][  0]LogConfig: Setting CVar [[r.VolumetricFog.GridPixelSize:8]]
[2020.03.11-01.11.33:058][  0]LogConfig: Setting CVar [[r.VolumetricFog.GridSizeZ:128]]
[2020.03.11-01.11.33:058][  0]LogConfig: Setting CVar [[r.VolumetricFog.HistoryMissSupersampleCount:4]]
[2020.03.11-01.11.33:058][  0]LogConfig: Setting CVar [[r.LightMaxDrawDistanceScale:1]]
[2020.03.11-01.11.33:058][  0]LogConfig: Setting CVar [[r.CapsuleShadows:1]]
[2020.03.11-01.11.33:058][  0]LogConfig: Applying CVar settings from Section [PostProcessQuality@3] File [D:/Apps/Unreal/Projects/2.24/project2/space/gameDesignProject2/Saved/Config/Windows/Scalability.ini]
[2020.03.11-01.11.33:058][  0]LogConfig: Setting CVar [[r.MotionBlurQuality:4]]
[2020.03.11-01.11.33:058][  0]LogConfig: Setting CVar [[r.AmbientOcclusionMipLevelFactor:0.4]]
[2020.03.11-01.11.33:058][  0]LogConfig: Setting CVar [[r.AmbientOcclusionMaxQuality:100]]
[2020.03.11-01.11.33:058][  0]LogConfig: Setting CVar [[r.AmbientOcclusionLevels:-1]]
[2020.03.11-01.11.33:058][  0]LogConfig: Setting CVar [[r.AmbientOcclusionRadiusScale:1.0]]
[2020.03.11-01.11.33:058][  0]LogConfig: Setting CVar [[r.DepthOfFieldQuality:2]]
[2020.03.11-01.11.33:058][  0]LogConfig: Setting CVar [[r.RenderTargetPoolMin:400]]
[2020.03.11-01.11.33:058][  0]LogConfig: Setting CVar [[r.LensFlareQuality:2]]
[2020.03.11-01.11.33:058][  0]LogConfig: Setting CVar [[r.SceneColorFringeQuality:1]]
[2020.03.11-01.11.33:058][  0]LogConfig: Setting CVar [[r.EyeAdaptationQuality:2]]
[2020.03.11-01.11.33:058][  0]LogConfig: Setting CVar [[r.BloomQuality:5]]
[2020.03.11-01.11.33:059][  0]LogConfig: Setting CVar [[r.FastBlurThreshold:100]]
[2020.03.11-01.11.33:059][  0]LogConfig: Setting CVar [[r.Upscale.Quality:3]]
[2020.03.11-01.11.33:059][  0]LogConfig: Setting CVar [[r.Tonemapper.GrainQuantization:1]]
[2020.03.11-01.11.33:059][  0]LogConfig: Setting CVar [[r.LightShaftQuality:1]]
[2020.03.11-01.11.33:059][  0]LogConfig: Setting CVar [[r.Filter.SizeScale:1]]
[2020.03.11-01.11.33:059][  0]LogConfig: Setting CVar [[r.Tonemapper.Quality:5]]
[2020.03.11-01.11.33:059][  0]LogConfig: Setting CVar [[r.DOF.Gather.AccumulatorQuality:1        ; higher gathering accumulator quality]]
[2020.03.11-01.11.33:059][  0]LogConfig: Setting CVar [[r.DOF.Gather.PostfilterMethod:1          ; Median3x3 postfilering method]]
[2020.03.11-01.11.33:059][  0]LogConfig: Setting CVar [[r.DOF.Gather.EnableBokehSettings:0       ; no bokeh simulation when gathering]]
[2020.03.11-01.11.33:059][  0]LogConfig: Setting CVar [[r.DOF.Gather.RingCount:4                 ; medium number of samples when gathering]]
[2020.03.11-01.11.33:059][  0]LogConfig: Setting CVar [[r.DOF.Scatter.ForegroundCompositing:1    ; additive foreground scattering]]
[2020.03.11-01.11.33:059][  0]LogConfig: Setting CVar [[r.DOF.Scatter.BackgroundCompositing:2    ; additive background scattering]]
[2020.03.11-01.11.33:059][  0]LogConfig: Setting CVar [[r.DOF.Scatter.EnableBokehSettings:1      ; bokeh simulation when scattering]]
[2020.03.11-01.11.33:059][  0]LogConfig: Setting CVar [[r.DOF.Scatter.MaxSpriteRatio:0.1         ; only a maximum of 10% of scattered bokeh]]
[2020.03.11-01.11.33:059][  0]LogConfig: Setting CVar [[r.DOF.Recombine.Quality:1                ; cheap slight out of focus]]
[2020.03.11-01.11.33:059][  0]LogConfig: Setting CVar [[r.DOF.Recombine.EnableBokehSettings:0    ; no bokeh simulation on slight out of focus]]
[2020.03.11-01.11.33:059][  0]LogConfig: Setting CVar [[r.DOF.TemporalAAQuality:1                ; more stable temporal accumulation]]
[2020.03.11-01.11.33:059][  0]LogConfig: Setting CVar [[r.DOF.Kernel.MaxForegroundRadius:0.025]]
[2020.03.11-01.11.33:059][  0]LogConfig: Setting CVar [[r.DOF.Kernel.MaxBackgroundRadius:0.025]]
[2020.03.11-01.11.33:059][  0]LogConfig: Applying CVar settings from Section [TextureQuality@3] File [D:/Apps/Unreal/Projects/2.24/project2/space/gameDesignProject2/Saved/Config/Windows/Scalability.ini]
[2020.03.11-01.11.33:059][  0]LogConfig: Setting CVar [[r.Streaming.MipBias:0]]
[2020.03.11-01.11.33:059][  0]LogConfig: Setting CVar [[r.Streaming.AmortizeCPUToGPUCopy:0]]
[2020.03.11-01.11.33:059][  0]LogConfig: Setting CVar [[r.Streaming.MaxNumTexturesToStreamPerFrame:0]]
[2020.03.11-01.11.33:059][  0]LogConfig: Setting CVar [[r.Streaming.Boost:1]]
[2020.03.11-01.11.33:059][  0]LogConfig: Setting CVar [[r.MaxAnisotropy:8]]
[2020.03.11-01.11.33:059][  0]LogConfig: Setting CVar [[r.Streaming.LimitPoolSizeToVRAM:0]]
[2020.03.11-01.11.33:059][  0]LogConfig: Setting CVar [[r.Streaming.PoolSize:1000]]
[2020.03.11-01.11.33:059][  0]LogConfig: Setting CVar [[r.Streaming.MaxEffectiveScreenSize:0]]
[2020.03.11-01.11.33:059][  0]LogConfig: Applying CVar settings from Section [EffectsQuality@3] File [D:/Apps/Unreal/Projects/2.24/project2/space/gameDesignProject2/Saved/Config/Windows/Scalability.ini]
[2020.03.11-01.11.33:059][  0]LogConfig: Setting CVar [[r.TranslucencyLightingVolumeDim:64]]
[2020.03.11-01.11.33:059][  0]LogConfig: Setting CVar [[r.RefractionQuality:2]]
[2020.03.11-01.11.33:059][  0]LogConfig: Setting CVar [[r.SSR.Quality:3]]
[2020.03.11-01.11.33:059][  0]LogConfig: Setting CVar [[r.SceneColorFormat:4]]
[2020.03.11-01.11.33:059][  0]LogConfig: Setting CVar [[r.DetailMode:2]]
[2020.03.11-01.11.33:059][  0]LogConfig: Setting CVar [[r.TranslucencyVolumeBlur:1]]
[2020.03.11-01.11.33:059][  0]LogConfig: Setting CVar [[r.MaterialQualityLevel:1 ; High quality]]
[2020.03.11-01.11.33:059][  0]LogConfig: Setting CVar [[r.SSS.Scale:1]]
[2020.03.11-01.11.33:059][  0]LogConfig: Setting CVar [[r.SSS.SampleSet:2]]
[2020.03.11-01.11.33:059][  0]LogConfig: Setting CVar [[r.SSS.Quality:1]]
[2020.03.11-01.11.33:059][  0]LogConfig: Setting CVar [[r.SSS.HalfRes:1]]
[2020.03.11-01.11.33:059][  0]LogConfig: Setting CVar [[r.EmitterSpawnRateScale:1.0]]
[2020.03.11-01.11.33:059][  0]LogConfig: Setting CVar [[r.ParticleLightQuality:2]]
[2020.03.11-01.11.33:059][  0]LogConfig: Applying CVar settings from Section [FoliageQuality@3] File [D:/Apps/Unreal/Projects/2.24/project2/space/gameDesignProject2/Saved/Config/Windows/Scalability.ini]
[2020.03.11-01.11.33:059][  0]LogConfig: Setting CVar [[foliage.DensityScale:1.0]]
[2020.03.11-01.11.33:059][  0]LogConfig: Setting CVar [[grass.DensityScale:1.0]]
[2020.03.11-01.11.33:059][  0]LogConfig: Applying CVar settings from Section [Startup] File [../../../Engine/Config/ConsoleVariables.ini]
[2020.03.11-01.11.33:059][  0]LogConfig: Setting CVar [[net.UseAdaptiveNetUpdateFrequency:0]]
[2020.03.11-01.11.33:059][  0]LogConfig: Setting CVar [[p.chaos.AllowCreatePhysxBodies:1]]
[2020.03.11-01.11.33:059][  0]LogConfig: Applying CVar settings from Section [ConsoleVariables] File [D:/Apps/Unreal/Projects/2.24/project2/space/gameDesignProject2/Saved/Config/Windows/Engine.ini]
[2020.03.11-01.11.33:059][  0]LogInit: Computer: DESKTOP-9QSH774
[2020.03.11-01.11.33:059][  0]LogInit: User: zmade
[2020.03.11-01.11.33:059][  0]LogInit: CPU Page size=4096, Cores=4
[2020.03.11-01.11.33:059][  0]LogInit: High frequency timer resolution =10.000000 MHz
[2020.03.11-01.11.33:060][  0]LogMemory: Memory total: Physical=16.0GB (16GB approx)
[2020.03.11-01.11.33:060][  0]LogMemory: Platform Memory Stats for Windows
[2020.03.11-01.11.33:060][  0]LogMemory: Process Physical Memory: 98.30 MB used, 98.31 MB peak
[2020.03.11-01.11.33:060][  0]LogMemory: Process Virtual Memory: 93.96 MB used, 93.96 MB peak
[2020.03.11-01.11.33:060][  0]LogMemory: Physical Memory: 4675.90 MB used,  11660.99 MB free, 16336.89 MB total
[2020.03.11-01.11.33:060][  0]LogMemory: Virtual Memory: 4659.72 MB used,  134213072.00 MB free, 134217728.00 MB total
[2020.03.11-01.11.33:086][  0]LogInit: Using OS detected language (en-US).
[2020.03.11-01.11.33:086][  0]LogInit: Using OS detected locale (en-US).
[2020.03.11-01.11.33:087][  0]LogTextLocalizationManager: No specific localization for 'en-US' exists, so the 'en' localization will be used.
[2020.03.11-01.11.33:241][  0]LogInit: Setting process to per monitor DPI aware
[2020.03.11-01.11.33:272][  0]LogSlate: New Slate User Created.  User Index 0, Is Virtual User: 0
[2020.03.11-01.11.33:272][  0]LogSlate: Slate User Registered.  User Index 0, Is Virtual User: 0
[2020.03.11-01.11.33:545][  0]LogHMD: Failed to initialize OpenVR with code 126
[2020.03.11-01.11.33:545][  0]LogD3D11RHI: D3D11 adapters:
[2020.03.11-01.11.33:610][  0]LogD3D11RHI:    0. 'NVIDIA GeForce GTX 1060' (Feature Level 11_0)
[2020.03.11-01.11.33:610][  0]LogD3D11RHI:       6052/0/8168 MB DedicatedVideo/DedicatedSystem/SharedSystem, Outputs:1, VendorId:0x10de
[2020.03.11-01.11.33:613][  0]LogD3D11RHI:    1. 'Microsoft Basic Render Driver' (Feature Level 11_0)
[2020.03.11-01.11.33:613][  0]LogD3D11RHI:       0/0/8168 MB DedicatedVideo/DedicatedSystem/SharedSystem, Outputs:0, VendorId:0x1414
[2020.03.11-01.11.33:613][  0]LogD3D11RHI: Chosen D3D11 Adapter: 0
[2020.03.11-01.11.33:621][  0]LogD3D11RHI: Creating new Direct3DDevice
[2020.03.11-01.11.33:621][  0]LogD3D11RHI:     GPU DeviceId: 0x1c60 (for the marketing name, search the web for "GPU Device Id")
[2020.03.11-01.11.33:621][  0]LogWindows: EnumDisplayDevices:
[2020.03.11-01.11.33:621][  0]LogWindows:    0. 'NVIDIA GeForce GTX 1060' (P:1 D:1)
[2020.03.11-01.11.33:621][  0]LogWindows:    1. 'NVIDIA GeForce GTX 1060' (P:0 D:0)
[2020.03.11-01.11.33:621][  0]LogWindows:    2. 'NVIDIA GeForce GTX 1060' (P:0 D:0)
[2020.03.11-01.11.33:622][  0]LogWindows:    3. 'NVIDIA GeForce GTX 1060' (P:0 D:0)
[2020.03.11-01.11.33:622][  0]LogWindows: DebugString: FoundDriverCount:4 
[2020.03.11-01.11.33:622][  0]LogD3D11RHI:     Adapter Name: NVIDIA GeForce GTX 1060
[2020.03.11-01.11.33:622][  0]LogD3D11RHI:   Driver Version: 416.16 (internal:25.21.14.1616, unified:416.16)
[2020.03.11-01.11.33:622][  0]LogD3D11RHI:      Driver Date: 10-2-2018
[2020.03.11-01.11.33:622][  0]LogRHI: Texture pool is 4236 MB (70% of 6052 MB)
[2020.03.11-01.11.33:670][  0]LogD3D11RHI: Async texture creation enabled
[2020.03.11-01.11.33:675][  0]LogRendererCore: FGlobalReadBuffer::InitRHI
[2020.03.11-01.11.33:675][  0]LogRendererCore: FGlobalReadBuffer::InitRHI
[2020.03.11-01.11.33:675][  0]LogRendererCore: FGlobalReadBuffer::InitRHI
[2020.03.11-01.11.33:689][  0]LogD3D11RHI: GPU Timing Frequency: 1000.000000 (Debug: 2 2)
[2020.03.11-01.11.34:074][  0]LogTemp: Display: Module 'AllDesktopTargetPlatform' loaded TargetPlatform 'AllDesktop'
[2020.03.11-01.11.34:088][  0]LogTemp: Display: Module 'MacClientTargetPlatform' loaded TargetPlatform 'MacClient'
[2020.03.11-01.11.34:101][  0]LogTemp: Display: Module 'MacNoEditorTargetPlatform' loaded TargetPlatform 'MacNoEditor'
[2020.03.11-01.11.34:115][  0]LogTemp: Display: Module 'MacServerTargetPlatform' loaded TargetPlatform 'MacServer'
[2020.03.11-01.11.34:129][  0]LogTemp: Display: Module 'MacTargetPlatform' loaded TargetPlatform 'Mac'
[2020.03.11-01.11.34:143][  0]LogTemp: Display: Module 'WindowsClientTargetPlatform' loaded TargetPlatform 'WindowsClient'
[2020.03.11-01.11.34:157][  0]LogTemp: Display: Module 'WindowsNoEditorTargetPlatform' loaded TargetPlatform 'WindowsNoEditor'
[2020.03.11-01.11.34:173][  0]LogTemp: Display: Module 'WindowsServerTargetPlatform' loaded TargetPlatform 'WindowsServer'
[2020.03.11-01.11.34:181][  0]LogTemp: Display: Module 'WindowsTargetPlatform' loaded TargetPlatform 'Windows'
[2020.03.11-01.11.34:269][  0]LogTemp: Display: Module 'AndroidTargetPlatform' loaded TargetPlatform 'Android'
[2020.03.11-01.11.34:269][  0]LogTemp: Display: Module 'AndroidTargetPlatform' loaded TargetPlatform 'Android_ASTC'
[2020.03.11-01.11.34:269][  0]LogTemp: Display: Module 'AndroidTargetPlatform' loaded TargetPlatform 'Android_ATC'
[2020.03.11-01.11.34:269][  0]LogTemp: Display: Module 'AndroidTargetPlatform' loaded TargetPlatform 'Android_DXT'
[2020.03.11-01.11.34:269][  0]LogTemp: Display: Module 'AndroidTargetPlatform' loaded TargetPlatform 'Android_ETC1'
[2020.03.11-01.11.34:269][  0]LogTemp: Display: Module 'AndroidTargetPlatform' loaded TargetPlatform 'Android_ETC1a'
[2020.03.11-01.11.34:269][  0]LogTemp: Display: Module 'AndroidTargetPlatform' loaded TargetPlatform 'Android_ETC2'
[2020.03.11-01.11.34:269][  0]LogTemp: Display: Module 'AndroidTargetPlatform' loaded TargetPlatform 'Android_PVRTC'
[2020.03.11-01.11.34:269][  0]LogTemp: Display: Module 'AndroidTargetPlatform' loaded TargetPlatform 'AndroidClient'
[2020.03.11-01.11.34:269][  0]LogTemp: Display: Module 'AndroidTargetPlatform' loaded TargetPlatform 'Android_ASTCClient'
[2020.03.11-01.11.34:269][  0]LogTemp: Display: Module 'AndroidTargetPlatform' loaded TargetPlatform 'Android_ATCClient'
[2020.03.11-01.11.34:269][  0]LogTemp: Display: Module 'AndroidTargetPlatform' loaded TargetPlatform 'Android_DXTClient'
[2020.03.11-01.11.34:269][  0]LogTemp: Display: Module 'AndroidTargetPlatform' loaded TargetPlatform 'Android_ETC1Client'
[2020.03.11-01.11.34:269][  0]LogTemp: Display: Module 'AndroidTargetPlatform' loaded TargetPlatform 'Android_ETC1aClient'
[2020.03.11-01.11.34:269][  0]LogTemp: Display: Module 'AndroidTargetPlatform' loaded TargetPlatform 'Android_ETC2Client'
[2020.03.11-01.11.34:269][  0]LogTemp: Display: Module 'AndroidTargetPlatform' loaded TargetPlatform 'Android_PVRTCClient'
[2020.03.11-01.11.34:269][  0]LogTemp: Display: Module 'AndroidTargetPlatform' loaded TargetPlatform 'Android_Multi'
[2020.03.11-01.11.34:269][  0]LogTemp: Display: Module 'AndroidTargetPlatform' loaded TargetPlatform 'Android_MultiClient'
[2020.03.11-01.11.34:272][  0]LogTemp: Display: Module 'HTML5TargetPlatform' loaded TargetPlatform 'HTML5'
[2020.03.11-01.11.34:335][  0]LogTemp: Display: Module 'IOSTargetPlatform' loaded TargetPlatform 'IOSClient'
[2020.03.11-01.11.34:335][  0]LogTemp: Display: Module 'IOSTargetPlatform' loaded TargetPlatform 'IOS'
[2020.03.11-01.11.34:362][  0]LogTemp: Display: Module 'TVOSTargetPlatform' loaded TargetPlatform 'TVOSClient'
[2020.03.11-01.11.34:362][  0]LogTemp: Display: Module 'TVOSTargetPlatform' loaded TargetPlatform 'TVOS'
[2020.03.11-01.11.34:374][  0]LogTemp: Display: Module 'LinuxClientTargetPlatform' loaded TargetPlatform 'LinuxClient'
[2020.03.11-01.11.34:387][  0]LogTemp: Display: Module 'LinuxNoEditorTargetPlatform' loaded TargetPlatform 'LinuxNoEditor'
[2020.03.11-01.11.34:401][  0]LogTemp: Display: Module 'LinuxServerTargetPlatform' loaded TargetPlatform 'LinuxServer'
[2020.03.11-01.11.34:419][  0]LogTemp: Display: Module 'LinuxTargetPlatform' loaded TargetPlatform 'Linux'
[2020.03.11-01.11.34:477][  0]LogTemp: Display: Module 'LuminTargetPlatform' loaded TargetPlatform 'Lumin'
[2020.03.11-01.11.34:477][  0]LogTemp: Display: Module 'LuminTargetPlatform' loaded TargetPlatform 'LuminClient'
[2020.03.11-01.11.34:477][  0]LogTargetPlatformManager: Display: Building Assets For Windows
[2020.03.11-01.11.34:484][  0]LogAudioDebug: Display: Lib vorbis DLL was dynamically loaded.
[2020.03.11-01.11.34:523][  0]LogShaderCompilers: Guid format shader working directory is -14 characters bigger than the processId version (../../../../Projects/2.24/project2/space/gameDesignProject2/Intermediate/Shaders/WorkingDirectory/17176/).
[2020.03.11-01.11.34:524][  0]LogShaderCompilers: Cleaned the shader compiler working directory 'C:/Users/zmade/AppData/Local/Temp/UnrealShaderWorkingDir/B135AFB6411638E53B4735AFBE624290/'.
[2020.03.11-01.11.34:526][  0]LogXGEController: Cannot use XGE Controller as Incredibuild is not installed on this machine.
[2020.03.11-01.11.34:527][  0]LogShaderCompilers: Cannot use XGE Shader Compiler as Incredibuild is not installed on this machine.
[2020.03.11-01.11.34:527][  0]LogShaderCompilers: Display: Using Local Shader Compiler.
[2020.03.11-01.11.35:176][  0]LogDerivedDataCache: Display: Max Cache Size: 512 MB
[2020.03.11-01.11.35:224][  0]LogDerivedDataCache: Loaded boot cache 0.05s 71MB C:/Users/zmade/AppData/Local/UnrealEngine/4.22/DerivedDataCache/Boot.ddc.
[2020.03.11-01.11.35:224][  0]LogDerivedDataCache: Display: Loaded Boot cache: C:/Users/zmade/AppData/Local/UnrealEngine/4.22/DerivedDataCache/Boot.ddc
[2020.03.11-01.11.35:224][  0]LogDerivedDataCache: FDerivedDataBackendGraph:  Pak pak cache file ../../../../Projects/2.24/project2/space/gameDesignProject2/DerivedDataCache/DDC.ddp not found, will not use a pak cache.
[2020.03.11-01.11.35:224][  0]LogDerivedDataCache: Unable to find inner node Pak for hierarchical cache Hierarchy.
[2020.03.11-01.11.35:224][  0]LogDerivedDataCache: FDerivedDataBackendGraph:  CompressedPak pak cache file ../../../../Projects/2.24/project2/space/gameDesignProject2/DerivedDataCache/Compressed.ddp not found, will not use a pak cache.
[2020.03.11-01.11.35:224][  0]LogDerivedDataCache: Unable to find inner node CompressedPak for hierarchical cache Hierarchy.
[2020.03.11-01.11.35:240][  0]LogDerivedDataCache: Display: Pak cache opened for reading ../../../Engine/DerivedDataCache/Compressed.ddp.
[2020.03.11-01.11.35:240][  0]LogDerivedDataCache: FDerivedDataBackendGraph:  EnterprisePak pak cache file ../../../Enterprise/DerivedDataCache/Compressed.ddp not found, will not use a pak cache.
[2020.03.11-01.11.35:240][  0]LogDerivedDataCache: Unable to find inner node EnterprisePak for hierarchical cache Hierarchy.
[2020.03.11-01.11.35:251][  0]LogDerivedDataCache: Using Local data cache path C:/Users/zmade/AppData/Local/UnrealEngine/Common/DerivedDataCache: Writable
[2020.03.11-01.11.35:251][  0]LogDerivedDataCache: Shared data cache path not found in *engine.ini, will not use an Shared cache.
[2020.03.11-01.11.35:251][  0]LogDerivedDataCache: Unable to find inner node Shared for hierarchical cache Hierarchy.
[2020.03.11-01.11.35:277][  0]LogMaterial: Verifying Global Shaders for PCD3D_SM5
[2020.03.11-01.11.35:279][  0]LogSlate: Using FreeType 2.6.0
[2020.03.11-01.11.35:280][  0]LogSlate: SlateFontServices - WITH_FREETYPE: 1, WITH_HARFBUZZ: 1
[2020.03.11-01.11.35:388][  0]LogAssetRegistry: FAssetRegistry took 0.0340 seconds to start up
[2020.03.11-01.11.35:755][  0]LogInit: Selected Device Profile: [Windows]
[2020.03.11-01.11.35:915][  0]LogMeshReduction: Using QuadricMeshReduction for automatic static mesh reduction
[2020.03.11-01.11.35:915][  0]LogMeshReduction: Using SimplygonMeshReduction for automatic skeletal mesh reduction
[2020.03.11-01.11.35:915][  0]LogMeshReduction: Using ProxyLODMeshReduction for automatic mesh merging
[2020.03.11-01.11.35:915][  0]LogMeshReduction: No distributed automatic mesh merging module available
[2020.03.11-01.11.35:915][  0]LogMeshMerging: No distributed automatic mesh merging module available
[2020.03.11-01.11.35:932][  0]LogNetVersion: game3D 1.0.0, NetCL: 5660361, EngineNetVer: 10, GameNetVer: 0 (Checksum: 115391216)
[2020.03.11-01.11.36:460][  0]LogPackageLocalizationCache: Processed 10 localized package path(s) for 1 prioritized culture(s) in 0.058987 seconds
[2020.03.11-01.11.36:467][  0]LogUObjectArray: 42205 objects as part of root set at end of initial load.
[2020.03.11-01.11.36:467][  0]LogUObjectAllocator: 7325032 out of 0 bytes used by permanent object pool.
[2020.03.11-01.11.36:468][  0]LogUObjectArray: CloseDisregardForGC: 0/0 objects in disregard for GC pool
[2020.03.11-01.11.37:621][  0]LogTcpMessaging: Initializing TcpMessaging bridge
[2020.03.11-01.11.37:635][  0]LogUdpMessaging: Initializing bridge on interface 0.0.0.0:0 to multicast group 230.0.0.1:6666.
[2020.03.11-01.11.37:745][  0]SourceControl: Source control is disabled
[2020.03.11-01.11.37:746][  0]SourceControl: Source control is disabled
[2020.03.11-01.11.37:747][  0]SourceControl: Source control is disabled
[2020.03.11-01.11.37:749][  0]SourceControl: Source control is disabled
[2020.03.11-01.11.37:848][  0]LogAndroidPermission: UAndroidPermissionCallbackProxy::GetInstance
[2020.03.11-01.11.37:933][  0]LogOcInput: OculusInput pre-init called
[2020.03.11-01.11.38:882][  0]LogEngine: Initializing Engine...
[2020.03.11-01.11.38:927][  0]LogHMD: Failed to initialize OpenVR with code 126
[2020.03.11-01.11.38:928][  0]LogStats: UGameplayTagsManager::InitializeManager -  0.000 s
[2020.03.11-01.11.39:187][  0]LogInit: Initializing FReadOnlyCVARCache
[2020.03.11-01.11.39:199][  0]LogAIModule: Creating AISystem for world Untitled
[2020.03.11-01.11.39:272][  0]LogInit: XAudio2 using 'Speakers (Realtek High Definition Audio)' : 2 channels at 48 kHz using 32 bits per sample (channel mask 0x3)
[2020.03.11-01.11.39:699][  0]LogInit: FAudioDevice initialized.
[2020.03.11-01.11.39:699][  0]LogNetVersion: Set ProjectVersion to 1.0.0.0. Version Checksum will be recalculated on next use.
[2020.03.11-01.11.39:892][  0]LogDerivedDataCache: Saved boot cache 0.19s 71MB C:/Users/zmade/AppData/Local/UnrealEngine/4.22/DerivedDataCache/Boot.ddc.
[2020.03.11-01.11.39:898][  0]LogInit: Texture streaming: Enabled
[2020.03.11-01.11.39:916][  0]LogEngineSessionManager: EngineSessionManager initialized
[2020.03.11-01.11.39:937][  0]LogInit: Transaction tracking system initialized
[2020.03.11-01.11.39:957][  0]BlueprintLog: New page: Editor Load
[2020.03.11-01.11.40:040][  0]LocalizationService: Localization service is disabled
[2020.03.11-01.11.40:375][  0]LogFileCache: Scanning file cache for directory 'D:/Apps/Unreal/Projects/2.24/project2/space/gameDesignProject2/Content/' took 0.02s
[2020.03.11-01.11.40:375][  0]LogCook: Display: Max memory allowance for cook 16384mb min free memory 0mb
[2020.03.11-01.11.40:375][  0]LogCook: Display: Mobile HDR setting 1
[2020.03.11-01.11.40:576][  0]SourceControl: Source control is disabled
[2020.03.11-01.11.40:577][  0]Cmd: MAP LOAD FILE="../../../../Projects/2.24/project2/space/gameDesignProject2/Content/FirstPersonBP/Maps/FirstPersonExampleMap.umap" TEMPLATE=0 SHOWPROGRESS=1 FEATURELEVEL=3
[2020.03.11-01.11.40:577][  0]LightingResults: New page: Lighting Build
[2020.03.11-01.11.40:579][  0]MapCheck: New page: Map Check
[2020.03.11-01.11.40:579][  0]LightingResults: New page: Lighting Build
[2020.03.11-01.11.40:605][  0]LogUObjectHash: Compacting FUObjectHashTables data took   1.97ms
[2020.03.11-01.11.41:162][  0]LogAIModule: Creating AISystem for world FirstPersonExampleMap
[2020.03.11-01.11.41:308][  0]LogEditorServer: Finished looking for orphan Actors (0.000 secs)
[2020.03.11-01.11.41:339][  0]LogUObjectHash: Compacting FUObjectHashTables data took   2.71ms
[2020.03.11-01.11.41:339][  0]Cmd: MAP CHECKDEP NOCLEARLOG
[2020.03.11-01.11.41:340][  0]MapCheck: Map check complete: 0 Error(s), 0 Warning(s), took 0.108ms to complete.
[2020.03.11-01.11.41:340][  0]LogFileHelpers: Loading map 'FirstPersonExampleMap' took 0.764
[2020.03.11-01.11.41:445][  0]LogSlate: Updating window title bar state: overlay mode, drag disabled, window buttons hidden, title bar hidden
[2020.03.11-01.11.41:454][  0]LogSlate: Updating window title bar state: overlay mode, drag disabled, window buttons hidden, title bar hidden
[2020.03.11-01.11.41:462][  0]LogSlate: Updating window title bar state: overlay mode, drag disabled, window buttons hidden, title bar hidden
[2020.03.11-01.11.41:470][  0]LogSlate: Updating window title bar state: overlay mode, drag disabled, window buttons hidden, title bar hidden
[2020.03.11-01.11.41:475][  0]LogCollectionManager: Loaded 0 collections in 0.000938 seconds
[2020.03.11-01.11.41:550][  0]LogFileCache: Scanning file cache for directory 'D:/Apps/Unreal/Projects/2.24/project2/space/gameDesignProject2/Saved/Collections/' took 0.01s
[2020.03.11-01.11.41:550][  0]LogFileCache: Scanning file cache for directory 'D:/Apps/Unreal/Projects/2.24/project2/space/gameDesignProject2/Content/Developers/zmade/Collections/' took 0.01s
[2020.03.11-01.11.41:550][  0]LogFileCache: Scanning file cache for directory 'D:/Apps/Unreal/Projects/2.24/project2/space/gameDesignProject2/Content/Collections/' took 0.01s
[2020.03.11-01.11.41:550][  0]LogCollectionManager: Rebuilt the GUID cache for 0 collections in 0.000000 seconds
[2020.03.11-01.11.41:560][  0]LogContentBrowser: Native class hierarchy populated in 0.0093 seconds. Added 2732 classes and 659 folders.
[2020.03.11-01.11.41:564][  0]LogContentBrowser: Native class hierarchy updated for 'WidgetCarousel' in 0.0003 seconds. Added 0 classes and 0 folders.
[2020.03.11-01.11.41:566][  0]LogPakFile: Registered encryption key '00000000000000000000000000000000': 0 pak files mounted, 0 remain pending
[2020.03.11-01.11.41:567][  0]LogPakFile: Registered encryption key '00000000000000000000000000000000': 0 pak files mounted, 0 remain pending
[2020.03.11-01.11.41:568][  0]LogPakFile: Registered encryption key '00000000000000000000000000000000': 0 pak files mounted, 0 remain pending
[2020.03.11-01.11.41:568][  0]LogPakFile: Registered encryption key '00000000000000000000000000000000': 0 pak files mounted, 0 remain pending
[2020.03.11-01.11.41:569][  0]LogPakFile: Registered encryption key '00000000000000000000000000000000': 0 pak files mounted, 0 remain pending
[2020.03.11-01.11.41:570][  0]LogPakFile: Registered encryption key '00000000000000000000000000000000': 0 pak files mounted, 0 remain pending
[2020.03.11-01.11.41:570][  0]LogPakFile: Registered encryption key '00000000000000000000000000000000': 0 pak files mounted, 0 remain pending
[2020.03.11-01.11.41:571][  0]LogPakFile: Registered encryption key '00000000000000000000000000000000': 0 pak files mounted, 0 remain pending
[2020.03.11-01.11.41:573][  0]LogPakFile: Registered encryption key '00000000000000000000000000000000': 0 pak files mounted, 0 remain pending
[2020.03.11-01.11.41:573][  0]LogPakFile: Registered encryption key '00000000000000000000000000000000': 0 pak files mounted, 0 remain pending
[2020.03.11-01.11.41:574][  0]LogPakFile: Registered encryption key '00000000000000000000000000000000': 0 pak files mounted, 0 remain pending
[2020.03.11-01.11.41:575][  0]LogPakFile: Registered encryption key '00000000000000000000000000000000': 0 pak files mounted, 0 remain pending
[2020.03.11-01.11.41:575][  0]LogPakFile: Registered encryption key '00000000000000000000000000000000': 0 pak files mounted, 0 remain pending
[2020.03.11-01.11.41:576][  0]LogPakFile: Registered encryption key '00000000000000000000000000000000': 0 pak files mounted, 0 remain pending
[2020.03.11-01.11.41:577][  0]LogPakFile: Registered encryption key '00000000000000000000000000000000': 0 pak files mounted, 0 remain pending
[2020.03.11-01.11.41:577][  0]LogPakFile: Registered encryption key '00000000000000000000000000000000': 0 pak files mounted, 0 remain pending
[2020.03.11-01.11.41:578][  0]LogPakFile: Registered encryption key '00000000000000000000000000000000': 0 pak files mounted, 0 remain pending
[2020.03.11-01.11.41:579][  0]LogPakFile: Registered encryption key '00000000000000000000000000000000': 0 pak files mounted, 0 remain pending
[2020.03.11-01.11.41:579][  0]LogPakFile: Registered encryption key '00000000000000000000000000000000': 0 pak files mounted, 0 remain pending
[2020.03.11-01.11.41:580][  0]LogPakFile: Registered encryption key '00000000000000000000000000000000': 0 pak files mounted, 0 remain pending
[2020.03.11-01.11.41:581][  0]LogPakFile: Registered encryption key '00000000000000000000000000000000': 0 pak files mounted, 0 remain pending
[2020.03.11-01.11.41:581][  0]LogPakFile: Registered encryption key '00000000000000000000000000000000': 0 pak files mounted, 0 remain pending
[2020.03.11-01.11.41:582][  0]LogPakFile: Registered encryption key '00000000000000000000000000000000': 0 pak files mounted, 0 remain pending
[2020.03.11-01.11.41:583][  0]LogPakFile: Registered encryption key '00000000000000000000000000000000': 0 pak files mounted, 0 remain pending
[2020.03.11-01.11.41:584][  0]LogPakFile: Registered encryption key '00000000000000000000000000000000': 0 pak files mounted, 0 remain pending
[2020.03.11-01.11.41:584][  0]LogPakFile: Registered encryption key '00000000000000000000000000000000': 0 pak files mounted, 0 remain pending
[2020.03.11-01.11.41:631][  0]LogContentBrowser: Native class hierarchy updated for 'AddContentDialog' in 0.0003 seconds. Added 0 classes and 0 folders.
[2020.03.11-01.11.41:636][  0]LogContentBrowser: Native class hierarchy updated for 'SceneOutliner' in 0.0003 seconds. Added 1 classes and 2 folders.
[2020.03.11-01.11.41:654][  0]LogSlate: Took 0.000184 seconds to synchronously load lazily loaded font '../../../Engine/Content/Slate/Fonts/Roboto-Regular.ttf' (155K)
[2020.03.11-01.11.41:656][  0]LogSlate: Took 0.000180 seconds to synchronously load lazily loaded font '../../../Engine/Content/Slate/Fonts/Roboto-Bold.ttf' (160K)
[2020.03.11-01.11.41:661][  0]LogSlate: Took 0.000212 seconds to synchronously load lazily loaded font '../../../Engine/Content/Editor/Slate/Fonts/FontAwesome.ttf' (139K)
[2020.03.11-01.11.41:725][  0]LogRenderer: Reallocating scene render targets to support 964x436 Format 10 NumSamples 1 (Frame:1).
[2020.03.11-01.11.41:893][  0]LogContentBrowser: Native class hierarchy updated for 'HierarchicalLODOutliner' in 0.0003 seconds. Added 0 classes and 0 folders.
[2020.03.11-01.11.41:893][  0]LogLoad: (Engine Initialization) Total time: 11.42 seconds
[2020.03.11-01.11.41:893][  0]LogLoad: (Engine Initialization) Total Blueprint compile time: 0.00 seconds
[2020.03.11-01.11.41:931][  0]LogContentStreaming: Texture pool size now 1000 MB
[2020.03.11-01.11.41:947][  0]LogSlate: Took 0.000213 seconds to synchronously load lazily loaded font '../../../Engine/Content/Slate/Fonts/Roboto-Light.ttf' (167K)
[2020.03.11-01.11.42:928][ 46]LogSlate: Took 0.000258 seconds to synchronously load lazily loaded font '../../../Engine/Content/Slate/Fonts/Roboto-Light.ttf' (167K)
[2020.03.11-01.11.43:075][ 55]LogCollectionManager: Rebuilt the object cache for 0 collections in 0.000000 seconds (found 0 objects)
[2020.03.11-01.11.45:195][135]LogAssetRegistry: Asset discovery search completed in 9.8292 seconds
[2020.03.11-01.11.45:197][135]LogCollectionManager: Fixed up redirectors for 0 collections in 0.000001 seconds (updated 0 objects)
[2020.03.11-01.11.50:577][270]LogTemp: IOS device listing is disabled (to many failed attempts)!
[2020.03.11-01.11.56:398][436]LogEditorViewport: Clicking on Actor (LMB): roomMain_C (mainRoom)
[2020.03.11-01.11.59:329][511]LogSlate: FSceneViewport::OnFocusLost() reason 0
[2020.03.11-01.12.01:003][550]LogSlate: FSceneViewport::OnFocusLost() reason 0
[2020.03.11-01.12.01:248][554]LogAssetEditorManager: Opening Asset editor for Blueprint /Game/FirstPersonBP/Blueprints/mapObjects/roomMain.roomMain
[2020.03.11-01.12.01:845][554]LogContentBrowser: Native class hierarchy updated for 'BlueprintGraph' in 0.0006 seconds. Added 121 classes and 0 folders.
[2020.03.11-01.12.03:059][554]LogSlate: Took 0.028906 seconds to synchronously load lazily loaded font '../../../Engine/Content/Slate/Fonts/Roboto-BoldCondensed.ttf' (158K)
[2020.03.11-01.12.08:975][700]LogRenderer: Reallocating scene render targets to support 964x684 Format 10 NumSamples 1 (Frame:1).
[2020.03.11-01.12.13:562][830]LogSlate: FSceneViewport::OnFocusLost() reason 0
[2020.03.11-01.12.18:560][ 74]LogSlate: FSceneViewport::OnFocusLost() reason 2
[2020.03.11-01.12.25:016][247]LogSlate: FSceneViewport::OnFocusLost() reason 0
[2020.03.11-01.12.29:397][454]LogSlate: FSceneViewport::OnFocusLost() reason 2
[2020.03.11-01.12.35:429][625]LogSlate: FSceneViewport::OnFocusLost() reason 0
[2020.03.11-01.12.38:506][771]LogSlate: FSceneViewport::OnFocusLost() reason 2
[2020.03.11-01.12.44:531][941]LogSlate: Took 0.029648 seconds to synchronously load lazily loaded font '../../../Engine/Content/Slate/Fonts/Roboto-Italic.ttf' (157K)
[2020.03.11-01.12.45:153][953]LogSlate: FSceneViewport::OnFocusLost() reason 0
[2020.03.11-01.12.51:417][ 79]LogSlate: FSceneViewport::OnFocusLost() reason 0
[2020.03.11-01.12.56:487][196]LogSlate: FSceneViewport::OnFocusLost() reason 2
[2020.03.11-01.13.16:227][741]LogSlate: FSceneViewport::OnFocusLost() reason 0
[2020.03.11-01.13.24:833][940]LogSlate: FSceneViewport::OnFocusLost() reason 2
[2020.03.11-01.13.35:355][245]LogSlate: FSceneViewport::OnFocusLost() reason 0
[2020.03.11-01.13.40:187][367]LogSlate: FSceneViewport::OnFocusLost() reason 0
[2020.03.11-01.14.07:511][867]LogEditorTransaction: Undo Make New Scene Root
[2020.03.11-01.16.15:734][464]LogSlate: FSceneViewport::OnFocusLost() reason 0
[2020.03.11-01.16.20:243][574]LogEditorTransaction: Undo Remove Components
[2020.03.11-01.19.07:215][419]LogSlate: FSceneViewport::OnFocusLost() reason 0
[2020.03.11-01.19.13:064][566]LogSlate: FSceneViewport::OnFocusLost() reason 0
[2020.03.11-01.19.14:708][611]LogTemp: Repeating last play command: Selected Viewport
[2020.03.11-01.19.14:717][611]LogBlueprintUserMessages: Early PlayInEditor Detection: Level '/Game/FirstPersonBP/Maps/FirstPersonExampleMap.FirstPersonExampleMap:PersistentLevel' has LevelScriptBlueprint '/Game/FirstPersonBP/Maps/FirstPersonExampleMap.FirstPersonExampleMap:PersistentLevel.FirstPersonExampleMap' with GeneratedClass '/Game/FirstPersonBP/Maps/FirstPersonExampleMap.FirstPersonExampleMap_C' with ClassGeneratedBy '/Game/FirstPersonBP/Maps/FirstPersonExampleMap.FirstPersonExampleMap:PersistentLevel.FirstPersonExampleMap'
[2020.03.11-01.19.14:717][611]BlueprintLog: New page: Pre-Play auto-recompile
[2020.03.11-01.19.14:718][611]LogPlayLevel: [PlayLevel] Compiling roomMain before play...
[2020.03.11-01.19.16:249][611]LogUObjectHash: Compacting FUObjectHashTables data took   5.26ms
[2020.03.11-01.19.16:249][611]LogPlayLevel: PlayLevel: Blueprint regeneration took 1532 ms (1 blueprints)
[2020.03.11-01.19.16:249][611]PIE: New page: PIE session: FirstPersonExampleMap (Mar 10, 2020, 11:19:16 AM)
[2020.03.11-01.19.16:262][611]LogPlayLevel: Creating play world package: /Game/FirstPersonBP/Maps/UEDPIE_0_FirstPersonExampleMap
[2020.03.11-01.19.16:306][611]LogPlayLevel: PIE: StaticDuplicateObject took: (0.044549s)
[2020.03.11-01.19.16:307][611]LogAIModule: Creating AISystem for world FirstPersonExampleMap
[2020.03.11-01.19.16:307][611]LogPlayLevel: PIE: World Init took: (0.000877s)
[2020.03.11-01.19.16:307][611]LogPlayLevel: PIE: Created PIE world by copying editor world from /Game/FirstPersonBP/Maps/FirstPersonExampleMap.FirstPersonExampleMap to /Game/FirstPersonBP/Maps/UEDPIE_0_FirstPersonExampleMap.FirstPersonExampleMap (0.045733s)
[2020.03.11-01.19.16:346][611]LogUObjectHash: Compacting FUObjectHashTables data took   1.96ms
[2020.03.11-01.19.16:358][611]LogInit: XAudio2 using 'Speakers (Realtek High Definition Audio)' : 2 channels at 48 kHz using 32 bits per sample (channel mask 0x3)
[2020.03.11-01.19.16:495][611]LogInit: FAudioDevice initialized.
[2020.03.11-01.19.16:543][611]LogLoad: Game class is 'FirstPersonGameMode_C'
[2020.03.11-01.19.16:556][611]LogWorld: Bringing World /Game/FirstPersonBP/Maps/UEDPIE_0_FirstPersonExampleMap.FirstPersonExampleMap up for play (max tick rate 60) at 2020.03.10-18.19.16
[2020.03.11-01.19.16:558][611]LogWorld: Bringing up level for play took: 0.014163
[2020.03.11-01.19.16:571][611]LogGameMode: FindPlayerStart: PATHS NOT DEFINED or NO PLAYERSTART with positive rating
[2020.03.11-01.19.16:572][611]LogBlueprintActionDatabase: Requesting refresh due to module change: Voice (loaded)
[2020.03.11-01.19.16:574][611]LogBlueprintActionDatabase: Requesting refresh due to module change: MovieSceneCapture (loaded)
[2020.03.11-01.19.16:574][611]LogContentBrowser: Native class hierarchy updated for 'MovieSceneCapture' in 0.0004 seconds. Added 20 classes and 0 folders.
[2020.03.11-01.19.16:575][611]PIE: Play in editor start time for /Game/FirstPersonBP/Maps/UEDPIE_0_FirstPersonExampleMap 2.155
[2020.03.11-01.19.16:575][611]LogBlueprintUserMessages: Late PlayInEditor Detection: Level '/Game/FirstPersonBP/Maps/FirstPersonExampleMap.FirstPersonExampleMap:PersistentLevel' has LevelScriptBlueprint '/Game/FirstPersonBP/Maps/FirstPersonExampleMap.FirstPersonExampleMap:PersistentLevel.FirstPersonExampleMap' with GeneratedClass '/Game/FirstPersonBP/Maps/FirstPersonExampleMap.FirstPersonExampleMap_C' with ClassGeneratedBy '/Game/FirstPersonBP/Maps/FirstPersonExampleMap.FirstPersonExampleMap:PersistentLevel.FirstPersonExampleMap'
[2020.03.11-01.19.46:103][318]LogBlueprintUserMessages: Early EndPlayMap Detection: Level '/Game/FirstPersonBP/Maps/FirstPersonExampleMap.FirstPersonExampleMap:PersistentLevel' has LevelScriptBlueprint '/Game/FirstPersonBP/Maps/FirstPersonExampleMap.FirstPersonExampleMap:PersistentLevel.FirstPersonExampleMap' with GeneratedClass '/Game/FirstPersonBP/Maps/FirstPersonExampleMap.FirstPersonExampleMap_C' with ClassGeneratedBy '/Game/FirstPersonBP/Maps/FirstPersonExampleMap.FirstPersonExampleMap:PersistentLevel.FirstPersonExampleMap'
[2020.03.11-01.19.46:104][318]LogSlate: Updating window title bar state: overlay mode, drag disabled, window buttons hidden, title bar hidden
[2020.03.11-01.19.46:147][318]LogPlayLevel: Display: Shutting down PIE online subsystems
[2020.03.11-01.19.46:147][318]LogBlueprintUserMessages: Late EndPlayMap Detection: Level '/Game/FirstPersonBP/Maps/FirstPersonExampleMap.FirstPersonExampleMap:PersistentLevel' has LevelScriptBlueprint '/Game/FirstPersonBP/Maps/FirstPersonExampleMap.FirstPersonExampleMap:PersistentLevel.FirstPersonExampleMap' with GeneratedClass '/Game/FirstPersonBP/Maps/FirstPersonExampleMap.FirstPersonExampleMap_C' with ClassGeneratedBy '/Game/FirstPersonBP/Maps/FirstPersonExampleMap.FirstPersonExampleMap:PersistentLevel.FirstPersonExampleMap'
[2020.03.11-01.19.46:186][318]LogSlate: Updating window title bar state: overlay mode, drag disabled, window buttons hidden, title bar hidden
[2020.03.11-01.19.46:211][318]LogUObjectHash: Compacting FUObjectHashTables data took   4.95ms
[2020.03.11-01.19.46:234][319]LogPlayLevel: Display: Destroying online subsystem :Context_19
[2020.03.11-01.19.47:270][350]LogSlate: FSceneViewport::OnFocusLost() reason 0
[2020.03.11-01.19.47:392][355]LogTemp: Repeating last play command: Selected Viewport
[2020.03.11-01.19.47:405][355]LogBlueprintUserMessages: Early PlayInEditor Detection: Level '/Game/FirstPersonBP/Maps/FirstPersonExampleMap.FirstPersonExampleMap:PersistentLevel' has LevelScriptBlueprint '/Game/FirstPersonBP/Maps/FirstPersonExampleMap.FirstPersonExampleMap:PersistentLevel.FirstPersonExampleMap' with GeneratedClass '/Game/FirstPersonBP/Maps/FirstPersonExampleMap.FirstPersonExampleMap_C' with ClassGeneratedBy '/Game/FirstPersonBP/Maps/FirstPersonExampleMap.FirstPersonExampleMap:PersistentLevel.FirstPersonExampleMap'
[2020.03.11-01.19.47:406][355]LogPlayLevel: PlayLevel: No blueprints needed recompiling
[2020.03.11-01.19.47:406][355]PIE: New page: PIE session: FirstPersonExampleMap (Mar 10, 2020, 11:19:47 AM)
[2020.03.11-01.19.47:406][355]LogPlayLevel: Creating play world package: /Game/FirstPersonBP/Maps/UEDPIE_0_FirstPersonExampleMap
[2020.03.11-01.19.47:449][355]LogPlayLevel: PIE: StaticDuplicateObject took: (0.042712s)
[2020.03.11-01.19.47:449][355]LogAIModule: Creating AISystem for world FirstPersonExampleMap
[2020.03.11-01.19.47:449][355]LogPlayLevel: PIE: World Init took: (0.000760s)
[2020.03.11-01.19.47:450][355]LogPlayLevel: PIE: Created PIE world by copying editor world from /Game/FirstPersonBP/Maps/FirstPersonExampleMap.FirstPersonExampleMap to /Game/FirstPersonBP/Maps/UEDPIE_0_FirstPersonExampleMap.FirstPersonExampleMap (0.043638s)
[2020.03.11-01.19.47:486][355]LogUObjectHash: Compacting FUObjectHashTables data took   2.67ms
[2020.03.11-01.19.47:493][355]LogInit: XAudio2 using 'Speakers (Realtek High Definition Audio)' : 2 channels at 48 kHz using 32 bits per sample (channel mask 0x3)
[2020.03.11-01.19.47:618][355]LogInit: FAudioDevice initialized.
[2020.03.11-01.19.47:651][355]LogLoad: Game class is 'FirstPersonGameMode_C'
[2020.03.11-01.19.47:670][355]LogWorld: Bringing World /Game/FirstPersonBP/Maps/UEDPIE_0_FirstPersonExampleMap.FirstPersonExampleMap up for play (max tick rate 60) at 2020.03.10-18.19.47
[2020.03.11-01.19.47:673][355]LogWorld: Bringing up level for play took: 0.021801
[2020.03.11-01.19.47:686][355]LogGameMode: FindPlayerStart: PATHS NOT DEFINED or NO PLAYERSTART with positive rating
[2020.03.11-01.19.47:687][355]PIE: Play in editor start time for /Game/FirstPersonBP/Maps/UEDPIE_0_FirstPersonExampleMap 1.266
[2020.03.11-01.19.47:687][355]LogBlueprintUserMessages: Late PlayInEditor Detection: Level '/Game/FirstPersonBP/Maps/FirstPersonExampleMap.FirstPersonExampleMap:PersistentLevel' has LevelScriptBlueprint '/Game/FirstPersonBP/Maps/FirstPersonExampleMap.FirstPersonExampleMap:PersistentLevel.FirstPersonExampleMap' with GeneratedClass '/Game/FirstPersonBP/Maps/FirstPersonExampleMap.FirstPersonExampleMap_C' with ClassGeneratedBy '/Game/FirstPersonBP/Maps/FirstPersonExampleMap.FirstPersonExampleMap:PersistentLevel.FirstPersonExampleMap'
[2020.03.11-01.20.18:967][195]LogBlueprintUserMessages: Early EndPlayMap Detection: Level '/Game/FirstPersonBP/Maps/FirstPersonExampleMap.FirstPersonExampleMap:PersistentLevel' has LevelScriptBlueprint '/Game/FirstPersonBP/Maps/FirstPersonExampleMap.FirstPersonExampleMap:PersistentLevel.FirstPersonExampleMap' with GeneratedClass '/Game/FirstPersonBP/Maps/FirstPersonExampleMap.FirstPersonExampleMap_C' with ClassGeneratedBy '/Game/FirstPersonBP/Maps/FirstPersonExampleMap.FirstPersonExampleMap:PersistentLevel.FirstPersonExampleMap'
[2020.03.11-01.20.18:967][195]LogSlate: Updating window title bar state: overlay mode, drag disabled, window buttons hidden, title bar hidden
[2020.03.11-01.20.19:016][195]LogPlayLevel: Display: Shutting down PIE online subsystems
[2020.03.11-01.20.19:016][195]LogBlueprintUserMessages: Late EndPlayMap Detection: Level '/Game/FirstPersonBP/Maps/FirstPersonExampleMap.FirstPersonExampleMap:PersistentLevel' has LevelScriptBlueprint '/Game/FirstPersonBP/Maps/FirstPersonExampleMap.FirstPersonExampleMap:PersistentLevel.FirstPersonExampleMap' with GeneratedClass '/Game/FirstPersonBP/Maps/FirstPersonExampleMap.FirstPersonExampleMap_C' with ClassGeneratedBy '/Game/FirstPersonBP/Maps/FirstPersonExampleMap.FirstPersonExampleMap:PersistentLevel.FirstPersonExampleMap'
[2020.03.11-01.20.19:054][195]LogSlate: Updating window title bar state: overlay mode, drag disabled, window buttons hidden, title bar hidden
[2020.03.11-01.20.19:060][195]LogUObjectHash: Compacting FUObjectHashTables data took   2.23ms
[2020.03.11-01.20.19:081][196]LogPlayLevel: Display: Destroying online subsystem :Context_20
[2020.03.11-01.20.22:453][395]LogEditorViewport: Clicking on Actor (LMB): roomMain_C (mainRoom)
[2020.03.11-01.20.36:444][208]LogEditorViewport: Clicking on Actor (LMB): BP_Sky_Sphere_C (SkySphereBlueprint)
[2020.03.11-01.20.40:054][327]LogSlate: FSceneViewport::OnFocusLost() reason 0
[2020.03.11-01.21.22:273][403]LogSlate: Window 'roomMain' being destroyed
[2020.03.11-01.21.22:276][403]LogSlate: Window 'roomMain' being destroyed
[2020.03.11-01.21.40:972][561]LogSlate: FSceneViewport::OnFocusLost() reason 0
[2020.03.11-01.22.45:408][879]LogUObjectHash: Compacting FUObjectHashTables data took   4.33ms
[2020.03.11-01.22.46:003][879]LogSavePackage: Moving '../../../../Projects/2.24/project2/space/gameDesignProject2/Saved/FirstPersonExampleMap_Auto16209A4764E91AD0379D923A3FA70B39E.tmp' to '../../../../Projects/2.24/project2/space/gameDesignProject2/Saved/Autosaves/Game/FirstPersonBP/Maps/FirstPersonExampleMap_Auto1.umap'
[2020.03.11-01.22.46:028][879]LogFileHelpers: Editor autosave (incl. sublevels) for '/Game/FirstPersonBP/Maps/FirstPersonExampleMap' took 0.677
[2020.03.11-01.22.46:028][879]LogFileHelpers: Editor autosave (incl. sublevels) for all levels took 0.677
[2020.03.11-01.22.46:030][879]OBJ SavePackage: Generating thumbnails for [1] asset(s) in package [/Game/FirstPersonBP/Blueprints/mapObjects/roomMain] ([1] browsable assets)...
[2020.03.11-01.22.46:046][879]OBJ SavePackage:     Rendered thumbnail for [Blueprint /Game/FirstPersonBP/Blueprints/mapObjects/roomMain.roomMain]
[2020.03.11-01.22.46:046][879]OBJ SavePackage: Finished generating thumbnails for package [/Game/FirstPersonBP/Blueprints/mapObjects/roomMain]
[2020.03.11-01.22.46:085][879]LogSavePackage: Moving '../../../../Projects/2.24/project2/space/gameDesignProject2/Saved/roomMain_Auto12AC1C3BF4B3A4DFDA1AE919909B4CA7C.tmp' to '../../../../Projects/2.24/project2/space/gameDesignProject2/Saved/Autosaves/Game/FirstPersonBP/Blueprints/mapObjects/roomMain_Auto1.uasset'
[2020.03.11-01.22.46:086][879]LogFileHelpers: Auto-saving content packages took 0.056
[2020.03.11-01.24.00:617][340]LogSlate: FSceneViewport::OnFocusLost() reason 0
[2020.03.11-01.24.04:658][503]LogSlate: FSceneViewport::OnFocusLost() reason 0
[2020.03.11-01.24.20:237][226]LogEditorViewport: Clicking on Actor (LMB): roomGreenhouse_C (roomGreenhouse)
[2020.03.11-01.24.35:704][116]Cmd: TRANSACTION UNDO
[2020.03.11-01.24.35:704][116]LogEditorTransaction: Undo Move Actors
[2020.03.11-01.24.36:329][138]LogEditorViewport: Clicking on Actor (LMB): roomStorage0_C (roomStorage0)
[2020.03.11-01.24.44:257][520]LogEditorViewport: Clicking on Actor (LMB): BP_Sky_Sphere_C (SkySphereBlueprint)
[2020.03.11-01.25.19:952][589]LogEditorViewport: Clicking on Actor (LMB): roomCockpit_C (roomCockpit)
[2020.03.11-01.25.21:567][652]LogEditorViewport: Clicking on Actor (context menu): roomCockpit_C (roomCockpit)
[2020.03.11-01.25.21:638][652]LogSlate: FSceneViewport::OnFocusLost() reason 2
[2020.03.11-01.25.33:424][119]LogEditorViewport: Clicking on Actor (context menu): roomCockpit_C (roomCockpit)
[2020.03.11-01.25.33:456][119]LogSlate: FSceneViewport::OnFocusLost() reason 2
[2020.03.11-01.25.35:501][159]LogConsoleManager: Warning: Console object named 'ActorComponents.Enable' already exists but is being registered again, but we weren't expected it to be! (FConsoleManager::AddConsoleObject)
[2020.03.11-01.25.35:576][161]LogConsoleManager: Warning: Console object named 'ActorComponents.Enable' already exists but is being registered again, but we weren't expected it to be! (FConsoleManager::AddConsoleObject)
[2020.03.11-01.26.34:931][501]LogEditorViewport: Clicking on Actor (LMB): roomStorage0_C (roomStorage0)
[2020.03.11-01.26.37:173][596]LogEditorViewport: Clicking on Actor (LMB): BP_Sky_Sphere_C (SkySphereBlueprint)
[2020.03.11-01.26.42:731][874]LogEditorViewport: Clicking on Actor (LMB): roomStorage0_C (roomStorage0)
[2020.03.11-01.26.49:050][ 51]LogSlate: FSceneViewport::OnFocusLost() reason 0
[2020.03.11-01.26.49:275][ 54]LogAssetEditorManager: Opening Asset editor for Blueprint /Game/FirstPersonBP/Blueprints/mapObjects/roomStorage0.roomStorage0
[2020.03.11-01.27.29:905][210]LogSlate: FSceneViewport::OnFocusLost() reason 0
[2020.03.11-01.27.36:565][560]LogSlate: FSceneViewport::OnFocusLost() reason 2
[2020.03.11-01.27.44:634][794]LogEditorTransaction: Undo Modify Component(s)
[2020.03.11-01.27.53:021][998]LogSlate: FSceneViewport::OnFocusLost() reason 0
[2020.03.11-01.27.57:488][220]LogSlate: FSceneViewport::OnFocusLost() reason 2
[2020.03.11-01.28.21:078][886]LogSlate: FSceneViewport::OnFocusLost() reason 0
[2020.03.11-01.28.38:333][348]LogSlate: FSceneViewport::OnFocusLost() reason 0
[2020.03.11-01.29.45:977][273]LogSlate: FSceneViewport::OnFocusLost() reason 0
[2020.03.11-01.30.05:439][363]LogSlate: FSceneViewport::OnFocusLost() reason 2
[2020.03.11-01.30.52:419][661]LogSlate: FSceneViewport::OnFocusLost() reason 0
[2020.03.11-01.31.22:966][810]LogSlate: FSceneViewport::OnFocusLost() reason 0
[2020.03.11-01.31.31:715][ 93]LogUObjectHash: Compacting FUObjectHashTables data took   7.75ms
[2020.03.11-01.31.36:564][212]LogSlate: FSceneViewport::OnFocusLost() reason 2
[2020.03.11-01.31.39:353][276]LogAssetEditorManager: Opening Asset editor for Blueprint /Game/FirstPersonBP/Blueprints/mapObjects/roomStorage1.roomStorage1
[2020.03.11-01.31.50:857][541]LogSlate: FSceneViewport::OnFocusLost() reason 0
[2020.03.11-01.31.54:942][629]LogSlate: FSceneViewport::OnFocusLost() reason 0
[2020.03.11-01.31.58:089][767]LogSlate: FSceneViewport::OnFocusLost() reason 0
[2020.03.11-01.32.01:147][856]LogSlate: FSceneViewport::OnFocusLost() reason 0
[2020.03.11-01.32.13:632][345]LogEditorViewport: Clicking on Actor (LMB): roomDormitory_C (roomDormitory)
[2020.03.11-01.32.15:325][445]LogEditorViewport: Clicking on Actor (LMB): roomStorage1_C (roomStorage1)
[2020.03.11-01.32.56:758][857]LogEditorViewport: Clicking on Actor (LMB): BP_Sky_Sphere_C (SkySphereBlueprint)
[2020.03.11-01.33.02:120][167]LogEditorViewport: Clicking on Actor (LMB): roomStorage1_C (roomStorage1)
[2020.03.11-01.33.22:517][333]LogSlate: FSceneViewport::OnFocusLost() reason 0
[2020.03.11-01.33.25:237][457]LogActorFactory: Actor Factory created Cube
[2020.03.11-01.33.25:740][487]LogActorFactory: Actor Factory created Cube
[2020.03.11-01.34.01:181][581]Cmd: SELECT NONE
[2020.03.11-01.34.21:105][734]LogSlate: FSceneViewport::OnFocusLost() reason 2
[2020.03.11-01.34.23:923][789]LogUObjectHash: Compacting FUObjectHashTables data took   4.39ms
[2020.03.11-01.34.23:959][789]LogSlate: FSceneViewport::OnFocusLost() reason 2
[2020.03.11-01.34.23:999][789]LogUObjectHash: Compacting FUObjectHashTables data took   0.92ms
[2020.03.11-01.34.24:652][789]LogSavePackage: Moving '../../../../Projects/2.24/project2/space/gameDesignProject2/Saved/FirstPersonExampleMapD266756840297CA0F532A9B8EDB61D61.tmp' to '../../../../Projects/2.24/project2/space/gameDesignProject2/Content/FirstPersonBP/Maps/FirstPersonExampleMap.umap'
[2020.03.11-01.34.24:679][789]LogFileHelpers: Saving map 'FirstPersonExampleMap' took 0.713
[2020.03.11-01.34.24:711][789]LogSavePackage: Moving '../../../../Projects/2.24/project2/space/gameDesignProject2/Saved/roomMain687438084AB5514E5C81F5939A929993.tmp' to '../../../../Projects/2.24/project2/space/gameDesignProject2/Content/FirstPersonBP/Blueprints/mapObjects/roomMain.uasset'
[2020.03.11-01.34.24:837][789]LogSavePackage: Moving '../../../../Projects/2.24/project2/space/gameDesignProject2/Saved/roomStorage0E642463548E5AF3C0498F39C69577FCC.tmp' to '../../../../Projects/2.24/project2/space/gameDesignProject2/Content/FirstPersonBP/Blueprints/mapObjects/roomStorage0.uasset'
[2020.03.11-01.34.24:915][789]LogSavePackage: Moving '../../../../Projects/2.24/project2/space/gameDesignProject2/Saved/roomStorage1F9114DAE48A342BEAA8D17B972219868.tmp' to '../../../../Projects/2.24/project2/space/gameDesignProject2/Content/FirstPersonBP/Blueprints/mapObjects/roomStorage1.uasset'
[2020.03.11-01.34.32:168][201]LogSlate: FSceneViewport::OnFocusLost() reason 2
[2020.03.11-01.34.43:778][293]LogSlate: FSceneViewport::OnFocusLost() reason 2
[2020.03.11-01.36.04:324][999]LogSlate: FSceneViewport::OnFocusLost() reason 2
[2020.03.11-01.36.12:108][187]LogSlate: FSceneViewport::OnFocusLost() reason 0
[2020.03.11-01.36.13:189][205]LogSlate: FSceneViewport::OnFocusLost() reason 2
[2020.03.11-01.36.16:253][286]LogSlate: FSceneViewport::OnFocusLost() reason 2
[2020.03.11-01.36.16:893][306]LogSlate: FSceneViewport::OnFocusLost() reason 2
[2020.03.11-01.36.51:004][303]LogSlate: FSceneViewport::OnFocusLost() reason 2
[2020.03.11-01.38.00:069][207]LogSlate: FSceneViewport::OnFocusLost() reason 0
[2020.03.11-01.38.13:220][951]LogSlate: FSceneViewport::OnFocusLost() reason 2
[2020.03.11-01.38.37:921][664]LogSlate: FSceneViewport::OnFocusLost() reason 0
[2020.03.11-01.38.44:999][ 43]LogSlate: FSceneViewport::OnFocusLost() reason 2
[2020.03.11-01.38.57:147][360]LogSlate: FSceneViewport::OnFocusLost() reason 0
[2020.03.11-01.39.05:547][746]LogSlate: FSceneViewport::OnFocusLost() reason 2
[2020.03.11-01.39.19:191][126]LogSlate: FSceneViewport::OnFocusLost() reason 0
[2020.03.11-01.39.20:178][142]LogEditorViewport: Clicking on Actor (LMB): roomStorage0_C (roomStorage0)
[2020.03.11-01.39.21:444][190]LogEditorViewport: Clicking on Actor (LMB): BP_Sky_Sphere_C (SkySphereBlueprint)
[2020.03.11-01.39.34:034][918]LogSlate: FSceneViewport::OnFocusLost() reason 0
[2020.03.11-01.39.37:650][981]LogSlate: FSceneViewport::OnFocusLost() reason 2
[2020.03.11-01.39.39:238][  6]LogUObjectHash: Compacting FUObjectHashTables data took   5.88ms
[2020.03.11-01.39.39:246][  6]LogSlate: FSceneViewport::OnFocusLost() reason 2
[2020.03.11-01.39.39:282][  6]LogUObjectHash: Compacting FUObjectHashTables data took   0.85ms
[2020.03.11-01.39.40:009][  6]LogSavePackage: Moving '../../../../Projects/2.24/project2/space/gameDesignProject2/Saved/FirstPersonExampleMap80C5D4F8436BADBFDC62EC844D1234A0.tmp' to '../../../../Projects/2.24/project2/space/gameDesignProject2/Content/FirstPersonBP/Maps/FirstPersonExampleMap.umap'
[2020.03.11-01.39.40:033][  6]LogFileHelpers: Saving map 'FirstPersonExampleMap' took 0.781
[2020.03.11-01.39.40:115][  6]LogSavePackage: Moving '../../../../Projects/2.24/project2/space/gameDesignProject2/Saved/roomStorage04EA19BC1453CE788707333A56DB50FA9.tmp' to '../../../../Projects/2.24/project2/space/gameDesignProject2/Content/FirstPersonBP/Blueprints/mapObjects/roomStorage0.uasset'
[2020.03.11-01.39.40:196][  6]LogSavePackage: Moving '../../../../Projects/2.24/project2/space/gameDesignProject2/Saved/roomStorage1A188698A40BCE4088210C8A6D0E1AF12.tmp' to '../../../../Projects/2.24/project2/space/gameDesignProject2/Content/FirstPersonBP/Blueprints/mapObjects/roomStorage1.uasset'
[2020.03.11-01.39.40:893][ 49]LogSlate: FSceneViewport::OnFocusLost() reason 0
